Log file open, 08/04/22 21:31:24
LogWindows: Failed to load 'aqProf.dll' (GetLastError=126)
LogWindows: File 'aqProf.dll' does not exist
LogWindows: Failed to load 'VtuneApi.dll' (GetLastError=126)
LogWindows: File 'VtuneApi.dll' does not exist
LogWindows: Failed to load 'VtuneApi32e.dll' (GetLastError=126)
LogWindows: File 'VtuneApi32e.dll' does not exist
LogConsoleResponse: Display: Failed to find resolution value strings in scalability ini. Falling back to default.
LogConsoleResponse: Display: Failed to find resolution value strings in scalability ini. Falling back to default.
LogInit: Display: Running engine for game: ShootThemUp
LogPlatformFile: Not using cached read wrapper
LogTaskGraph: Started task graph with 5 named threads and 11 total threads with 3 sets of task threads.
LogStats: Stats thread started at 2.383342
LogICUInternationalization: ICU TimeZone Detection - Raw Offset: +3:00, Platform Override: ''
LogInit: Display: Loading text-based GConfig....
LogPluginManager: Mounting plugin MeshPainting
LogPluginManager: Mounting plugin XGEController
LogPluginManager: Mounting plugin LiveLink
LogPluginManager: Mounting plugin Paper2D
LogPluginManager: Mounting plugin LightPropagationVolume
LogPluginManager: Mounting plugin GameplayCameras
LogPluginManager: Mounting plugin CameraShakePreviewer
LogPluginManager: Mounting plugin OodleData
LogPluginManager: Mounting plugin OodleNetwork
LogPluginManager: Mounting plugin AnimationSharing
LogPluginManager: Mounting plugin CLionSourceCodeAccess
LogPluginManager: Mounting plugin CodeLiteSourceCodeAccess
LogPluginManager: Mounting plugin GitSourceControl
LogPluginManager: Mounting plugin KDevelopSourceCodeAccess
LogPluginManager: Mounting plugin NullSourceCodeAccess
LogPluginManager: Mounting plugin PerforceSourceControl
LogPluginManager: Mounting plugin PixWinPlugin
LogPluginManager: Mounting plugin PlasticSourceControl
LogPluginManager: Mounting plugin PluginUtils
LogPluginManager: Mounting plugin PropertyAccessNode
LogPluginManager: Mounting plugin RiderSourceCodeAccess
LogPluginManager: Mounting plugin SubversionSourceControl
LogPluginManager: Mounting plugin TextureFormatOodle
LogPluginManager: Mounting plugin VisualStudioSourceCodeAccess
LogPluginManager: Mounting plugin XCodeSourceCodeAccess
LogPluginManager: Mounting plugin AssetManagerEditor
LogPluginManager: Mounting plugin VisualStudioCodeSourceCodeAccess
LogPluginManager: Mounting plugin CryptoKeys
LogPluginManager: Mounting plugin DataValidation
LogPluginManager: Mounting plugin CurveEditorTools
LogPluginManager: Mounting plugin FacialAnimation
LogPluginManager: Mounting plugin GameplayTagsEditor
LogPluginManager: Mounting plugin GeometryMode
LogPluginManager: Mounting plugin MacGraphicsSwitching
LogPluginManager: Mounting plugin MaterialAnalyzer
LogPluginManager: Mounting plugin MobileLauncherProfileWizard
LogPluginManager: Mounting plugin PluginBrowser
LogPluginManager: Mounting plugin SpeedTreeImporter
LogPluginManager: Mounting plugin DatasmithContent
LogPluginManager: Mounting plugin AISupport
LogPluginManager: Mounting plugin VariantManagerContent
LogPluginManager: Mounting plugin EnvironmentQueryEditor
LogPluginManager: Mounting plugin AlembicImporter
LogPluginManager: Mounting plugin AutomationUtils
LogPluginManager: Mounting plugin BackChannel
LogPluginManager: Mounting plugin ChaosCloth
LogPluginManager: Mounting plugin ChaosClothEditor
LogPluginManager: Mounting plugin ChaosEditor
LogPluginManager: Mounting plugin ChaosNiagara
LogPluginManager: Mounting plugin ChaosSolverPlugin
LogPluginManager: Mounting plugin CharacterAI
LogPluginManager: Mounting plugin GeometryCache
LogPluginManager: Mounting plugin GeometryCollectionPlugin
LogPluginManager: Mounting plugin Niagara
LogPluginManager: Mounting plugin GeometryProcessing
LogPluginManager: Mounting plugin MotoSynth
LogPluginManager: Mounting plugin OpenImageDenoise
LogPluginManager: Mounting plugin PlanarCut
LogPluginManager: Mounting plugin PlatformCrypto
LogPluginManager: Mounting plugin ProxyLODPlugin
LogPluginManager: Mounting plugin PythonScriptPlugin
LogPluginManager: Mounting plugin UObjectPlugin
LogPluginManager: Mounting plugin SkeletalReduction
LogPluginManager: Mounting plugin LuminPlatformFeatures
LogPluginManager: Mounting plugin MagicLeap
LogPluginManager: Mounting plugin MagicLeapLightEstimation
LogPluginManager: Mounting plugin MagicLeapMedia
LogPluginManager: Mounting plugin MagicLeapPassableWorld
LogPluginManager: Mounting plugin MLSDK
LogPluginManager: Mounting plugin AndroidMedia
LogPluginManager: Mounting plugin AvfMedia
LogPluginManager: Mounting plugin ImgMedia
LogPluginManager: Mounting plugin MediaCompositing
LogPluginManager: Mounting plugin MediaPlayerEditor
LogPluginManager: Mounting plugin WebMMedia
LogPluginManager: Mounting plugin WmfMedia
LogPluginManager: Mounting plugin TcpMessaging
LogPluginManager: Mounting plugin UdpMessaging
LogPluginManager: Mounting plugin OnlineSubsystem
LogPluginManager: Mounting plugin OnlineSubsystemNull
LogPluginManager: Mounting plugin OnlineSubsystemUtils
LogPluginManager: Mounting plugin AndroidDeviceProfileSelector
LogPluginManager: Mounting plugin AndroidMoviePlayer
LogPluginManager: Mounting plugin AndroidPermission
LogPluginManager: Mounting plugin AppleImageUtils
LogPluginManager: Mounting plugin AppleMoviePlayer
LogPluginManager: Mounting plugin ArchVisCharacter
LogPluginManager: Mounting plugin AssetTags
LogPluginManager: Mounting plugin AudioCapture
LogPluginManager: Mounting plugin AudioSynesthesia
LogPluginManager: Mounting plugin CableComponent
LogPluginManager: Mounting plugin ChunkDownloader
LogPluginManager: Mounting plugin CustomMeshComponent
LogPluginManager: Mounting plugin EditableMesh
LogPluginManager: Mounting plugin ExampleDeviceProfileSelector
LogPluginManager: Mounting plugin ActorLayerUtilities
LogPluginManager: Mounting plugin GoogleCloudMessaging
LogPluginManager: Mounting plugin GooglePAD
LogPluginManager: Mounting plugin ActorSequence
LogPluginManager: Mounting plugin LevelSequenceEditor
LogPluginManager: Mounting plugin MatineeToLevelSequence
LogPluginManager: Mounting plugin TemplateSequence
LogPluginManager: Mounting plugin LinuxDeviceProfileSelector
LogPluginManager: Mounting plugin LocationServicesBPLibrary
LogPluginManager: Mounting plugin MobilePatchingUtils
LogPluginManager: Mounting plugin OpenXR
LogPluginManager: Mounting plugin OpenXREyeTracker
LogPluginManager: Mounting plugin OpenXRHandTracking
LogPluginManager: Mounting plugin PhysXVehicles
LogPluginManager: Mounting plugin PostSplashScreen
LogPluginManager: Mounting plugin ProceduralMeshComponent
LogPluginManager: Mounting plugin PropertyAccessEditor
LogPluginManager: Mounting plugin RuntimePhysXCooking
LogPluginManager: Mounting plugin SignificanceManager
LogPluginManager: Mounting plugin SoundFields
LogPluginManager: Mounting plugin Synthesis
LogPluginManager: Mounting plugin WebMMoviePlayer
LogPluginManager: Mounting plugin WindowsMoviePlayer
LogPluginManager: Mounting plugin ScreenshotTools
LogPluginManager: Mounting plugin Takes
LogPluginManager: Mounting plugin LauncherChunkInstaller
LogPluginManager: Mounting plugin IOSDeviceProfileSelector
LogPluginManager: Mounting plugin ContentBrowserAssetDataSource
LogPluginManager: Mounting plugin ContentBrowserClassDataSource
LogPluginManager: Mounting plugin ContentBrowserFileDataSource
LogPluginManager: Mounting plugin OnlineSubsystemGooglePlay
LogPluginManager: Mounting plugin OnlineSubsystemIOS
LogPluginManager: Mounting plugin OculusVR
LogPluginManager: Mounting plugin SteamVR
PixWinPlugin: PIX capture plugin failed to initialize! Check that the process is launched from PIX.
LogInit: Using libcurl 7.55.1-DEV
LogInit:  - built for x86_64-pc-win32
LogInit:  - supports SSL with OpenSSL/1.1.1
LogInit:  - supports HTTP deflate (compression) using libz 1.2.8
LogInit:  - other features:
LogInit:      CURL_VERSION_SSL
LogInit:      CURL_VERSION_LIBZ
LogInit:      CURL_VERSION_IPV6
LogInit:      CURL_VERSION_ASYNCHDNS
LogInit:      CURL_VERSION_LARGEFILE
LogInit:      CURL_VERSION_IDN
LogInit:  CurlRequestOptions (configurable via config and command line):
LogInit:  - bVerifyPeer = true  - Libcurl will verify peer certificate
LogInit:  - bUseHttpProxy = false  - Libcurl will NOT use HTTP proxy
LogInit:  - bDontReuseConnections = false  - Libcurl will reuse connections
LogInit:  - MaxHostConnections = 16  - Libcurl will limit the number of connections to a host
LogInit:  - LocalHostAddr = Default
LogInit:  - BufferSize = 65536
LogOnline: OSS: Creating online subsystem instance for: NULL
LogInit: WinSock: version 1.1 (2.2), MaxSocks=32767, MaxUdp=65467
LogOnline: OSS: TryLoadSubsystemAndSetDefault: Loaded subsystem for module [NULL]
LogOculusPluginWrapper: OculusPlugin initialized successfully
LogHMD: Failed initializing OVRPlugin 1.59.0
LogInit: Build: ++UE4+Release-4.27-CL-18319896
LogInit: Engine Version: 4.27.2-18319896+++UE4+Release-4.27
LogInit: Compatible Engine Version: 4.27.0-17155196+++UE4+Release-4.27
LogInit: Net CL: 17155196
LogInit: OS: Windows 10 (Release 2009) (), CPU: Intel(R) Core(TM) i3-8130U CPU @ 2.20GHz, GPU: Intel(R) UHD Graphics 620
LogInit: Compiled (64-bit): Nov 30 2021 07:12:08
LogInit: Compiled with Visual C++: 19.24.28315.00
LogInit: Build Configuration: Development
LogInit: Branch Name: ++UE4+Release-4.27
LogInit: Command Line:  -skipcompile
LogInit: Base Directory: C:/Program Files/Epic Games/UE_4.27/Engine/Binaries/Win64/
LogInit: Allocator: TBB
LogInit: Installed Engine Build: 1
LogDevObjectVersion: Number of dev versions registered: 29
LogDevObjectVersion:   Dev-Blueprints (B0D832E4-1F89-4F0D-ACCF-7EB736FD4AA2): 10
LogDevObjectVersion:   Dev-Build (E1C64328-A22C-4D53-A36C-8E866417BD8C): 0
LogDevObjectVersion:   Dev-Core (375EC13C-06E4-48FB-B500-84F0262A717E): 4
LogDevObjectVersion:   Dev-Editor (E4B068ED-F494-42E9-A231-DA0B2E46BB41): 40
LogDevObjectVersion:   Dev-Framework (CFFC743F-43B0-4480-9391-14DF171D2073): 37
LogDevObjectVersion:   Dev-Mobile (B02B49B5-BB20-44E9-A304-32B752E40360): 3
LogDevObjectVersion:   Dev-Networking (A4E4105C-59A1-49B5-A7C5-40C4547EDFEE): 0
LogDevObjectVersion:   Dev-Online (39C831C9-5AE6-47DC-9A44-9C173E1C8E7C): 0
LogDevObjectVersion:   Dev-Physics (78F01B33-EBEA-4F98-B9B4-84EACCB95AA2): 14
LogDevObjectVersion:   Dev-Platform (6631380F-2D4D-43E0-8009-CF276956A95A): 0
LogDevObjectVersion:   Dev-Rendering (12F88B9F-8875-4AFC-A67C-D90C383ABD29): 45
LogDevObjectVersion:   Dev-Sequencer (7B5AE74C-D270-4C10-A958-57980B212A5A): 13
LogDevObjectVersion:   Dev-VR (D7296918-1DD6-4BDD-9DE2-64A83CC13884): 3
LogDevObjectVersion:   Dev-LoadTimes (C2A15278-BFE7-4AFE-6C17-90FF531DF755): 1
LogDevObjectVersion:   Private-Geometry (6EACA3D4-40EC-4CC1-B786-8BED09428FC5): 3
LogDevObjectVersion:   Dev-AnimPhys (29E575DD-E0A3-4627-9D10-D276232CDCEA): 17
LogDevObjectVersion:   Dev-Anim (AF43A65D-7FD3-4947-9873-3E8ED9C1BB05): 15
LogDevObjectVersion:   Dev-ReflectionCapture (6B266CEC-1EC7-4B8F-A30B-E4D90942FC07): 1
LogDevObjectVersion:   Dev-Automation (0DF73D61-A23F-47EA-B727-89E90C41499A): 1
LogDevObjectVersion:   FortniteMain (601D1886-AC64-4F84-AA16-D3DE0DEAC7D6): 47
LogDevObjectVersion:   FortniteRelease (E7086368-6B23-4C58-8439-1B7016265E91): 1
LogDevObjectVersion:   Dev-Enterprise (9DFFBCD6-494F-0158-E221-12823C92A888): 10
LogDevObjectVersion:   Dev-Niagara (F2AED0AC-9AFE-416F-8664-AA7FFA26D6FC): 1
LogDevObjectVersion:   Dev-Destruction (174F1F0B-B4C6-45A5-B13F-2EE8D0FB917D): 10
LogDevObjectVersion:   Dev-Physics-Ext (35F94A83-E258-406C-A318-09F59610247C): 41
LogDevObjectVersion:   Dev-PhysicsMaterial-Chaos (B68FC16E-8B1B-42E2-B453-215C058844FE): 1
LogDevObjectVersion:   Dev-CineCamera (B2E18506-4273-CFC2-A54E-F4BB758BBA07): 1
LogDevObjectVersion:   Dev-VirtualProduction (64F58936-FD1B-42BA-BA96-7289D5D0FA4E): 1
LogDevObjectVersion:   Dev-MediaFramework (6F0ED827-A609-4895-9C91-998D90180EA4): 2
LogInit: Presizing for max 25165824 objects, including 0 objects not considered by GC, pre-allocating 0 bytes for permanent pool.
LogConfig: Applying CVar settings from Section [/Script/Engine.StreamingSettings] File [D:/Work/Learning/ue4_shoot_them_up/ShootThemUp/Saved/Config/Windows/Engine.ini]
LogConfig: Setting CVar [[s.MinBulkDataSizeForAsyncLoading:131072]]
LogConfig: Setting CVar [[s.AsyncLoadingThreadEnabled:0]]
LogConfig: Setting CVar [[s.EventDrivenLoaderEnabled:1]]
LogConfig: Setting CVar [[s.WarnIfTimeLimitExceeded:0]]
LogConfig: Setting CVar [[s.TimeLimitExceededMultiplier:1.5]]
LogConfig: Setting CVar [[s.TimeLimitExceededMinTime:0.005]]
LogConfig: Setting CVar [[s.UseBackgroundLevelStreaming:1]]
LogConfig: Setting CVar [[s.PriorityAsyncLoadingExtraTime:15.0]]
LogConfig: Setting CVar [[s.LevelStreamingActorsUpdateTimeLimit:5.0]]
LogConfig: Setting CVar [[s.PriorityLevelStreamingActorsUpdateExtraTime:5.0]]
LogConfig: Setting CVar [[s.LevelStreamingComponentsRegistrationGranularity:10]]
LogConfig: Setting CVar [[s.UnregisterComponentsTimeLimit:1.0]]
LogConfig: Setting CVar [[s.LevelStreamingComponentsUnregistrationGranularity:5]]
LogConfig: Setting CVar [[s.FlushStreamingOnExit:1]]
LogInit: Object subsystem initialized
LogConfig: Setting CVar [[con.DebugEarlyDefault:1]]
LogConfig: Setting CVar [[r.setres:1280x720]]
[2022.08.04-18.31.25:688][  0]LogConfig: Setting CVar [[r.VSync:0]]
[2022.08.04-18.31.25:688][  0]LogConfig: Setting CVar [[r.RHICmdBypass:0]]
[2022.08.04-18.31.25:688][  0]LogConfig: Applying CVar settings from Section [/Script/Engine.RendererSettings] File [D:/Work/Learning/ue4_shoot_them_up/ShootThemUp/Saved/Config/Windows/Engine.ini]
[2022.08.04-18.31.25:688][  0]LogConfig: Setting CVar [[r.GPUCrashDebugging:0]]
[2022.08.04-18.31.25:688][  0]LogConfig: Applying CVar settings from Section [/Script/Engine.RendererOverrideSettings] File [D:/Work/Learning/ue4_shoot_them_up/ShootThemUp/Saved/Config/Windows/Engine.ini]
[2022.08.04-18.31.25:688][  0]LogConfig: Applying CVar settings from Section [/Script/Engine.StreamingSettings] File [D:/Work/Learning/ue4_shoot_them_up/ShootThemUp/Saved/Config/Windows/Engine.ini]
[2022.08.04-18.31.25:688][  0]LogConfig: Setting CVar [[s.MinBulkDataSizeForAsyncLoading:131072]]
[2022.08.04-18.31.25:688][  0]LogConfig: Setting CVar [[s.AsyncLoadingThreadEnabled:0]]
[2022.08.04-18.31.25:688][  0]LogConfig: Setting CVar [[s.EventDrivenLoaderEnabled:1]]
[2022.08.04-18.31.25:689][  0]LogConfig: Setting CVar [[s.WarnIfTimeLimitExceeded:0]]
[2022.08.04-18.31.25:689][  0]LogConfig: Setting CVar [[s.TimeLimitExceededMultiplier:1.5]]
[2022.08.04-18.31.25:689][  0]LogConfig: Setting CVar [[s.TimeLimitExceededMinTime:0.005]]
[2022.08.04-18.31.25:689][  0]LogConfig: Setting CVar [[s.UseBackgroundLevelStreaming:1]]
[2022.08.04-18.31.25:689][  0]LogConfig: Setting CVar [[s.PriorityAsyncLoadingExtraTime:15.0]]
[2022.08.04-18.31.25:689][  0]LogConfig: Setting CVar [[s.LevelStreamingActorsUpdateTimeLimit:5.0]]
[2022.08.04-18.31.25:689][  0]LogConfig: Setting CVar [[s.PriorityLevelStreamingActorsUpdateExtraTime:5.0]]
[2022.08.04-18.31.25:689][  0]LogConfig: Setting CVar [[s.LevelStreamingComponentsRegistrationGranularity:10]]
[2022.08.04-18.31.25:689][  0]LogConfig: Setting CVar [[s.UnregisterComponentsTimeLimit:1.0]]
[2022.08.04-18.31.25:689][  0]LogConfig: Setting CVar [[s.LevelStreamingComponentsUnregistrationGranularity:5]]
[2022.08.04-18.31.25:689][  0]LogConfig: Setting CVar [[s.FlushStreamingOnExit:1]]
[2022.08.04-18.31.25:689][  0]LogConfig: Applying CVar settings from Section [/Script/Engine.GarbageCollectionSettings] File [D:/Work/Learning/ue4_shoot_them_up/ShootThemUp/Saved/Config/Windows/Engine.ini]
[2022.08.04-18.31.25:689][  0]LogConfig: Setting CVar [[gc.MaxObjectsNotConsideredByGC:1]]
[2022.08.04-18.31.25:689][  0]LogConfig: Setting CVar [[gc.SizeOfPermanentObjectPool:0]]
[2022.08.04-18.31.25:689][  0]LogConfig: Setting CVar [[gc.FlushStreamingOnGC:0]]
[2022.08.04-18.31.25:689][  0]LogConfig: Setting CVar [[gc.NumRetriesBeforeForcingGC:10]]
[2022.08.04-18.31.25:689][  0]LogConfig: Setting CVar [[gc.AllowParallelGC:1]]
[2022.08.04-18.31.25:689][  0]LogConfig: Setting CVar [[gc.TimeBetweenPurgingPendingKillObjects:61.1]]
[2022.08.04-18.31.25:689][  0]LogConfig: Setting CVar [[gc.MaxObjectsInEditor:25165824]]
[2022.08.04-18.31.25:689][  0]LogConfig: Setting CVar [[gc.IncrementalBeginDestroyEnabled:1]]
[2022.08.04-18.31.25:689][  0]LogConfig: Setting CVar [[gc.CreateGCClusters:1]]
[2022.08.04-18.31.25:689][  0]LogConfig: Setting CVar [[gc.MinGCClusterSize:5]]
[2022.08.04-18.31.25:689][  0]LogConfig: Setting CVar [[gc.ActorClusteringEnabled:0]]
[2022.08.04-18.31.25:689][  0]LogConfig: Setting CVar [[gc.BlueprintClusteringEnabled:0]]
[2022.08.04-18.31.25:689][  0]LogConfig: Setting CVar [[gc.UseDisregardForGCOnDedicatedServers:0]]
[2022.08.04-18.31.25:689][  0]LogConfig: Setting CVar [[gc.MultithreadedDestructionEnabled:1]]
[2022.08.04-18.31.25:689][  0]LogConfig: Applying CVar settings from Section [/Script/Engine.NetworkSettings] File [D:/Work/Learning/ue4_shoot_them_up/ShootThemUp/Saved/Config/Windows/Engine.ini]
[2022.08.04-18.31.25:689][  0]LogConfig: Applying CVar settings from Section [/Script/UnrealEd.CookerSettings] File [D:/Work/Learning/ue4_shoot_them_up/ShootThemUp/Saved/Config/Windows/Engine.ini]
[2022.08.04-18.31.25:702][  0]LogConfig: Applying CVar settings from Section [ViewDistanceQuality@3] File [D:/Work/Learning/ue4_shoot_them_up/ShootThemUp/Saved/Config/Windows/Scalability.ini]
[2022.08.04-18.31.25:702][  0]LogConfig: Setting CVar [[r.SkeletalMeshLODBias:0]]
[2022.08.04-18.31.25:702][  0]LogConfig: Setting CVar [[r.ViewDistanceScale:1.0]]
[2022.08.04-18.31.25:702][  0]LogConfig: Applying CVar settings from Section [AntiAliasingQuality@3] File [D:/Work/Learning/ue4_shoot_them_up/ShootThemUp/Saved/Config/Windows/Scalability.ini]
[2022.08.04-18.31.25:702][  0]LogConfig: Setting CVar [[r.PostProcessAAQuality:4]]
[2022.08.04-18.31.25:702][  0]LogConfig: Applying CVar settings from Section [ShadowQuality@3] File [D:/Work/Learning/ue4_shoot_them_up/ShootThemUp/Saved/Config/Windows/Scalability.ini]
[2022.08.04-18.31.25:702][  0]LogConfig: Setting CVar [[r.LightFunctionQuality:1]]
[2022.08.04-18.31.25:702][  0]LogConfig: Setting CVar [[r.ShadowQuality:5]]
[2022.08.04-18.31.25:702][  0]LogConfig: Setting CVar [[r.Shadow.CSM.MaxCascades:10]]
[2022.08.04-18.31.25:702][  0]LogConfig: Setting CVar [[r.Shadow.MaxResolution:2048]]
[2022.08.04-18.31.25:702][  0]LogConfig: Setting CVar [[r.Shadow.MaxCSMResolution:2048]]
[2022.08.04-18.31.25:702][  0]LogConfig: Setting CVar [[r.Shadow.RadiusThreshold:0.01]]
[2022.08.04-18.31.25:702][  0]LogConfig: Setting CVar [[r.Shadow.DistanceScale:1.0]]
[2022.08.04-18.31.25:702][  0]LogConfig: Setting CVar [[r.Shadow.CSM.TransitionScale:1.0]]
[2022.08.04-18.31.25:702][  0]LogConfig: Setting CVar [[r.Shadow.PreShadowResolutionFactor:1.0]]
[2022.08.04-18.31.25:702][  0]LogConfig: Setting CVar [[r.DistanceFieldShadowing:1]]
[2022.08.04-18.31.25:702][  0]LogConfig: Setting CVar [[r.DistanceFieldAO:1]]
[2022.08.04-18.31.25:702][  0]LogConfig: Setting CVar [[r.AOQuality:2]]
[2022.08.04-18.31.25:702][  0]LogConfig: Setting CVar [[r.VolumetricFog:1]]
[2022.08.04-18.31.25:702][  0]LogConfig: Setting CVar [[r.VolumetricFog.GridPixelSize:8]]
[2022.08.04-18.31.25:702][  0]LogConfig: Setting CVar [[r.VolumetricFog.GridSizeZ:128]]
[2022.08.04-18.31.25:702][  0]LogConfig: Setting CVar [[r.VolumetricFog.HistoryMissSupersampleCount:4]]
[2022.08.04-18.31.25:702][  0]LogConfig: Setting CVar [[r.LightMaxDrawDistanceScale:1]]
[2022.08.04-18.31.25:702][  0]LogConfig: Setting CVar [[r.CapsuleShadows:1]]
[2022.08.04-18.31.25:702][  0]LogConfig: Applying CVar settings from Section [PostProcessQuality@3] File [D:/Work/Learning/ue4_shoot_them_up/ShootThemUp/Saved/Config/Windows/Scalability.ini]
[2022.08.04-18.31.25:702][  0]LogConfig: Setting CVar [[r.MotionBlurQuality:4]]
[2022.08.04-18.31.25:702][  0]LogConfig: Setting CVar [[r.AmbientOcclusionMipLevelFactor:0.4]]
[2022.08.04-18.31.25:702][  0]LogConfig: Setting CVar [[r.AmbientOcclusionMaxQuality:100]]
[2022.08.04-18.31.25:702][  0]LogConfig: Setting CVar [[r.AmbientOcclusionLevels:-1]]
[2022.08.04-18.31.25:702][  0]LogConfig: Setting CVar [[r.AmbientOcclusionRadiusScale:1.0]]
[2022.08.04-18.31.25:702][  0]LogConfig: Setting CVar [[r.DepthOfFieldQuality:2]]
[2022.08.04-18.31.25:702][  0]LogConfig: Setting CVar [[r.RenderTargetPoolMin:400]]
[2022.08.04-18.31.25:702][  0]LogConfig: Setting CVar [[r.LensFlareQuality:2]]
[2022.08.04-18.31.25:702][  0]LogConfig: Setting CVar [[r.SceneColorFringeQuality:1]]
[2022.08.04-18.31.25:702][  0]LogConfig: Setting CVar [[r.EyeAdaptationQuality:2]]
[2022.08.04-18.31.25:702][  0]LogConfig: Setting CVar [[r.BloomQuality:5]]
[2022.08.04-18.31.25:703][  0]LogConfig: Setting CVar [[r.FastBlurThreshold:100]]
[2022.08.04-18.31.25:703][  0]LogConfig: Setting CVar [[r.Upscale.Quality:3]]
[2022.08.04-18.31.25:703][  0]LogConfig: Setting CVar [[r.Tonemapper.GrainQuantization:1]]
[2022.08.04-18.31.25:703][  0]LogConfig: Setting CVar [[r.LightShaftQuality:1]]
[2022.08.04-18.31.25:703][  0]LogConfig: Setting CVar [[r.Filter.SizeScale:1]]
[2022.08.04-18.31.25:703][  0]LogConfig: Setting CVar [[r.Tonemapper.Quality:5]]
[2022.08.04-18.31.25:703][  0]LogConfig: Setting CVar [[r.DOF.Gather.AccumulatorQuality:1        ; higher gathering accumulator quality]]
[2022.08.04-18.31.25:703][  0]LogConfig: Setting CVar [[r.DOF.Gather.PostfilterMethod:1          ; Median3x3 postfilering method]]
[2022.08.04-18.31.25:703][  0]LogConfig: Setting CVar [[r.DOF.Gather.EnableBokehSettings:0       ; no bokeh simulation when gathering]]
[2022.08.04-18.31.25:703][  0]LogConfig: Setting CVar [[r.DOF.Gather.RingCount:4                 ; medium number of samples when gathering]]
[2022.08.04-18.31.25:703][  0]LogConfig: Setting CVar [[r.DOF.Scatter.ForegroundCompositing:1    ; additive foreground scattering]]
[2022.08.04-18.31.25:703][  0]LogConfig: Setting CVar [[r.DOF.Scatter.BackgroundCompositing:2    ; additive background scattering]]
[2022.08.04-18.31.25:703][  0]LogConfig: Setting CVar [[r.DOF.Scatter.EnableBokehSettings:1      ; bokeh simulation when scattering]]
[2022.08.04-18.31.25:703][  0]LogConfig: Setting CVar [[r.DOF.Scatter.MaxSpriteRatio:0.1         ; only a maximum of 10% of scattered bokeh]]
[2022.08.04-18.31.25:703][  0]LogConfig: Setting CVar [[r.DOF.Recombine.Quality:1                ; cheap slight out of focus]]
[2022.08.04-18.31.25:703][  0]LogConfig: Setting CVar [[r.DOF.Recombine.EnableBokehSettings:0    ; no bokeh simulation on slight out of focus]]
[2022.08.04-18.31.25:703][  0]LogConfig: Setting CVar [[r.DOF.TemporalAAQuality:1                ; more stable temporal accumulation]]
[2022.08.04-18.31.25:703][  0]LogConfig: Setting CVar [[r.DOF.Kernel.MaxForegroundRadius:0.025]]
[2022.08.04-18.31.25:703][  0]LogConfig: Setting CVar [[r.DOF.Kernel.MaxBackgroundRadius:0.025]]
[2022.08.04-18.31.25:703][  0]LogConfig: Applying CVar settings from Section [TextureQuality@3] File [D:/Work/Learning/ue4_shoot_them_up/ShootThemUp/Saved/Config/Windows/Scalability.ini]
[2022.08.04-18.31.25:703][  0]LogConfig: Setting CVar [[r.Streaming.MipBias:0]]
[2022.08.04-18.31.25:703][  0]LogConfig: Setting CVar [[r.Streaming.AmortizeCPUToGPUCopy:0]]
[2022.08.04-18.31.25:703][  0]LogConfig: Setting CVar [[r.Streaming.MaxNumTexturesToStreamPerFrame:0]]
[2022.08.04-18.31.25:703][  0]LogConfig: Setting CVar [[r.Streaming.Boost:1]]
[2022.08.04-18.31.25:703][  0]LogConfig: Setting CVar [[r.MaxAnisotropy:8]]
[2022.08.04-18.31.25:703][  0]LogConfig: Setting CVar [[r.VT.MaxAnisotropy:8]]
[2022.08.04-18.31.25:703][  0]LogConfig: Setting CVar [[r.Streaming.LimitPoolSizeToVRAM:0]]
[2022.08.04-18.31.25:703][  0]LogConfig: Setting CVar [[r.Streaming.PoolSize:1000]]
[2022.08.04-18.31.25:703][  0]LogConfig: Setting CVar [[r.Streaming.MaxEffectiveScreenSize:0]]
[2022.08.04-18.31.25:703][  0]LogConfig: Applying CVar settings from Section [EffectsQuality@3] File [D:/Work/Learning/ue4_shoot_them_up/ShootThemUp/Saved/Config/Windows/Scalability.ini]
[2022.08.04-18.31.25:703][  0]LogConfig: Setting CVar [[r.TranslucencyLightingVolumeDim:64]]
[2022.08.04-18.31.25:703][  0]LogConfig: Setting CVar [[r.RefractionQuality:2]]
[2022.08.04-18.31.25:703][  0]LogConfig: Setting CVar [[r.SSR.Quality:3]]
[2022.08.04-18.31.25:703][  0]LogConfig: Setting CVar [[r.SSR.HalfResSceneColor:0]]
[2022.08.04-18.31.25:703][  0]LogConfig: Setting CVar [[r.SceneColorFormat:4]]
[2022.08.04-18.31.25:703][  0]LogConfig: Setting CVar [[r.DetailMode:2]]
[2022.08.04-18.31.25:703][  0]LogConfig: Setting CVar [[r.TranslucencyVolumeBlur:1]]
[2022.08.04-18.31.25:703][  0]LogConfig: Setting CVar [[r.MaterialQualityLevel:1 ; High quality]]
[2022.08.04-18.31.25:703][  0]LogConfig: Setting CVar [[r.AnisotropicMaterials:1]]
[2022.08.04-18.31.25:703][  0]LogConfig: Setting CVar [[r.SSS.Scale:1]]
[2022.08.04-18.31.25:703][  0]LogConfig: Setting CVar [[r.SSS.SampleSet:2]]
[2022.08.04-18.31.25:704][  0]LogConfig: Setting CVar [[r.SSS.Quality:1]]
[2022.08.04-18.31.25:704][  0]LogConfig: Setting CVar [[r.SSS.HalfRes:0]]
[2022.08.04-18.31.25:704][  0]LogConfig: Setting CVar [[r.SSGI.Quality:3]]
[2022.08.04-18.31.25:704][  0]LogConfig: Setting CVar [[r.EmitterSpawnRateScale:1.0]]
[2022.08.04-18.31.25:704][  0]LogConfig: Setting CVar [[r.ParticleLightQuality:2]]
[2022.08.04-18.31.25:704][  0]LogConfig: Setting CVar [[r.SkyAtmosphere.AerialPerspectiveLUT.FastApplyOnOpaque:1 ; Always have FastSkyLUT 1 in this case to avoid wrong sky]]
[2022.08.04-18.31.25:704][  0]LogConfig: Setting CVar [[r.SkyAtmosphere.AerialPerspectiveLUT.SampleCountMaxPerSlice:4]]
[2022.08.04-18.31.25:704][  0]LogConfig: Setting CVar [[r.SkyAtmosphere.AerialPerspectiveLUT.DepthResolution:16.0]]
[2022.08.04-18.31.25:704][  0]LogConfig: Setting CVar [[r.SkyAtmosphere.FastSkyLUT:1]]
[2022.08.04-18.31.25:704][  0]LogConfig: Setting CVar [[r.SkyAtmosphere.FastSkyLUT.SampleCountMin:4.0]]
[2022.08.04-18.31.25:704][  0]LogConfig: Setting CVar [[r.SkyAtmosphere.FastSkyLUT.SampleCountMax:128.0]]
[2022.08.04-18.31.25:704][  0]LogConfig: Setting CVar [[r.SkyAtmosphere.SampleCountMin:4.0]]
[2022.08.04-18.31.25:704][  0]LogConfig: Setting CVar [[r.SkyAtmosphere.SampleCountMax:128.0]]
[2022.08.04-18.31.25:704][  0]LogConfig: Setting CVar [[r.SkyAtmosphere.TransmittanceLUT.UseSmallFormat:0]]
[2022.08.04-18.31.25:704][  0]LogConfig: Setting CVar [[r.SkyAtmosphere.TransmittanceLUT.SampleCount:10.0]]
[2022.08.04-18.31.25:704][  0]LogConfig: Setting CVar [[r.SkyAtmosphere.MultiScatteringLUT.SampleCount:15.0]]
[2022.08.04-18.31.25:704][  0]LogConfig: Setting CVar [[r.SkyLight.RealTimeReflectionCapture:1]]
[2022.08.04-18.31.25:704][  0]LogConfig: Applying CVar settings from Section [FoliageQuality@3] File [D:/Work/Learning/ue4_shoot_them_up/ShootThemUp/Saved/Config/Windows/Scalability.ini]
[2022.08.04-18.31.25:704][  0]LogConfig: Setting CVar [[foliage.DensityScale:1.0]]
[2022.08.04-18.31.25:704][  0]LogConfig: Setting CVar [[grass.DensityScale:1.0]]
[2022.08.04-18.31.25:704][  0]LogConfig: Applying CVar settings from Section [ShadingQuality@3] File [D:/Work/Learning/ue4_shoot_them_up/ShootThemUp/Saved/Config/Windows/Scalability.ini]
[2022.08.04-18.31.25:704][  0]LogConfig: Setting CVar [[r.HairStrands.SkyLighting.IntegrationType:2]]
[2022.08.04-18.31.25:704][  0]LogConfig: Setting CVar [[r.HairStrands.SkyAO.SampleCount:4]]
[2022.08.04-18.31.25:704][  0]LogConfig: Setting CVar [[r.HairStrands.Visibility.MSAA.SamplePerPixel:4]]
[2022.08.04-18.31.25:705][  0]LogInit: Selected Device Profile: [Windows]
[2022.08.04-18.31.25:705][  0]LogInit: Applying CVar settings loaded from the selected device profile: [Windows]
[2022.08.04-18.31.25:706][  0]LogHAL: Display: Platform has ~ 8 GB [8459096064 / 8589934592 / 8], which maps to Default [LargestMinGB=32, LargerMinGB=12, DefaultMinGB=8, SmallerMinGB=6, SmallestMinGB=0)
[2022.08.04-18.31.25:706][  0]LogInit: Going up to parent DeviceProfile []
[2022.08.04-18.31.25:707][  0]LogConfig: Applying CVar settings from Section [ViewDistanceQuality@Cine] File [D:/Work/Learning/ue4_shoot_them_up/ShootThemUp/Saved/Config/Windows/Scalability.ini]
[2022.08.04-18.31.25:707][  0]LogConfig: Setting CVar [[r.SkeletalMeshLODBias:0]]
[2022.08.04-18.31.25:707][  0]LogConfig: Setting CVar [[r.ViewDistanceScale:10.0]]
[2022.08.04-18.31.25:707][  0]LogConfig: Applying CVar settings from Section [AntiAliasingQuality@1] File [D:/Work/Learning/ue4_shoot_them_up/ShootThemUp/Saved/Config/Windows/Scalability.ini]
[2022.08.04-18.31.25:707][  0]LogConfig: Setting CVar [[r.PostProcessAAQuality:2]]
[2022.08.04-18.31.25:707][  0]LogConfig: Applying CVar settings from Section [ShadowQuality@3] File [D:/Work/Learning/ue4_shoot_them_up/ShootThemUp/Saved/Config/Windows/Scalability.ini]
[2022.08.04-18.31.25:707][  0]LogConfig: Setting CVar [[r.LightFunctionQuality:1]]
[2022.08.04-18.31.25:707][  0]LogConfig: Setting CVar [[r.ShadowQuality:5]]
[2022.08.04-18.31.25:707][  0]LogConfig: Setting CVar [[r.Shadow.CSM.MaxCascades:10]]
[2022.08.04-18.31.25:707][  0]LogConfig: Setting CVar [[r.Shadow.MaxResolution:2048]]
[2022.08.04-18.31.25:707][  0]LogConfig: Setting CVar [[r.Shadow.MaxCSMResolution:2048]]
[2022.08.04-18.31.25:707][  0]LogConfig: Setting CVar [[r.Shadow.RadiusThreshold:0.01]]
[2022.08.04-18.31.25:707][  0]LogConfig: Setting CVar [[r.Shadow.DistanceScale:1.0]]
[2022.08.04-18.31.25:707][  0]LogConfig: Setting CVar [[r.Shadow.CSM.TransitionScale:1.0]]
[2022.08.04-18.31.25:707][  0]LogConfig: Setting CVar [[r.Shadow.PreShadowResolutionFactor:1.0]]
[2022.08.04-18.31.25:707][  0]LogConfig: Setting CVar [[r.DistanceFieldShadowing:1]]
[2022.08.04-18.31.25:707][  0]LogConfig: Setting CVar [[r.DistanceFieldAO:1]]
[2022.08.04-18.31.25:707][  0]LogConfig: Setting CVar [[r.AOQuality:2]]
[2022.08.04-18.31.25:707][  0]LogConfig: Setting CVar [[r.VolumetricFog:1]]
[2022.08.04-18.31.25:707][  0]LogConfig: Setting CVar [[r.VolumetricFog.GridPixelSize:8]]
[2022.08.04-18.31.25:707][  0]LogConfig: Setting CVar [[r.VolumetricFog.GridSizeZ:128]]
[2022.08.04-18.31.25:707][  0]LogConfig: Setting CVar [[r.VolumetricFog.HistoryMissSupersampleCount:4]]
[2022.08.04-18.31.25:707][  0]LogConfig: Setting CVar [[r.LightMaxDrawDistanceScale:1]]
[2022.08.04-18.31.25:707][  0]LogConfig: Setting CVar [[r.CapsuleShadows:1]]
[2022.08.04-18.31.25:707][  0]LogConfig: Applying CVar settings from Section [PostProcessQuality@0] File [D:/Work/Learning/ue4_shoot_them_up/ShootThemUp/Saved/Config/Windows/Scalability.ini]
[2022.08.04-18.31.25:707][  0]LogConfig: Setting CVar [[r.MotionBlurQuality:0]]
[2022.08.04-18.31.25:707][  0]LogConfig: Setting CVar [[r.AmbientOcclusionMipLevelFactor:1.0]]
[2022.08.04-18.31.25:707][  0]LogConfig: Setting CVar [[r.AmbientOcclusionMaxQuality:0]]
[2022.08.04-18.31.25:707][  0]LogConfig: Setting CVar [[r.AmbientOcclusionLevels:0]]
[2022.08.04-18.31.25:707][  0]LogConfig: Setting CVar [[r.AmbientOcclusionRadiusScale:1.2]]
[2022.08.04-18.31.25:707][  0]LogConfig: Setting CVar [[r.DepthOfFieldQuality:0]]
[2022.08.04-18.31.25:708][  0]LogConfig: Setting CVar [[r.RenderTargetPoolMin:300]]
[2022.08.04-18.31.25:708][  0]LogConfig: Setting CVar [[r.LensFlareQuality:0]]
[2022.08.04-18.31.25:708][  0]LogConfig: Setting CVar [[r.SceneColorFringeQuality:0]]
[2022.08.04-18.31.25:708][  0]LogConfig: Setting CVar [[r.EyeAdaptationQuality:2]]
[2022.08.04-18.31.25:708][  0]LogConfig: Setting CVar [[r.BloomQuality:4]]
[2022.08.04-18.31.25:708][  0]LogConfig: Setting CVar [[r.FastBlurThreshold:0]]
[2022.08.04-18.31.25:708][  0]LogConfig: Setting CVar [[r.Upscale.Quality:1]]
[2022.08.04-18.31.25:708][  0]LogConfig: Setting CVar [[r.Tonemapper.GrainQuantization:0]]
[2022.08.04-18.31.25:708][  0]LogConfig: Setting CVar [[r.LightShaftQuality:0]]
[2022.08.04-18.31.25:708][  0]LogConfig: Setting CVar [[r.Filter.SizeScale:0.6]]
[2022.08.04-18.31.25:708][  0]LogConfig: Setting CVar [[r.Tonemapper.Quality:0]]
[2022.08.04-18.31.25:708][  0]LogConfig: Applying CVar settings from Section [TextureQuality@Cine] File [D:/Work/Learning/ue4_shoot_them_up/ShootThemUp/Saved/Config/Windows/Scalability.ini]
[2022.08.04-18.31.25:708][  0]LogConfig: Setting CVar [[r.Streaming.MipBias:0]]
[2022.08.04-18.31.25:708][  0]LogConfig: Setting CVar [[r.Streaming.AmortizeCPUToGPUCopy:0]]
[2022.08.04-18.31.25:708][  0]LogConfig: Setting CVar [[r.Streaming.MaxNumTexturesToStreamPerFrame:0]]
[2022.08.04-18.31.25:708][  0]LogConfig: Setting CVar [[r.Streaming.Boost:1]]
[2022.08.04-18.31.25:708][  0]LogConfig: Setting CVar [[r.MaxAnisotropy:8]]
[2022.08.04-18.31.25:708][  0]LogConfig: Setting CVar [[r.VT.MaxAnisotropy:8]]
[2022.08.04-18.31.25:708][  0]LogConfig: Setting CVar [[r.Streaming.LimitPoolSizeToVRAM:0]]
[2022.08.04-18.31.25:708][  0]LogConfig: Setting CVar [[r.Streaming.PoolSize:3000]]
[2022.08.04-18.31.25:708][  0]LogConfig: Setting CVar [[r.Streaming.MaxEffectiveScreenSize:0]]
[2022.08.04-18.31.25:708][  0]LogConfig: Applying CVar settings from Section [EffectsQuality@Cine] File [D:/Work/Learning/ue4_shoot_them_up/ShootThemUp/Saved/Config/Windows/Scalability.ini]
[2022.08.04-18.31.25:708][  0]LogConfig: Setting CVar [[r.TranslucencyLightingVolumeDim:64]]
[2022.08.04-18.31.25:708][  0]LogConfig: Setting CVar [[r.RefractionQuality:2]]
[2022.08.04-18.31.25:708][  0]LogConfig: Setting CVar [[r.SSR.Quality:4]]
[2022.08.04-18.31.25:708][  0]LogConfig: Setting CVar [[r.SSR.HalfResSceneColor:0]]
[2022.08.04-18.31.25:708][  0]LogConfig: Setting CVar [[r.SceneColorFormat:4]]
[2022.08.04-18.31.25:708][  0]LogConfig: Setting CVar [[r.DetailMode:2]]
[2022.08.04-18.31.25:708][  0]LogConfig: Setting CVar [[r.TranslucencyVolumeBlur:1]]
[2022.08.04-18.31.25:708][  0]LogConfig: Setting CVar [[r.MaterialQualityLevel:1 ; High quality]]
[2022.08.04-18.31.25:708][  0]LogConfig: Setting CVar [[r.AnisotropicMaterials:1]]
[2022.08.04-18.31.25:708][  0]LogConfig: Setting CVar [[r.SSS.Scale:1]]
[2022.08.04-18.31.25:708][  0]LogConfig: Setting CVar [[r.SSS.SampleSet:2]]
[2022.08.04-18.31.25:708][  0]LogConfig: Setting CVar [[r.SSS.Quality:1]]
[2022.08.04-18.31.25:708][  0]LogConfig: Setting CVar [[r.SSS.HalfRes:0]]
[2022.08.04-18.31.25:708][  0]LogConfig: Setting CVar [[r.SSGI.Quality:4]]
[2022.08.04-18.31.25:708][  0]LogConfig: Setting CVar [[r.EmitterSpawnRateScale:1.0]]
[2022.08.04-18.31.25:708][  0]LogConfig: Setting CVar [[r.ParticleLightQuality:2]]
[2022.08.04-18.31.25:708][  0]LogConfig: Setting CVar [[r.SkyAtmosphere.AerialPerspectiveLUT.FastApplyOnOpaque:0]]
[2022.08.04-18.31.25:708][  0]LogConfig: Setting CVar [[r.SkyAtmosphere.AerialPerspectiveLUT.SampleCountMaxPerSlice:8]]
[2022.08.04-18.31.25:708][  0]LogConfig: Setting CVar [[r.SkyAtmosphere.AerialPerspectiveLUT.DepthResolution:32.0]]
[2022.08.04-18.31.25:708][  0]LogConfig: Setting CVar [[r.SkyAtmosphere.FastSkyLUT:0]]
[2022.08.04-18.31.25:708][  0]LogConfig: Setting CVar [[r.SkyAtmosphere.FastSkyLUT.SampleCountMin:4.0]]
[2022.08.04-18.31.25:708][  0]LogConfig: Setting CVar [[r.SkyAtmosphere.FastSkyLUT.SampleCountMax:256.0]]
[2022.08.04-18.31.25:709][  0]LogConfig: Setting CVar [[r.SkyAtmosphere.SampleCountMin:8.0]]
[2022.08.04-18.31.25:709][  0]LogConfig: Setting CVar [[r.SkyAtmosphere.SampleCountMax:256.0]]
[2022.08.04-18.31.25:709][  0]LogConfig: Setting CVar [[r.SkyAtmosphere.TransmittanceLUT.UseSmallFormat:0]]
[2022.08.04-18.31.25:709][  0]LogConfig: Setting CVar [[r.SkyAtmosphere.TransmittanceLUT.SampleCount:30.0]]
[2022.08.04-18.31.25:709][  0]LogConfig: Setting CVar [[r.SkyAtmosphere.MultiScatteringLUT.SampleCount:20.0]]
[2022.08.04-18.31.25:709][  0]LogConfig: Setting CVar [[r.SkyLight.RealTimeReflectionCapture:1]]
[2022.08.04-18.31.25:709][  0]LogConfig: Applying CVar settings from Section [FoliageQuality@Cine] File [D:/Work/Learning/ue4_shoot_them_up/ShootThemUp/Saved/Config/Windows/Scalability.ini]
[2022.08.04-18.31.25:709][  0]LogConfig: Setting CVar [[foliage.DensityScale:1.0]]
[2022.08.04-18.31.25:709][  0]LogConfig: Setting CVar [[grass.DensityScale:1.0]]
[2022.08.04-18.31.25:709][  0]LogConfig: Applying CVar settings from Section [ShadingQuality@Cine] File [D:/Work/Learning/ue4_shoot_them_up/ShootThemUp/Saved/Config/Windows/Scalability.ini]
[2022.08.04-18.31.25:709][  0]LogConfig: Setting CVar [[r.HairStrands.SkyLighting.IntegrationType:0]]
[2022.08.04-18.31.25:709][  0]LogConfig: Setting CVar [[r.HairStrands.SkyAO.SampleCount:8]]
[2022.08.04-18.31.25:709][  0]LogConfig: Setting CVar [[r.HairStrands.Visibility.MSAA.SamplePerPixel:8]]
[2022.08.04-18.31.25:709][  0]LogConfig: Applying CVar settings from Section [Startup] File [../../../Engine/Config/ConsoleVariables.ini]
[2022.08.04-18.31.25:710][  0]LogConfig: Setting CVar [[net.UseAdaptiveNetUpdateFrequency:0]]
[2022.08.04-18.31.25:710][  0]LogConfig: Setting CVar [[p.chaos.AllowCreatePhysxBodies:1]]
[2022.08.04-18.31.25:710][  0]LogConfig: Setting CVar [[fx.SkipVectorVMBackendOptimizations:1]]
[2022.08.04-18.31.25:710][  0]LogConfig: Applying CVar settings from Section [ConsoleVariables] File [D:/Work/Learning/ue4_shoot_them_up/ShootThemUp/Saved/Config/Windows/Engine.ini]
[2022.08.04-18.31.25:710][  0]LogConfig: Applying CVar settings from Section [ConsoleVariables] File [D:/Work/Learning/ue4_shoot_them_up/ShootThemUp/Saved/Config/Windows/Editor.ini]
[2022.08.04-18.31.25:711][  0]LogInit: Computer: KUBIK
[2022.08.04-18.31.25:711][  0]LogInit: User: kubik
[2022.08.04-18.31.25:711][  0]LogInit: CPU Page size=4096, Cores=2
[2022.08.04-18.31.25:712][  0]LogInit: High frequency timer resolution =10.000000 MHz
[2022.08.04-18.31.25:712][  0]LogMemory: Memory total: Physical=7.9GB (8GB approx)
[2022.08.04-18.31.25:712][  0]LogMemory: Platform Memory Stats for Windows
[2022.08.04-18.31.25:712][  0]LogMemory: Process Physical Memory: 137.39 MB used, 137.40 MB peak
[2022.08.04-18.31.25:712][  0]LogMemory: Process Virtual Memory: 113.89 MB used, 113.89 MB peak
[2022.08.04-18.31.25:712][  0]LogMemory: Physical Memory: 6989.33 MB used,  1077.89 MB free, 8067.22 MB total
[2022.08.04-18.31.25:712][  0]LogMemory: Virtual Memory: 134213864.00 MB used,  3864.83 MB free, 134217728.00 MB total
[2022.08.04-18.31.25:720][  0]LogWindows: WindowsPlatformFeatures enabled
[2022.08.04-18.31.25:854][  0]LogInit: Physics initialised using underlying interface: PhysX
[2022.08.04-18.31.25:858][  0]LogInit: Using OS detected language (en-US).
[2022.08.04-18.31.25:858][  0]LogInit: Using OS detected locale (en-US).
[2022.08.04-18.31.25:889][  0]LogTextLocalizationManager: No specific localization for 'en-US' exists, so the 'en' localization will be used.
[2022.08.04-18.31.26:638][  0]LogInit: Setting process to per monitor DPI aware
[2022.08.04-18.31.26:689][  0]LogWindowsTextInputMethodSystem: Display: IME system deactivated.
[2022.08.04-18.31.26:797][  0]LogSlate: New Slate User Created.  User Index 0, Is Virtual User: 0
[2022.08.04-18.31.26:797][  0]LogSlate: Slate User Registered.  User Index 0, Is Virtual User: 0
[2022.08.04-18.31.31:038][  0]LogD3D11RHI: Loaded GFSDK_Aftermath_Lib.x64.dll
[2022.08.04-18.31.31:098][  0]LogHMD: Failed to initialize OpenVR with code 110
[2022.08.04-18.31.31:098][  0]LogD3D11RHI: D3D11 min allowed feature level: 11_0
[2022.08.04-18.31.31:098][  0]LogD3D11RHI: D3D11 max allowed feature level: 11_0
[2022.08.04-18.31.31:098][  0]LogD3D11RHI: D3D11 adapters:
[2022.08.04-18.31.31:331][  0]LogD3D11RHI:    0. 'NVIDIA GeForce MX150' (Feature Level 11_0)
[2022.08.04-18.31.31:331][  0]LogD3D11RHI:       1983/0/4033 MB DedicatedVideo/DedicatedSystem/SharedSystem, Outputs:1, VendorId:0x10de
[2022.08.04-18.31.31:354][  0]LogD3D11RHI:    1. 'Intel(R) UHD Graphics 620' (Feature Level 11_0)
[2022.08.04-18.31.31:354][  0]LogD3D11RHI:       128/0/4033 MB DedicatedVideo/DedicatedSystem/SharedSystem, Outputs:0, VendorId:0x8086
[2022.08.04-18.31.31:358][  0]LogD3D11RHI:    2. 'Microsoft Basic Render Driver' (Feature Level 11_0)
[2022.08.04-18.31.31:358][  0]LogD3D11RHI:       0/0/4033 MB DedicatedVideo/DedicatedSystem/SharedSystem, Outputs:0, VendorId:0x1414
[2022.08.04-18.31.31:358][  0]LogD3D11RHI: Chosen D3D11 Adapter:
[2022.08.04-18.31.31:358][  0]LogD3D11RHI:     Description : NVIDIA GeForce MX150
[2022.08.04-18.31.31:358][  0]LogD3D11RHI:     VendorId    : 10de
[2022.08.04-18.31.31:358][  0]LogD3D11RHI:     DeviceId    : 1d10
[2022.08.04-18.31.31:358][  0]LogD3D11RHI:     SubSysId    : 39b017aa
[2022.08.04-18.31.31:358][  0]LogD3D11RHI:     Revision    : 00a1
[2022.08.04-18.31.31:358][  0]LogD3D11RHI:     DedicatedVideoMemory : 2080038912 bytes
[2022.08.04-18.31.31:358][  0]LogD3D11RHI:     DedicatedSystemMemory : 0 bytes
[2022.08.04-18.31.31:358][  0]LogD3D11RHI:     SharedSystemMemory : 4229548032 bytes
[2022.08.04-18.31.31:358][  0]LogD3D11RHI:     AdapterLuid : 0 62584
[2022.08.04-18.31.31:370][  0]LogD3D11RHI: Creating new Direct3DDevice
[2022.08.04-18.31.31:370][  0]LogD3D11RHI:     GPU DeviceId: 0x1d10 (for the marketing name, search the web for "GPU Device Id")
[2022.08.04-18.31.31:370][  0]LogWindows: EnumDisplayDevices:
[2022.08.04-18.31.31:371][  0]LogWindows:    0. 'Intel(R) UHD Graphics 620' (P:1 D:1)
[2022.08.04-18.31.31:371][  0]LogWindows:    1. 'Intel(R) UHD Graphics 620' (P:0 D:0)
[2022.08.04-18.31.31:372][  0]LogWindows:    2. 'Intel(R) UHD Graphics 620' (P:0 D:0)
[2022.08.04-18.31.31:372][  0]LogWindows: DebugString: PrimaryIsNotTheChoosenAdapter PrimaryIsNotTheChoosenAdapter PrimaryIsNotTheChoosenAdapter FoundDriverCount:0 
[2022.08.04-18.31.31:372][  0]LogD3D11RHI:     Adapter Name: NVIDIA GeForce MX150
[2022.08.04-18.31.31:372][  0]LogD3D11RHI:   Driver Version: Unknown (internal:Unknown, unified:Unknown)
[2022.08.04-18.31.31:372][  0]LogD3D11RHI:      Driver Date: Unknown
[2022.08.04-18.31.31:372][  0]LogRHI: Texture pool is 1388 MB (70% of 1983 MB)
[2022.08.04-18.31.31:372][  0]LogD3D11RHI: Creating D3DDevice using adapter:
[2022.08.04-18.31.31:373][  0]LogD3D11RHI:     Description : NVIDIA GeForce MX150
[2022.08.04-18.31.31:373][  0]LogD3D11RHI:     VendorId    : 10de
[2022.08.04-18.31.31:373][  0]LogD3D11RHI:     DeviceId    : 1d10
[2022.08.04-18.31.31:373][  0]LogD3D11RHI:     SubSysId    : 39b017aa
[2022.08.04-18.31.31:373][  0]LogD3D11RHI:     Revision    : 00a1
[2022.08.04-18.31.31:373][  0]LogD3D11RHI:     DedicatedVideoMemory : 2080038912 bytes
[2022.08.04-18.31.31:373][  0]LogD3D11RHI:     DedicatedSystemMemory : 0 bytes
[2022.08.04-18.31.31:373][  0]LogD3D11RHI:     SharedSystemMemory : 4229548032 bytes
[2022.08.04-18.31.31:373][  0]LogD3D11RHI:     AdapterLuid : 0 62584
[2022.08.04-18.31.31:503][  0]LogD3D11RHI: RHI has support for 64 bit atomics
[2022.08.04-18.31.31:504][  0]LogD3D11RHI: Async texture creation enabled
[2022.08.04-18.31.31:504][  0]LogD3D11RHI: Array index from any shader is supported
[2022.08.04-18.31.31:561][  0]LogD3D11RHI: GPU Timing Frequency: 1000.000000 (Debug: 2 1)
[2022.08.04-18.31.31:655][  0]LogRHI: GeForceNow SDK initialized: 1
[2022.08.04-18.31.32:444][  0]LogTargetPlatformManager: Display: Loaded TargetPlatform 'AllDesktop'
[2022.08.04-18.31.32:506][  0]LogTargetPlatformManager: Display: Loaded TargetPlatform 'Android'
[2022.08.04-18.31.32:506][  0]LogTargetPlatformManager: Display: Loaded TargetPlatform 'Android_ASTC'
[2022.08.04-18.31.32:506][  0]LogTargetPlatformManager: Display: Loaded TargetPlatform 'Android_DXT'
[2022.08.04-18.31.32:506][  0]LogTargetPlatformManager: Display: Loaded TargetPlatform 'Android_ETC2'
[2022.08.04-18.31.32:506][  0]LogTargetPlatformManager: Display: Loaded TargetPlatform 'AndroidClient'
[2022.08.04-18.31.32:506][  0]LogTargetPlatformManager: Display: Loaded TargetPlatform 'Android_ASTCClient'
[2022.08.04-18.31.32:506][  0]LogTargetPlatformManager: Display: Loaded TargetPlatform 'Android_DXTClient'
[2022.08.04-18.31.32:506][  0]LogTargetPlatformManager: Display: Loaded TargetPlatform 'Android_ETC2Client'
[2022.08.04-18.31.32:506][  0]LogTargetPlatformManager: Display: Loaded TargetPlatform 'Android_Multi'
[2022.08.04-18.31.32:506][  0]LogTargetPlatformManager: Display: Loaded TargetPlatform 'Android_MultiClient'
[2022.08.04-18.31.32:553][  0]LogTargetPlatformManager: Display: Loaded TargetPlatform 'IOSClient'
[2022.08.04-18.31.32:553][  0]LogTargetPlatformManager: Display: Loaded TargetPlatform 'IOS'
[2022.08.04-18.31.32:577][  0]LogTargetPlatformManager: Display: Loaded TargetPlatform 'Linux'
[2022.08.04-18.31.32:587][  0]LogTargetPlatformManager: Display: Loaded TargetPlatform 'LinuxNoEditor'
[2022.08.04-18.31.32:597][  0]LogTargetPlatformManager: Display: Loaded TargetPlatform 'LinuxClient'
[2022.08.04-18.31.32:606][  0]LogTargetPlatformManager: Display: Loaded TargetPlatform 'LinuxServer'
[2022.08.04-18.31.32:627][  0]LogTargetPlatformManager: Display: Loaded TargetPlatform 'LinuxAArch64NoEditor'
[2022.08.04-18.31.32:637][  0]LogTargetPlatformManager: Display: Loaded TargetPlatform 'LinuxAArch64Client'
[2022.08.04-18.31.32:648][  0]LogTargetPlatformManager: Display: Loaded TargetPlatform 'LinuxAArch64Server'
[2022.08.04-18.31.32:699][  0]LogTargetPlatformManager: Display: Loaded TargetPlatform 'Lumin'
[2022.08.04-18.31.32:700][  0]LogTargetPlatformManager: Display: Loaded TargetPlatform 'LuminClient'
[2022.08.04-18.31.32:717][  0]LogTargetPlatformManager: Display: Loaded TargetPlatform 'MacNoEditor'
[2022.08.04-18.31.32:727][  0]LogTargetPlatformManager: Display: Loaded TargetPlatform 'Mac'
[2022.08.04-18.31.32:735][  0]LogTargetPlatformManager: Display: Loaded TargetPlatform 'MacClient'
[2022.08.04-18.31.32:743][  0]LogTargetPlatformManager: Display: Loaded TargetPlatform 'MacServer'
[2022.08.04-18.31.32:762][  0]LogTargetPlatformManager: Display: Loaded TargetPlatform 'TVOSClient'
[2022.08.04-18.31.32:762][  0]LogTargetPlatformManager: Display: Loaded TargetPlatform 'TVOS'
[2022.08.04-18.31.32:782][  0]LogTargetPlatformManager: Display: Loaded TargetPlatform 'WindowsNoEditor'
[2022.08.04-18.31.32:793][  0]LogTargetPlatformManager: Display: Loaded TargetPlatform 'Windows'
[2022.08.04-18.31.32:801][  0]LogTargetPlatformManager: Display: Loaded TargetPlatform 'WindowsClient'
[2022.08.04-18.31.32:810][  0]LogTargetPlatformManager: Display: Loaded TargetPlatform 'WindowsServer'
[2022.08.04-18.31.32:810][  0]LogTargetPlatformManager: Display: Building Assets For Windows
[2022.08.04-18.31.32:828][  0]LogAudioDebug: Display: Lib vorbis DLL was dynamically loaded.
[2022.08.04-18.31.32:910][  0]LogTextureFormatOodle: Display: Oodle Texture 2.9.0 init RDO Off
[2022.08.04-18.31.33:037][  0]LogRendererCore: Ray tracing is disabled. Reason: r.RayTracing=0.
[2022.08.04-18.31.33:040][  0]LogShaderCompilers: Guid format shader working directory is -1 characters bigger than the processId version (D:/Work/Learning/ue4_shoot_them_up/ShootThemUp/Intermediate/Shaders/WorkingDirectory/11844/).
[2022.08.04-18.31.33:040][  0]LogShaderCompilers: Cleaned the shader compiler working directory 'C:/Users/kubik/AppData/Local/Temp/UnrealShaderWorkingDir/79F6A7F2489CE7A81032D3BFFBD8441B/'.
[2022.08.04-18.31.33:042][  0]LogXGEController: Cannot use XGE Controller as Incredibuild is not installed on this machine.
[2022.08.04-18.31.33:042][  0]LogShaderCompilers: Cannot use XGE Shader Compiler as Incredibuild is not installed on this machine.
[2022.08.04-18.31.33:042][  0]LogShaderCompilers: Display: Using Local Shader Compiler.
[2022.08.04-18.31.38:174][  0]LogDerivedDataCache: Display: Max Cache Size: 512 MB
[2022.08.04-18.31.38:485][  0]LogDerivedDataCache: Loaded boot cache 0.31s 115MB C:/Users/kubik/AppData/Local/UnrealEngine/4.27/DerivedDataCache/Boot.ddc.
[2022.08.04-18.31.38:485][  0]LogDerivedDataCache: Display: Loaded Boot cache: C:/Users/kubik/AppData/Local/UnrealEngine/4.27/DerivedDataCache/Boot.ddc
[2022.08.04-18.31.38:486][  0]LogDerivedDataCache: FDerivedDataBackendGraph:  Pak pak cache file D:/Work/Learning/ue4_shoot_them_up/ShootThemUp/DerivedDataCache/DDC.ddp not found, will not use a pak cache.
[2022.08.04-18.31.38:486][  0]LogDerivedDataCache: Unable to find inner node Pak for hierarchical cache Hierarchy.
[2022.08.04-18.31.38:486][  0]LogDerivedDataCache: FDerivedDataBackendGraph:  CompressedPak pak cache file D:/Work/Learning/ue4_shoot_them_up/ShootThemUp/DerivedDataCache/Compressed.ddp not found, will not use a pak cache.
[2022.08.04-18.31.38:486][  0]LogDerivedDataCache: Unable to find inner node CompressedPak for hierarchical cache Hierarchy.
[2022.08.04-18.31.38:527][  0]LogDerivedDataCache: Display: Pak cache opened for reading ../../../Engine/DerivedDataCache/Compressed.ddp.
[2022.08.04-18.31.38:527][  0]LogDerivedDataCache: FDerivedDataBackendGraph:  EnterprisePak pak cache file ../../../Enterprise/DerivedDataCache/Compressed.ddp not found, will not use a pak cache.
[2022.08.04-18.31.38:527][  0]LogDerivedDataCache: Unable to find inner node EnterprisePak for hierarchical cache Hierarchy.
[2022.08.04-18.31.38:563][  0]LogDerivedDataCache: Speed tests for C:/Users/kubik/AppData/Local/UnrealEngine/Common/DerivedDataCache took 0.04 seconds
[2022.08.04-18.31.38:563][  0]LogDerivedDataCache: Display: Performance to C:/Users/kubik/AppData/Local/UnrealEngine/Common/DerivedDataCache: Latency=1.19ms. RandomReadSpeed=88.75MBs, RandomWriteSpeed=88.56MBs. Assigned SpeedClass 'Fast'
[2022.08.04-18.31.38:564][  0]LogDerivedDataCache: Using Local data cache path C:/Users/kubik/AppData/Local/UnrealEngine/Common/DerivedDataCache: Writable
[2022.08.04-18.31.38:565][  0]LogDerivedDataCache: Shared data cache path not found in *engine.ini, will not use an Shared cache.
[2022.08.04-18.31.38:565][  0]LogDerivedDataCache: Unable to find inner node Shared for hierarchical cache Hierarchy.
[2022.08.04-18.31.38:682][  0]LogSlate: Using FreeType 2.10.0
[2022.08.04-18.31.38:721][  0]LogSlate: SlateFontServices - WITH_FREETYPE: 1, WITH_HARFBUZZ: 1
[2022.08.04-18.31.38:833][  0]LogAssetRegistry: FAssetRegistry took 0.0112 seconds to start up
[2022.08.04-18.31.39:648][  0]LogInit: Selected Device Profile: [Windows]
[2022.08.04-18.31.39:648][  0]LogInit: Active device profile: [00000225B26A7100][00000225A765E140 49] Windows
[2022.08.04-18.31.39:648][  0]LogInit: Profiles: [00000225B26A7100][00000225A765E140 49] Windows, [00000225B26C9100][00000225A7F202C0 49] WindowsNoEditor, [00000225B26A5100][00000225A7F24440 49] WindowsServer, [00000225B26CA700][00000225A7F285C0 49] WindowsClient, [00000225B26A6600][00000225A7652740 49] IOS, [00000225B26CB700][00000225A76568C0 49] iPadAir, [00000225B26A7B00][00000225A7ED8A40 49] iPadAir2, [00000225B2643400][00000225A7EDCC80 49] IPadPro, [00000225B2643500][00000225A7662CC0 49] iPadAir3, [00000225B26A4700][00000225A7EE0E00 49] iPadAir4, [00000225B2641600][00000225A7F02F40 49] iPadMini2, [00000225B26A7E00][00000225A7F0B0C0 49] iPadMini3, [00000225B2640E00][00000225A7F0F240 49] iPadMini4, [00000225B26A5F00][00000225A765B3C0 49] iPadMini5, [00000225B2636700][00000225AAC7F680 49] iPhone6, [00000225B2636800][00000225A7F2D6C0 49] iPodTouch6, [00000225B2640900][00000225B2CED980 49] iPhone7, [00000225B2640800][00000225B2CE99C0 49] iPodTouch7, [00000225B2635500][00000225B2CF1B40 49] iPhone5S, [00000225B2640A00][00000225B2CF4140 49] iPhone6Plus, [00000225B2634E00][00000225B2CF82C0 49] iPhone6S, [00000225B2643900][00000225B2CFC440 49] iPhone6SPlus, [00000225B2637B00][00000225B2D005C0 49] iPhone7Plus, [00000225B2642A00][00000225B2D04740 49] iPhoneSE, [00000225B2634100][00000225B2D088C0 49] iPhone8, [00000225B2642500][00000225B2D0CA40 49] iPhone8Plus, [00000225B2635800][00000225B2D10BC0 49] iPhoneX, [00000225B2642300][00000225B2D14D40 49] iPhoneXS, [00000225B2634C00][00000225A7F06E80 49] iPhoneXSMax, [00000225B2643B00][00000225B2D18FC0 49] iPhoneXR, [00000225B2636100][00000225B2D1D100 49] iPhone11, [00000225B2643600][00000225B2D25280 49] iPhone11Pro, [00000225B2635900][00000225B2D29400 49] iPhone11ProMax, [00000225B2641900][00000225B2D2D580 49] iPhoneSE2, [00000225B2637000][00000225B2D31700 49] iPhone12Mini, [00000225B2642B00][00000225B2D35880 49] iPhone12, [00000225B2635200][00000225B2D39A00 49] iPhone12Pro, [00000225B2642F00][00000225B2D3DB80 49] iPhone12ProMax, [00000225B2635F00][00000225B2D40180 49] iPadPro105, [00000225B2643100][00000225B2D44300 49] iPadPro129, [00000225B2635600][00000225B2D48480 49] iPadPro97, [00000225B2641300][00000225B2D4C600 49] iPadPro2_129, [00000225B2636C00][00000225B2D50780 49] iPad5, [00000225B2642C00][00000225B2D54900 49] iPad6, [00000225B2635000][00000225B2D58A80 49] iPad7, [00000225B2642400][00000225B2D5CC00 49] iPad8, [00000225B2637300][00000225B2D60D80 49] iPadPro11, [00000225B2643800][00000225B2D64F00 49] iPadPro2_11, [00000225B2635300][00000225B2D21040 49] iPadPro3_129, [00000225B2643A00][00000225B2D69180 49] iPadPro4_129, [00000225B2635C00][00000225B2D6D2C0 49] AppleTV, [00000225B2641100][00000225B2D75440 49] AppleTV4K, [00000225B2634400][00000225B2D795C0 49] TVOS, [00000225B2643000][00000225B2D7D740 49] Mac, [00000225B26C8100][00000225B2D818C0 49] MacClient, [00000225B279E500][00000225B2D85A40 49] MacNoEditor, [00000225B26C8D00][00000225B2D89BC0 49] MacServer, [00000225B279D900][00000225B2D8C1C0 49] Linux, [00000225B26C8600][00000225B2D90340 49] LinuxAArch64, [00000225B279D100][00000225B2D944C0 49] LinuxNoEditor, [00000225B26C9700][00000225B2D98640 49] LinuxAArch64NoEditor, [00000225B279C400][00000225B2D9C7C0 49] LinuxClient, [00000225B26CA500][00000225B2DA0940 49] LinuxAArch64Client, [00000225B279C200][00000225B2DA4AC0 49] LinuxServer, [00000225B26C9F00][00000225B2DA8C40 49] LinuxAArch64Server, [00000225B279DD00][00000225B2DACDC0 49] Android, [00000225B26C8200][00000225B2DB0F40 49] Android_Low, [00000225B279DA00][00000225B2DB50C0 49] Android_Mid, [00000225B26C8A00][00000225B2D71200 49] Android_High, [00000225B279D000][00000225B2DB9340 49] Android_Default, [00000225B26CB300][00000225B2DBD480 49] Android_Adreno4xx, [00000225B279CF00][00000225B2DC15C0 49] Android_Adreno5xx_Low, [00000225B26C9800][00000225B2DC9740 49] Android_Adreno5xx, [00000225B279CA00][00000225B2DCD8C0 49] Android_Adreno6xx, [00000225B2640B00][00000225B2DD1A40 49] Android_Adreno6xx_Vulkan, [00000225B2637C00][00000225B2DD5BC0 49] Android_Mali_T6xx, [00000225B2641500][00000225B2DD81C0 49] Android_Mali_T7xx, [00000225B2635E00][00000225B2DDC340 49] Android_Mali_T8xx, [00000225B2641E00][00000225B2A304C0 49] Android_Mali_G71, [00000225B2635B00][00000225B2A34640 49] Android_Mali_G72, [00000225B2643E00][00000225B2A387C0 49] Android_Mali_G72_Vulkan, [00000225B2637F00][00000225B2A3C940 49] Android_Mali_G76, [00000225B2643300][00000225B2A40AC0 49] Android_Mali_G76_Vulkan, [00000225B279C900][00000225B2A44C40 49] Android_Mali_G77, [00000225B2643D00][00000225B2A48DC0 49] Android_Mali_G77_Vulkan, [00000225B279E100][00000225B2A4CF40 49] Android_Mali_G78, [00000225B2640700][00000225B2A510C0 49] Android_Mali_G78_Vulkan, [00000225B279CC00][00000225B2A55240 49] Android_Mali_G710, [00000225B2640F00][00000225B2DC5380 49] Android_Mali_G710_Vulkan, [00000225B279DC00][00000225B2A594C0 49] Android_Vulkan_SM5, [00000225B2641F00][00000225B2A5D600 49] Android_PowerVR_G6xxx, [00000225B279DB00][00000225B2A61740 49] Android_PowerVR_GT7xxx, [00000225B2643F00][00000225B2A698C0 49] Android_PowerVR_GE8xxx, [00000225B279C100][00000225B2A6DA40 49] Android_PowerVR_GM9xxx, [00000225B2640300][00000225B2A71BC0 49] Android_PowerVR_GM9xxx_Vulkan, [00000225B279D800][00000225B2A741C0 49] Android_TegraK1, [00000225B2640100][00000225B2A78340 49] Android_Unknown_Vulkan, [00000225B2636500][00000225B2A7C4C0 49] Lumin, [00000225B2643700][00000225B2A80640 49] Lumin_Desktop, [00000225B2635A00][00000225B2A847C0 49] HoloLens, 
[2022.08.04-18.31.40:330][  0]LogMeshReduction: Using QuadricMeshReduction for automatic static mesh reduction
[2022.08.04-18.31.40:330][  0]LogMeshReduction: Using SimplygonMeshReduction for automatic skeletal mesh reduction
[2022.08.04-18.31.40:330][  0]LogMeshReduction: Using ProxyLODMeshReduction for automatic mesh merging
[2022.08.04-18.31.40:330][  0]LogMeshReduction: No distributed automatic mesh merging module available
[2022.08.04-18.31.40:368][  0]LogMeshMerging: No distributed automatic mesh merging module available
[2022.08.04-18.31.40:481][  0]LogNetVersion: ShootThemUp 1.0.0, NetCL: 17155196, EngineNetVer: 17, GameNetVer: 0 (Checksum: 1997854793)
[2022.08.04-18.31.42:549][  0]LogTexture: Default maximum texture size for cubemaps generated from long-lat sources has been changed from 512 to unlimited. In order to preserve old behaiour for '/Engine/MapTemplates/Sky/DaylightAmbientCubemap.DaylightAmbientCubemap', its maximum texture size has been explicitly set to 512.
[2022.08.04-18.31.42:690][  0]LogHMD: PokeAHoleMaterial loaded successfully
[2022.08.04-18.31.42:703][  0]LogUObjectArray: 17178 objects as part of root set at end of initial load.
[2022.08.04-18.31.42:704][  0]LogUObjectAllocator: 4302048 out of 0 bytes used by permanent object pool.
[2022.08.04-18.31.42:704][  0]LogUObjectArray: CloseDisregardForGC: 0/0 objects in disregard for GC pool
[2022.08.04-18.31.44:179][  0]LogNiagaraDebuggerClient: Niagara Debugger Client Initialized | Session: 4A734CC74C872E963065D9B47FA198CF | Instance: 21B70BEA419BF1500FEB24A966E5F96E (KUBIK-11844).
[2022.08.04-18.31.44:348][  0]LogPython: Using Python 3.7.7
[2022.08.04-18.31.46:277][  0]LogTcpMessaging: Initializing TcpMessaging bridge
[2022.08.04-18.31.46:286][  0]LogUdpMessaging: Initializing bridge on interface 0.0.0.0:0 to multicast group 230.0.0.1:6666.
[2022.08.04-18.31.46:906][  0]SourceControl: Source control is disabled
[2022.08.04-18.31.46:906][  0]SourceControl: Source control is disabled
[2022.08.04-18.31.46:942][  0]SourceControl: Source control is disabled
[2022.08.04-18.31.46:959][  0]SourceControl: Source control is disabled
[2022.08.04-18.31.47:135][  0]SourceControl: Source control is disabled
[2022.08.04-18.31.47:145][  0]LogUProjectInfo: Found projects:
[2022.08.04-18.31.47:735][  0]LogOpenImageDenoise: OIDN starting up
[2022.08.04-18.31.47:857][  0]LogAndroidPermission: UAndroidPermissionCallbackProxy::GetInstance
[2022.08.04-18.31.47:933][  0]LogAudioCaptureCore: Display: No Audio Capture implementations found. Audio input will be silent.
[2022.08.04-18.31.47:933][  0]LogAudioCaptureCore: Display: No Audio Capture implementations found. Audio input will be silent.
[2022.08.04-18.31.48:318][  0]LogCollectionManager: Loaded 0 collections in 0.002790 seconds
[2022.08.04-18.31.48:369][  0]LogFileCache: Scanning file cache for directory 'D:/Work/Learning/ue4_shoot_them_up/ShootThemUp/Saved/Collections/' took 0.00s
[2022.08.04-18.31.48:369][  0]LogFileCache: Scanning file cache for directory 'D:/Work/Learning/ue4_shoot_them_up/ShootThemUp/Content/Developers/kubik/Collections/' took 0.00s
[2022.08.04-18.31.48:369][  0]LogFileCache: Scanning file cache for directory 'D:/Work/Learning/ue4_shoot_them_up/ShootThemUp/Content/Collections/' took 0.00s
[2022.08.04-18.31.48:369][  0]LogOcInput: OculusInput pre-init called
[2022.08.04-18.31.49:263][  0]LogEngine: Initializing Engine...
[2022.08.04-18.31.49:286][  0]LogHMD: Failed to enumerate extensions. Please check that you have a valid OpenXR runtime installed.
[2022.08.04-18.31.49:287][  0]LogHMD: Failed to initialize OpenVR with code 110
[2022.08.04-18.31.49:287][  0]LogMagicLeap: Warning: VR disabled because ZI is not enabled.  To enable, in the editor, Edit -> Project Settings -> Plugins -> Magic Leap Plugin -> Enable Zero Iteration
[2022.08.04-18.31.49:298][  0]LogStats: UGameplayTagsManager::InitializeManager -  0.003 s
[2022.08.04-18.31.50:162][  0]LogInit: Initializing FReadOnlyCVARCache
[2022.08.04-18.31.50:614][  0]LogAIModule: Creating AISystem for world Untitled
[2022.08.04-18.31.50:699][  0]LogAudio: Display: Initializing Audio Device Manager...
[2022.08.04-18.31.50:715][  0]LogAudio: Display: Loading Default Audio Settings Objects...
[2022.08.04-18.31.50:737][  0]LogAudio: Display: No default SoundConcurrencyObject specified (or failed to load).
[2022.08.04-18.31.50:747][  0]LogAudio: Display: Audio Device Manager Initialized
[2022.08.04-18.31.50:748][  0]LogAudio: Display: Creating Audio Device:                 Id: 1, Scope: Shared, Realtime: True
[2022.08.04-18.31.50:754][  0]LogAudioMixer: Display: Audio Mixer Platform Settings:
[2022.08.04-18.31.50:754][  0]LogAudioMixer: Display: 	Sample Rate:						  48000
[2022.08.04-18.31.50:754][  0]LogAudioMixer: Display: 	Callback Buffer Frame Size Requested: 1024
[2022.08.04-18.31.50:754][  0]LogAudioMixer: Display: 	Callback Buffer Frame Size To Use:	  1024
[2022.08.04-18.31.50:754][  0]LogAudioMixer: Display: 	Number of buffers to queue:			  2
[2022.08.04-18.31.50:754][  0]LogAudioMixer: Display: 	Max Channels (voices):				  32
[2022.08.04-18.31.50:754][  0]LogAudioMixer: Display: 	Number of Async Source Workers:		  0
[2022.08.04-18.31.50:755][  0]LogAudio: Display: AudioDevice MaxSources: 32
[2022.08.04-18.31.50:759][  0]LogAudio: Display: Audio Spatialization Plugin: None (built-in).
[2022.08.04-18.31.50:759][  0]LogAudio: Display: Audio Reverb Plugin: None (built-in).
[2022.08.04-18.31.50:759][  0]LogAudio: Display: Audio Occlusion Plugin: None (built-in).
[2022.08.04-18.31.50:760][  0]LogAudioMixer: Display: Initializing audio mixer.
[2022.08.04-18.31.50:805][  0]LogAudioMixer: Display: 0: FrontLeft
[2022.08.04-18.31.50:805][  0]LogAudioMixer: Display: 1: FrontRight
[2022.08.04-18.31.50:896][  0]LogAudioMixer: Display: Using Audio Device Speakers (2- High Definition Audio Device)
[2022.08.04-18.31.50:914][  0]LogAudioMixer: Display: Initializing Sound Submixes...
[2022.08.04-18.31.50:924][  0]LogAudioMixer: Display: Creating Master Submix 'MasterSubmixDefault'
[2022.08.04-18.31.50:925][  0]LogAudioMixer: Display: Creating Master Submix 'MasterReverbSubmixDefault'
[2022.08.04-18.31.50:945][  0]LogAudioMixer: Display: Creating Master Submix 'MasterEQSubmixDefault'
[2022.08.04-18.31.50:946][  0]LogAudioMixer: FMixerPlatformXAudio2::StartAudioStream() called
[2022.08.04-18.31.50:946][  0]LogAudioMixer: Display: Output buffers initialized: Frames=1024, Channels=2, Samples=2048
[2022.08.04-18.31.50:953][  0]LogAudioMixer: Display: Starting AudioMixerPlatformInterface::RunInternal()
[2022.08.04-18.31.50:953][  0]LogAudioMixer: Display: FMixerPlatformXAudio2::SubmitBuffer() called for the first time
[2022.08.04-18.31.50:953][  0]LogInit: FAudioDevice initialized.
[2022.08.04-18.31.50:958][  0]LogAudio: Display: Audio Device (ID: 1) registered with world 'Untitled'.
[2022.08.04-18.31.50:964][  0]LogNetVersion: Set ProjectVersion to 1.0.0.0. Version Checksum will be recalculated on next use.
[2022.08.04-18.31.51:290][  0]LogDerivedDataCache: Saved boot cache 0.32s 115MB C:/Users/kubik/AppData/Local/UnrealEngine/4.27/DerivedDataCache/Boot.ddc.
[2022.08.04-18.31.51:345][  0]LogInit: Texture streaming: Enabled
[2022.08.04-18.31.51:607][  0]LogAnalytics: Display: [UEEditor.Rocket.Release] APIServer = https://datarouter.ol.epicgames.com/. AppVersion = 4.27.2-18319896+++UE4+Release-4.27
[2022.08.04-18.31.51:616][  0]LogEngineSessionManager: EngineSessionManager initialized
[2022.08.04-18.31.51:617][  0]LogEditorSessionSummary: Verbose: Initializing EditorSessionSummaryWriter for editor session tracking
[2022.08.04-18.31.51:622][  0]LogEditorSessionSummary: EditorSessionSummaryWriter initialized
[2022.08.04-18.31.51:736][  0]LogInit: Transaction tracking system initialized
[2022.08.04-18.31.51:820][  0]BlueprintLog: New page: Editor Load
[2022.08.04-18.31.52:125][  0]LocalizationService: Localization service is disabled
[2022.08.04-18.31.52:210][  0]TimingProfiler: Initialize
[2022.08.04-18.31.52:213][  0]TimingProfiler: OnSessionChanged
[2022.08.04-18.31.52:213][  0]LoadingProfiler: Initialize
[2022.08.04-18.31.52:215][  0]LoadingProfiler: OnSessionChanged
[2022.08.04-18.31.52:216][  0]NetworkingProfiler: Initialize
[2022.08.04-18.31.52:216][  0]NetworkingProfiler: OnSessionChanged
[2022.08.04-18.31.52:217][  0]MemoryProfiler: Initialize
[2022.08.04-18.31.52:217][  0]MemoryProfiler: OnSessionChanged
[2022.08.04-18.31.52:901][  0]LogFileCache: Scanning file cache for directory 'D:/Work/Learning/ue4_shoot_them_up/ShootThemUp/Content/' took 0.01s
[2022.08.04-18.31.52:901][  0]LogCook: Display: CookSettings for Memory: MemoryMaxUsedVirtual 0MiB, MemoryMaxUsedPhysical 16384MiB, MemoryMinFreeVirtual 0MiB, MemoryMinFreePhysical 1024MiB
[2022.08.04-18.31.52:901][  0]LogCook: Display: Mobile HDR setting 1
[2022.08.04-18.31.54:748][  0]LogInit: Display: Engine is initialized. Leaving FEngineLoop::Init()
[2022.08.04-18.31.54:827][  0]SourceControl: Source control is disabled
[2022.08.04-18.31.54:829][  0]LogUnrealEdMisc: Loading editor; pre map load, took 35.636
[2022.08.04-18.31.54:832][  0]Cmd: MAP LOAD FILE="D:/Work/Learning/ue4_shoot_them_up/ShootThemUp/Content/Levels/TestLevel.umap" TEMPLATE=0 SHOWPROGRESS=1 FEATURELEVEL=3
[2022.08.04-18.31.54:859][  0]LightingResults: New page: Lighting Build
[2022.08.04-18.31.54:927][  0]LogWorld: UWorld::CleanupWorld for Untitled, bSessionEnded=true, bCleanupResources=true
[2022.08.04-18.31.54:937][  0]LogSlate: InvalidateAllWidgets triggered.  All widgets were invalidated
[2022.08.04-18.31.54:948][  0]MapCheck: New page: Map Check
[2022.08.04-18.31.54:948][  0]LightingResults: New page: Lighting Build
[2022.08.04-18.31.54:989][  0]LogAudio: Display: Audio Device unregistered from world 'None'.
[2022.08.04-18.31.55:057][  0]LogUObjectHash: Compacting FUObjectHashTables data took   2.40ms
[2022.08.04-18.31.55:503][  0]LogAudio: Display: Audio Device (ID: 1) registered with world 'TestLevel'.
[2022.08.04-18.31.55:546][  0]LogAIModule: Creating AISystem for world TestLevel
[2022.08.04-18.31.55:641][  0]LogEditorServer: Finished looking for orphan Actors (0.000 secs)
[2022.08.04-18.31.55:675][  0]LogUObjectHash: Compacting FUObjectHashTables data took   2.10ms
[2022.08.04-18.31.55:679][  0]Cmd: MAP CHECKDEP NOCLEARLOG
[2022.08.04-18.31.55:679][  0]MapCheck: Map check complete: 0 Error(s), 0 Warning(s), took 0.407ms to complete.
[2022.08.04-18.31.55:680][  0]LogFileHelpers: Loading map 'TestLevel' took 0.850
[2022.08.04-18.31.55:811][  0]LogUnrealEdMisc: Total Editor Startup Time, took 36.618
[2022.08.04-18.31.56:096][  0]LogSlate: Updating window title bar state: overlay mode, drag disabled, window buttons hidden, title bar hidden
[2022.08.04-18.31.56:109][  0]LogSlate: Updating window title bar state: overlay mode, drag disabled, window buttons hidden, title bar hidden
[2022.08.04-18.31.56:120][  0]LogSlate: Updating window title bar state: overlay mode, drag disabled, window buttons hidden, title bar hidden
[2022.08.04-18.31.56:134][  0]LogSlate: Updating window title bar state: overlay mode, drag disabled, window buttons hidden, title bar hidden
[2022.08.04-18.31.56:230][  0]LogNativeClassHierarchy: Verbose: Native class hierarchy populated in 0.0144 seconds. Added 3825 classes and 932 folders.
[2022.08.04-18.31.56:309][  0]LogNativeClassHierarchy: Verbose: Native class hierarchy updated for 'WidgetCarousel' in 0.0004 seconds. Added 0 classes and 0 folders.
[2022.08.04-18.31.56:343][  0]LogPakFile: PakFile PrimaryIndexSize=187
[2022.08.04-18.31.56:343][  0]LogPakFile: PakFile PathHashIndexSize=101
[2022.08.04-18.31.56:343][  0]LogPakFile: PakFile FullDirectoryIndexSize=148
[2022.08.04-18.31.56:345][  0]LogShaderLibrary: Display: ShaderCodeLibraryPakFileMountedCallback: PakFile 'C:/Program Files/Epic Games/UE_4.27/FeaturePacks/FP_FirstPerson.upack' (chunk index -1, root 'root:/') mounted
[2022.08.04-18.31.56:345][  0]LogShaderLibrary: Display: ShaderCodeLibraryPakFileMountedCallback: pending pak file info (ChunkID:-1 Root:root:/ File:C:/Program Files/Epic Games/UE_4.27/FeaturePacks/FP_FirstPerson.upack)
[2022.08.04-18.31.56:345][  0]LogPakFile: OnPakFileMounted2Time == 0.001641
[2022.08.04-18.31.56:361][  0]LogPakFile: PakFile PrimaryIndexSize=189
[2022.08.04-18.31.56:361][  0]LogPakFile: PakFile PathHashIndexSize=101
[2022.08.04-18.31.56:362][  0]LogPakFile: PakFile FullDirectoryIndexSize=152
[2022.08.04-18.31.56:362][  0]LogShaderLibrary: Display: ShaderCodeLibraryPakFileMountedCallback: PakFile 'C:/Program Files/Epic Games/UE_4.27/FeaturePacks/FP_FirstPersonBP.upack' (chunk index -1, root 'root:/') mounted
[2022.08.04-18.31.56:362][  0]LogShaderLibrary: Display: ShaderCodeLibraryPakFileMountedCallback: pending pak file info (ChunkID:-1 Root:root:/ File:C:/Program Files/Epic Games/UE_4.27/FeaturePacks/FP_FirstPersonBP.upack)
[2022.08.04-18.31.56:362][  0]LogPakFile: OnPakFileMounted2Time == 0.000388
[2022.08.04-18.31.56:374][  0]LogPakFile: PakFile PrimaryIndexSize=191
[2022.08.04-18.31.56:374][  0]LogPakFile: PakFile PathHashIndexSize=101
[2022.08.04-18.31.56:374][  0]LogPakFile: PakFile FullDirectoryIndexSize=160
[2022.08.04-18.31.56:374][  0]LogShaderLibrary: Display: ShaderCodeLibraryPakFileMountedCallback: PakFile 'C:/Program Files/Epic Games/UE_4.27/FeaturePacks/MobileStarterContent.upack' (chunk index -1, root 'root:/') mounted
[2022.08.04-18.31.56:374][  0]LogShaderLibrary: Display: ShaderCodeLibraryPakFileMountedCallback: pending pak file info (ChunkID:-1 Root:root:/ File:C:/Program Files/Epic Games/UE_4.27/FeaturePacks/MobileStarterContent.upack)
[2022.08.04-18.31.56:374][  0]LogPakFile: OnPakFileMounted2Time == 0.000074
[2022.08.04-18.31.56:384][  0]LogPakFile: PakFile PrimaryIndexSize=185
[2022.08.04-18.31.56:384][  0]LogPakFile: PakFile PathHashIndexSize=101
[2022.08.04-18.31.56:384][  0]LogPakFile: PakFile FullDirectoryIndexSize=148
[2022.08.04-18.31.56:384][  0]LogShaderLibrary: Display: ShaderCodeLibraryPakFileMountedCallback: PakFile 'C:/Program Files/Epic Games/UE_4.27/FeaturePacks/StarterContent.upack' (chunk index -1, root 'root:/') mounted
[2022.08.04-18.31.56:384][  0]LogShaderLibrary: Display: ShaderCodeLibraryPakFileMountedCallback: pending pak file info (ChunkID:-1 Root:root:/ File:C:/Program Files/Epic Games/UE_4.27/FeaturePacks/StarterContent.upack)
[2022.08.04-18.31.56:384][  0]LogPakFile: OnPakFileMounted2Time == 0.000078
[2022.08.04-18.31.56:394][  0]LogPakFile: PakFile PrimaryIndexSize=190
[2022.08.04-18.31.56:394][  0]LogPakFile: PakFile PathHashIndexSize=101
[2022.08.04-18.31.56:394][  0]LogPakFile: PakFile FullDirectoryIndexSize=154
[2022.08.04-18.31.56:394][  0]LogShaderLibrary: Display: ShaderCodeLibraryPakFileMountedCallback: PakFile 'C:/Program Files/Epic Games/UE_4.27/FeaturePacks/TP_2DSideScroller.upack' (chunk index -1, root 'root:/') mounted
[2022.08.04-18.31.56:394][  0]LogShaderLibrary: Display: ShaderCodeLibraryPakFileMountedCallback: pending pak file info (ChunkID:-1 Root:root:/ File:C:/Program Files/Epic Games/UE_4.27/FeaturePacks/TP_2DSideScroller.upack)
[2022.08.04-18.31.56:394][  0]LogPakFile: OnPakFileMounted2Time == 0.000075
[2022.08.04-18.31.56:404][  0]LogPakFile: PakFile PrimaryIndexSize=192
[2022.08.04-18.31.56:404][  0]LogPakFile: PakFile PathHashIndexSize=101
[2022.08.04-18.31.56:404][  0]LogPakFile: PakFile FullDirectoryIndexSize=158
[2022.08.04-18.31.56:404][  0]LogShaderLibrary: Display: ShaderCodeLibraryPakFileMountedCallback: PakFile 'C:/Program Files/Epic Games/UE_4.27/FeaturePacks/TP_2DSideScrollerBP.upack' (chunk index -1, root 'root:/') mounted
[2022.08.04-18.31.56:404][  0]LogShaderLibrary: Display: ShaderCodeLibraryPakFileMountedCallback: pending pak file info (ChunkID:-1 Root:root:/ File:C:/Program Files/Epic Games/UE_4.27/FeaturePacks/TP_2DSideScrollerBP.upack)
[2022.08.04-18.31.56:404][  0]LogPakFile: OnPakFileMounted2Time == 0.000099
[2022.08.04-18.31.56:413][  0]LogPakFile: PakFile PrimaryIndexSize=182
[2022.08.04-18.31.56:413][  0]LogPakFile: PakFile PathHashIndexSize=101
[2022.08.04-18.31.56:413][  0]LogPakFile: PakFile FullDirectoryIndexSize=138
[2022.08.04-18.31.56:413][  0]LogShaderLibrary: Display: ShaderCodeLibraryPakFileMountedCallback: PakFile 'C:/Program Files/Epic Games/UE_4.27/FeaturePacks/TP_Flying.upack' (chunk index -1, root 'root:/') mounted
[2022.08.04-18.31.56:413][  0]LogShaderLibrary: Display: ShaderCodeLibraryPakFileMountedCallback: pending pak file info (ChunkID:-1 Root:root:/ File:C:/Program Files/Epic Games/UE_4.27/FeaturePacks/TP_Flying.upack)
[2022.08.04-18.31.56:413][  0]LogPakFile: OnPakFileMounted2Time == 0.000074
[2022.08.04-18.31.56:426][  0]LogPakFile: PakFile PrimaryIndexSize=184
[2022.08.04-18.31.56:426][  0]LogPakFile: PakFile PathHashIndexSize=101
[2022.08.04-18.31.56:426][  0]LogPakFile: PakFile FullDirectoryIndexSize=142
[2022.08.04-18.31.56:426][  0]LogShaderLibrary: Display: ShaderCodeLibraryPakFileMountedCallback: PakFile 'C:/Program Files/Epic Games/UE_4.27/FeaturePacks/TP_FlyingBP.upack' (chunk index -1, root 'root:/') mounted
[2022.08.04-18.31.56:426][  0]LogShaderLibrary: Display: ShaderCodeLibraryPakFileMountedCallback: pending pak file info (ChunkID:-1 Root:root:/ File:C:/Program Files/Epic Games/UE_4.27/FeaturePacks/TP_FlyingBP.upack)
[2022.08.04-18.31.56:426][  0]LogPakFile: OnPakFileMounted2Time == 0.000083
[2022.08.04-18.31.56:437][  0]LogPakFile: PakFile PrimaryIndexSize=188
[2022.08.04-18.31.56:438][  0]LogPakFile: PakFile PathHashIndexSize=101
[2022.08.04-18.31.56:438][  0]LogPakFile: PakFile FullDirectoryIndexSize=150
[2022.08.04-18.31.56:438][  0]LogShaderLibrary: Display: ShaderCodeLibraryPakFileMountedCallback: PakFile 'C:/Program Files/Epic Games/UE_4.27/FeaturePacks/TP_HandheldARBP.upack' (chunk index -1, root 'root:/') mounted
[2022.08.04-18.31.56:438][  0]LogShaderLibrary: Display: ShaderCodeLibraryPakFileMountedCallback: pending pak file info (ChunkID:-1 Root:root:/ File:C:/Program Files/Epic Games/UE_4.27/FeaturePacks/TP_HandheldARBP.upack)
[2022.08.04-18.31.56:438][  0]LogPakFile: OnPakFileMounted2Time == 0.000091
[2022.08.04-18.31.56:450][  0]LogPakFile: PakFile PrimaryIndexSize=182
[2022.08.04-18.31.56:450][  0]LogPakFile: PakFile PathHashIndexSize=101
[2022.08.04-18.31.56:450][  0]LogPakFile: PakFile FullDirectoryIndexSize=138
[2022.08.04-18.31.56:450][  0]LogShaderLibrary: Display: ShaderCodeLibraryPakFileMountedCallback: PakFile 'C:/Program Files/Epic Games/UE_4.27/FeaturePacks/TP_Puzzle.upack' (chunk index -1, root 'root:/') mounted
[2022.08.04-18.31.56:450][  0]LogShaderLibrary: Display: ShaderCodeLibraryPakFileMountedCallback: pending pak file info (ChunkID:-1 Root:root:/ File:C:/Program Files/Epic Games/UE_4.27/FeaturePacks/TP_Puzzle.upack)
[2022.08.04-18.31.56:450][  0]LogPakFile: OnPakFileMounted2Time == 0.000079
[2022.08.04-18.31.56:460][  0]LogPakFile: PakFile PrimaryIndexSize=184
[2022.08.04-18.31.56:460][  0]LogPakFile: PakFile PathHashIndexSize=101
[2022.08.04-18.31.56:460][  0]LogPakFile: PakFile FullDirectoryIndexSize=142
[2022.08.04-18.31.56:460][  0]LogShaderLibrary: Display: ShaderCodeLibraryPakFileMountedCallback: PakFile 'C:/Program Files/Epic Games/UE_4.27/FeaturePacks/TP_PuzzleBP.upack' (chunk index -1, root 'root:/') mounted
[2022.08.04-18.31.56:460][  0]LogShaderLibrary: Display: ShaderCodeLibraryPakFileMountedCallback: pending pak file info (ChunkID:-1 Root:root:/ File:C:/Program Files/Epic Games/UE_4.27/FeaturePacks/TP_PuzzleBP.upack)
[2022.08.04-18.31.56:460][  0]LogPakFile: OnPakFileMounted2Time == 0.000086
[2022.08.04-18.31.56:472][  0]LogPakFile: PakFile PrimaryIndexSize=183
[2022.08.04-18.31.56:472][  0]LogPakFile: PakFile PathHashIndexSize=101
[2022.08.04-18.31.56:472][  0]LogPakFile: PakFile FullDirectoryIndexSize=140
[2022.08.04-18.31.56:472][  0]LogShaderLibrary: Display: ShaderCodeLibraryPakFileMountedCallback: PakFile 'C:/Program Files/Epic Games/UE_4.27/FeaturePacks/TP_Rolling.upack' (chunk index -1, root 'root:/') mounted
[2022.08.04-18.31.56:472][  0]LogShaderLibrary: Display: ShaderCodeLibraryPakFileMountedCallback: pending pak file info (ChunkID:-1 Root:root:/ File:C:/Program Files/Epic Games/UE_4.27/FeaturePacks/TP_Rolling.upack)
[2022.08.04-18.31.56:472][  0]LogPakFile: OnPakFileMounted2Time == 0.000096
[2022.08.04-18.31.56:480][  0]LogPakFile: PakFile PrimaryIndexSize=185
[2022.08.04-18.31.56:480][  0]LogPakFile: PakFile PathHashIndexSize=101
[2022.08.04-18.31.56:480][  0]LogPakFile: PakFile FullDirectoryIndexSize=144
[2022.08.04-18.31.56:480][  0]LogShaderLibrary: Display: ShaderCodeLibraryPakFileMountedCallback: PakFile 'C:/Program Files/Epic Games/UE_4.27/FeaturePacks/TP_RollingBP.upack' (chunk index -1, root 'root:/') mounted
[2022.08.04-18.31.56:480][  0]LogShaderLibrary: Display: ShaderCodeLibraryPakFileMountedCallback: pending pak file info (ChunkID:-1 Root:root:/ File:C:/Program Files/Epic Games/UE_4.27/FeaturePacks/TP_RollingBP.upack)
[2022.08.04-18.31.56:480][  0]LogPakFile: OnPakFileMounted2Time == 0.000049
[2022.08.04-18.31.56:487][  0]LogPakFile: PakFile PrimaryIndexSize=188
[2022.08.04-18.31.56:487][  0]LogPakFile: PakFile PathHashIndexSize=101
[2022.08.04-18.31.56:487][  0]LogPakFile: PakFile FullDirectoryIndexSize=150
[2022.08.04-18.31.56:487][  0]LogShaderLibrary: Display: ShaderCodeLibraryPakFileMountedCallback: PakFile 'C:/Program Files/Epic Games/UE_4.27/FeaturePacks/TP_SideScroller.upack' (chunk index -1, root 'root:/') mounted
[2022.08.04-18.31.56:487][  0]LogShaderLibrary: Display: ShaderCodeLibraryPakFileMountedCallback: pending pak file info (ChunkID:-1 Root:root:/ File:C:/Program Files/Epic Games/UE_4.27/FeaturePacks/TP_SideScroller.upack)
[2022.08.04-18.31.56:487][  0]LogPakFile: OnPakFileMounted2Time == 0.000075
[2022.08.04-18.31.56:493][  0]LogPakFile: PakFile PrimaryIndexSize=190
[2022.08.04-18.31.56:493][  0]LogPakFile: PakFile PathHashIndexSize=101
[2022.08.04-18.31.56:493][  0]LogPakFile: PakFile FullDirectoryIndexSize=154
[2022.08.04-18.31.56:493][  0]LogShaderLibrary: Display: ShaderCodeLibraryPakFileMountedCallback: PakFile 'C:/Program Files/Epic Games/UE_4.27/FeaturePacks/TP_SideScrollerBP.upack' (chunk index -1, root 'root:/') mounted
[2022.08.04-18.31.56:493][  0]LogShaderLibrary: Display: ShaderCodeLibraryPakFileMountedCallback: pending pak file info (ChunkID:-1 Root:root:/ File:C:/Program Files/Epic Games/UE_4.27/FeaturePacks/TP_SideScrollerBP.upack)
[2022.08.04-18.31.56:493][  0]LogPakFile: OnPakFileMounted2Time == 0.000048
[2022.08.04-18.31.56:501][  0]LogPakFile: PakFile PrimaryIndexSize=187
[2022.08.04-18.31.56:501][  0]LogPakFile: PakFile PathHashIndexSize=101
[2022.08.04-18.31.56:501][  0]LogPakFile: PakFile FullDirectoryIndexSize=148
[2022.08.04-18.31.56:501][  0]LogShaderLibrary: Display: ShaderCodeLibraryPakFileMountedCallback: PakFile 'C:/Program Files/Epic Games/UE_4.27/FeaturePacks/TP_ThirdPerson.upack' (chunk index -1, root 'root:/') mounted
[2022.08.04-18.31.56:501][  0]LogShaderLibrary: Display: ShaderCodeLibraryPakFileMountedCallback: pending pak file info (ChunkID:-1 Root:root:/ File:C:/Program Files/Epic Games/UE_4.27/FeaturePacks/TP_ThirdPerson.upack)
[2022.08.04-18.31.56:501][  0]LogPakFile: OnPakFileMounted2Time == 0.000046
[2022.08.04-18.31.56:508][  0]LogPakFile: PakFile PrimaryIndexSize=189
[2022.08.04-18.31.56:508][  0]LogPakFile: PakFile PathHashIndexSize=101
[2022.08.04-18.31.56:508][  0]LogPakFile: PakFile FullDirectoryIndexSize=152
[2022.08.04-18.31.56:508][  0]LogShaderLibrary: Display: ShaderCodeLibraryPakFileMountedCallback: PakFile 'C:/Program Files/Epic Games/UE_4.27/FeaturePacks/TP_ThirdPersonBP.upack' (chunk index -1, root 'root:/') mounted
[2022.08.04-18.31.56:508][  0]LogShaderLibrary: Display: ShaderCodeLibraryPakFileMountedCallback: pending pak file info (ChunkID:-1 Root:root:/ File:C:/Program Files/Epic Games/UE_4.27/FeaturePacks/TP_ThirdPersonBP.upack)
[2022.08.04-18.31.56:508][  0]LogPakFile: OnPakFileMounted2Time == 0.000090
[2022.08.04-18.31.56:517][  0]LogPakFile: PakFile PrimaryIndexSize=183
[2022.08.04-18.31.56:517][  0]LogPakFile: PakFile PathHashIndexSize=101
[2022.08.04-18.31.56:517][  0]LogPakFile: PakFile FullDirectoryIndexSize=140
[2022.08.04-18.31.56:517][  0]LogShaderLibrary: Display: ShaderCodeLibraryPakFileMountedCallback: PakFile 'C:/Program Files/Epic Games/UE_4.27/FeaturePacks/TP_TopDown.upack' (chunk index -1, root 'root:/') mounted
[2022.08.04-18.31.56:517][  0]LogShaderLibrary: Display: ShaderCodeLibraryPakFileMountedCallback: pending pak file info (ChunkID:-1 Root:root:/ File:C:/Program Files/Epic Games/UE_4.27/FeaturePacks/TP_TopDown.upack)
[2022.08.04-18.31.56:517][  0]LogPakFile: OnPakFileMounted2Time == 0.000059
[2022.08.04-18.31.56:525][  0]LogPakFile: PakFile PrimaryIndexSize=185
[2022.08.04-18.31.56:525][  0]LogPakFile: PakFile PathHashIndexSize=101
[2022.08.04-18.31.56:525][  0]LogPakFile: PakFile FullDirectoryIndexSize=144
[2022.08.04-18.31.56:525][  0]LogShaderLibrary: Display: ShaderCodeLibraryPakFileMountedCallback: PakFile 'C:/Program Files/Epic Games/UE_4.27/FeaturePacks/TP_TopDownBP.upack' (chunk index -1, root 'root:/') mounted
[2022.08.04-18.31.56:525][  0]LogShaderLibrary: Display: ShaderCodeLibraryPakFileMountedCallback: pending pak file info (ChunkID:-1 Root:root:/ File:C:/Program Files/Epic Games/UE_4.27/FeaturePacks/TP_TopDownBP.upack)
[2022.08.04-18.31.56:525][  0]LogPakFile: OnPakFileMounted2Time == 0.000055
[2022.08.04-18.31.56:535][  0]LogPakFile: PakFile PrimaryIndexSize=185
[2022.08.04-18.31.56:535][  0]LogPakFile: PakFile PathHashIndexSize=101
[2022.08.04-18.31.56:535][  0]LogPakFile: PakFile FullDirectoryIndexSize=144
[2022.08.04-18.31.56:535][  0]LogShaderLibrary: Display: ShaderCodeLibraryPakFileMountedCallback: PakFile 'C:/Program Files/Epic Games/UE_4.27/FeaturePacks/TP_TwinStick.upack' (chunk index -1, root 'root:/') mounted
[2022.08.04-18.31.56:535][  0]LogShaderLibrary: Display: ShaderCodeLibraryPakFileMountedCallback: pending pak file info (ChunkID:-1 Root:root:/ File:C:/Program Files/Epic Games/UE_4.27/FeaturePacks/TP_TwinStick.upack)
[2022.08.04-18.31.56:535][  0]LogPakFile: OnPakFileMounted2Time == 0.000051
[2022.08.04-18.31.56:542][  0]LogPakFile: PakFile PrimaryIndexSize=187
[2022.08.04-18.31.56:542][  0]LogPakFile: PakFile PathHashIndexSize=101
[2022.08.04-18.31.56:542][  0]LogPakFile: PakFile FullDirectoryIndexSize=148
[2022.08.04-18.31.56:542][  0]LogShaderLibrary: Display: ShaderCodeLibraryPakFileMountedCallback: PakFile 'C:/Program Files/Epic Games/UE_4.27/FeaturePacks/TP_TwinStickBP.upack' (chunk index -1, root 'root:/') mounted
[2022.08.04-18.31.56:542][  0]LogShaderLibrary: Display: ShaderCodeLibraryPakFileMountedCallback: pending pak file info (ChunkID:-1 Root:root:/ File:C:/Program Files/Epic Games/UE_4.27/FeaturePacks/TP_TwinStickBP.upack)
[2022.08.04-18.31.56:542][  0]LogPakFile: OnPakFileMounted2Time == 0.000048
[2022.08.04-18.31.56:549][  0]LogPakFile: PakFile PrimaryIndexSize=183
[2022.08.04-18.31.56:549][  0]LogPakFile: PakFile PathHashIndexSize=101
[2022.08.04-18.31.56:549][  0]LogPakFile: PakFile FullDirectoryIndexSize=140
[2022.08.04-18.31.56:549][  0]LogShaderLibrary: Display: ShaderCodeLibraryPakFileMountedCallback: PakFile 'C:/Program Files/Epic Games/UE_4.27/FeaturePacks/TP_Vehicle.upack' (chunk index -1, root 'root:/') mounted
[2022.08.04-18.31.56:549][  0]LogShaderLibrary: Display: ShaderCodeLibraryPakFileMountedCallback: pending pak file info (ChunkID:-1 Root:root:/ File:C:/Program Files/Epic Games/UE_4.27/FeaturePacks/TP_Vehicle.upack)
[2022.08.04-18.31.56:549][  0]LogPakFile: OnPakFileMounted2Time == 0.000050
[2022.08.04-18.31.56:557][  0]LogPakFile: PakFile PrimaryIndexSize=186
[2022.08.04-18.31.56:557][  0]LogPakFile: PakFile PathHashIndexSize=101
[2022.08.04-18.31.56:557][  0]LogPakFile: PakFile FullDirectoryIndexSize=146
[2022.08.04-18.31.56:557][  0]LogShaderLibrary: Display: ShaderCodeLibraryPakFileMountedCallback: PakFile 'C:/Program Files/Epic Games/UE_4.27/FeaturePacks/TP_VehicleAdv.upack' (chunk index -1, root 'root:/') mounted
[2022.08.04-18.31.56:557][  0]LogShaderLibrary: Display: ShaderCodeLibraryPakFileMountedCallback: pending pak file info (ChunkID:-1 Root:root:/ File:C:/Program Files/Epic Games/UE_4.27/FeaturePacks/TP_VehicleAdv.upack)
[2022.08.04-18.31.56:557][  0]LogPakFile: OnPakFileMounted2Time == 0.000051
[2022.08.04-18.31.56:564][  0]LogPakFile: PakFile PrimaryIndexSize=188
[2022.08.04-18.31.56:564][  0]LogPakFile: PakFile PathHashIndexSize=101
[2022.08.04-18.31.56:564][  0]LogPakFile: PakFile FullDirectoryIndexSize=150
[2022.08.04-18.31.56:564][  0]LogShaderLibrary: Display: ShaderCodeLibraryPakFileMountedCallback: PakFile 'C:/Program Files/Epic Games/UE_4.27/FeaturePacks/TP_VehicleAdvBP.upack' (chunk index -1, root 'root:/') mounted
[2022.08.04-18.31.56:564][  0]LogShaderLibrary: Display: ShaderCodeLibraryPakFileMountedCallback: pending pak file info (ChunkID:-1 Root:root:/ File:C:/Program Files/Epic Games/UE_4.27/FeaturePacks/TP_VehicleAdvBP.upack)
[2022.08.04-18.31.56:564][  0]LogPakFile: OnPakFileMounted2Time == 0.000055
[2022.08.04-18.31.56:571][  0]LogPakFile: PakFile PrimaryIndexSize=185
[2022.08.04-18.31.56:571][  0]LogPakFile: PakFile PathHashIndexSize=101
[2022.08.04-18.31.56:571][  0]LogPakFile: PakFile FullDirectoryIndexSize=144
[2022.08.04-18.31.56:571][  0]LogShaderLibrary: Display: ShaderCodeLibraryPakFileMountedCallback: PakFile 'C:/Program Files/Epic Games/UE_4.27/FeaturePacks/TP_VehicleBP.upack' (chunk index -1, root 'root:/') mounted
[2022.08.04-18.31.56:571][  0]LogShaderLibrary: Display: ShaderCodeLibraryPakFileMountedCallback: pending pak file info (ChunkID:-1 Root:root:/ File:C:/Program Files/Epic Games/UE_4.27/FeaturePacks/TP_VehicleBP.upack)
[2022.08.04-18.31.56:571][  0]LogPakFile: OnPakFileMounted2Time == 0.000099
[2022.08.04-18.31.56:578][  0]LogPakFile: PakFile PrimaryIndexSize=192
[2022.08.04-18.31.56:578][  0]LogPakFile: PakFile PathHashIndexSize=101
[2022.08.04-18.31.56:578][  0]LogPakFile: PakFile FullDirectoryIndexSize=158
[2022.08.04-18.31.56:578][  0]LogShaderLibrary: Display: ShaderCodeLibraryPakFileMountedCallback: PakFile 'C:/Program Files/Epic Games/UE_4.27/FeaturePacks/TP_VirtualRealityBP.upack' (chunk index -1, root 'root:/') mounted
[2022.08.04-18.31.56:578][  0]LogShaderLibrary: Display: ShaderCodeLibraryPakFileMountedCallback: pending pak file info (ChunkID:-1 Root:root:/ File:C:/Program Files/Epic Games/UE_4.27/FeaturePacks/TP_VirtualRealityBP.upack)
[2022.08.04-18.31.56:578][  0]LogPakFile: OnPakFileMounted2Time == 0.000049
[2022.08.04-18.31.56:914][  0]LogNativeClassHierarchy: Verbose: Native class hierarchy updated for 'AddContentDialog' in 0.0004 seconds. Added 0 classes and 0 folders.
[2022.08.04-18.31.56:972][  0]LogNativeClassHierarchy: Verbose: Native class hierarchy updated for 'SceneOutliner' in 0.0004 seconds. Added 2 classes and 0 folders.
[2022.08.04-18.31.57:247][  0]LogSlate: Took 0.007404 seconds to synchronously load lazily loaded font '../../../Engine/Content/Slate/Fonts/Roboto-Regular.ttf' (155K)
[2022.08.04-18.31.57:262][  0]LogSlate: Took 0.012601 seconds to synchronously load lazily loaded font '../../../Engine/Content/Editor/Slate/Fonts/FontAwesome.ttf' (139K)
[2022.08.04-18.31.57:270][  0]LogSlate: Took 0.006655 seconds to synchronously load lazily loaded font '../../../Engine/Content/Slate/Fonts/Roboto-Bold.ttf' (160K)
[2022.08.04-18.31.57:500][  0]LogRenderer: Reallocating scene render targets to support 1160x600 Format 10 NumSamples 1 (Frame:1).
[2022.08.04-18.31.57:980][  0]LogNativeClassHierarchy: Verbose: Native class hierarchy updated for 'HierarchicalLODOutliner' in 0.0004 seconds. Added 0 classes and 0 folders.
[2022.08.04-18.31.57:980][  0]LogLoad: (Engine Initialization) Total time: 38.79 seconds
[2022.08.04-18.31.57:980][  0]LogLoad: (Engine Initialization) Total Blueprint compile time: 0.00 seconds
[2022.08.04-18.31.58:140][  0]LogContentStreaming: Texture pool size now 3000 MB
[2022.08.04-18.31.58:274][  1]LogAssetRegistry: Asset discovery search completed in 19.4435 seconds
[2022.08.04-18.31.58:339][  1]LogCollectionManager: Fixed up redirectors for 0 collections in 0.000496 seconds (updated 0 objects)
[2022.08.04-18.31.58:415][  2]LogSlate: Took 0.007239 seconds to synchronously load lazily loaded font '../../../Engine/Content/Slate/Fonts/Roboto-Light.ttf' (167K)
[2022.08.04-18.37.23:708][233]LogAudioMixer: Warning: Changing default audio render device to new device: {0.0.0.00000000}.{225f60c1-670d-47e0-9a60-2dec6ec454cc}.
[2022.08.04-18.37.23:713][233]LogAudioMixer: Resetting audio stream to device id 
[2022.08.04-18.37.23:740][233]LogAudioMixer: Display: 0: FrontLeft
[2022.08.04-18.37.23:740][233]LogAudioMixer: Display: 1: FrontRight
