Log file open, 08/04/22 23:30:01
LogWindows: Failed to load 'aqProf.dll' (GetLastError=126)
LogWindows: File 'aqProf.dll' does not exist
LogWindows: Failed to load 'VtuneApi.dll' (GetLastError=126)
LogWindows: File 'VtuneApi.dll' does not exist
LogWindows: Failed to load 'VtuneApi32e.dll' (GetLastError=126)
LogWindows: File 'VtuneApi32e.dll' does not exist
LogConsoleResponse: Display: Failed to find resolution value strings in scalability ini. Falling back to default.
LogConsoleResponse: Display: Failed to find resolution value strings in scalability ini. Falling back to default.
LogInit: Display: Running engine for game: ShootThemUp
LogPlatformFile: Not using cached read wrapper
LogTaskGraph: Started task graph with 5 named threads and 11 total threads with 3 sets of task threads.
LogStats: Stats thread started at 0.680476
LogICUInternationalization: ICU TimeZone Detection - Raw Offset: +3:00, Platform Override: ''
LogInit: Display: Loading text-based GConfig....
LogPluginManager: Mounting plugin MeshPainting
LogPluginManager: Mounting plugin XGEController
LogPluginManager: Mounting plugin Paper2D
LogPluginManager: Mounting plugin AISupport
LogPluginManager: Mounting plugin EnvironmentQueryEditor
LogPluginManager: Mounting plugin LiveLink
LogPluginManager: Mounting plugin LightPropagationVolume
LogPluginManager: Mounting plugin CameraShakePreviewer
LogPluginManager: Mounting plugin GameplayCameras
LogPluginManager: Mounting plugin OodleData
LogPluginManager: Mounting plugin OodleNetwork
LogPluginManager: Mounting plugin AnimationSharing
LogPluginManager: Mounting plugin CLionSourceCodeAccess
LogPluginManager: Mounting plugin CodeLiteSourceCodeAccess
LogPluginManager: Mounting plugin GitSourceControl
LogPluginManager: Mounting plugin KDevelopSourceCodeAccess
LogPluginManager: Mounting plugin NullSourceCodeAccess
LogPluginManager: Mounting plugin PerforceSourceControl
LogPluginManager: Mounting plugin PixWinPlugin
LogPluginManager: Mounting plugin PluginUtils
LogPluginManager: Mounting plugin PlasticSourceControl
LogPluginManager: Mounting plugin PropertyAccessNode
LogPluginManager: Mounting plugin RiderSourceCodeAccess
LogPluginManager: Mounting plugin SubversionSourceControl
LogPluginManager: Mounting plugin TextureFormatOodle
LogPluginManager: Mounting plugin UObjectPlugin
LogPluginManager: Mounting plugin VisualStudioCodeSourceCodeAccess
LogPluginManager: Mounting plugin VisualStudioSourceCodeAccess
LogPluginManager: Mounting plugin XCodeSourceCodeAccess
LogPluginManager: Mounting plugin AssetManagerEditor
LogPluginManager: Mounting plugin CryptoKeys
LogPluginManager: Mounting plugin CurveEditorTools
LogPluginManager: Mounting plugin DataValidation
LogPluginManager: Mounting plugin FacialAnimation
LogPluginManager: Mounting plugin GameplayTagsEditor
LogPluginManager: Mounting plugin GeometryMode
LogPluginManager: Mounting plugin MacGraphicsSwitching
LogPluginManager: Mounting plugin MaterialAnalyzer
LogPluginManager: Mounting plugin MobileLauncherProfileWizard
LogPluginManager: Mounting plugin PluginBrowser
LogPluginManager: Mounting plugin SpeedTreeImporter
LogPluginManager: Mounting plugin VariantManagerContent
LogPluginManager: Mounting plugin AlembicImporter
LogPluginManager: Mounting plugin AutomationUtils
LogPluginManager: Mounting plugin BackChannel
LogPluginManager: Mounting plugin DatasmithContent
LogPluginManager: Mounting plugin ChaosCloth
LogPluginManager: Mounting plugin ChaosClothEditor
LogPluginManager: Mounting plugin ChaosEditor
LogPluginManager: Mounting plugin ChaosNiagara
LogPluginManager: Mounting plugin ChaosSolverPlugin
LogPluginManager: Mounting plugin CharacterAI
LogPluginManager: Mounting plugin Niagara
LogPluginManager: Mounting plugin GeometryCache
LogPluginManager: Mounting plugin GeometryCollectionPlugin
LogPluginManager: Mounting plugin GeometryProcessing
LogPluginManager: Mounting plugin MotoSynth
LogPluginManager: Mounting plugin OpenImageDenoise
LogPluginManager: Mounting plugin PlanarCut
LogPluginManager: Mounting plugin PlatformCrypto
LogPluginManager: Mounting plugin PythonScriptPlugin
LogPluginManager: Mounting plugin ProxyLODPlugin
LogPluginManager: Mounting plugin SkeletalReduction
LogPluginManager: Mounting plugin LuminPlatformFeatures
LogPluginManager: Mounting plugin MagicLeap
LogPluginManager: Mounting plugin MagicLeapLightEstimation
LogPluginManager: Mounting plugin MagicLeapMedia
LogPluginManager: Mounting plugin MagicLeapPassableWorld
LogPluginManager: Mounting plugin MLSDK
LogPluginManager: Mounting plugin AndroidMedia
LogPluginManager: Mounting plugin AvfMedia
LogPluginManager: Mounting plugin ImgMedia
LogPluginManager: Mounting plugin MediaCompositing
LogPluginManager: Mounting plugin MediaPlayerEditor
LogPluginManager: Mounting plugin WebMMedia
LogPluginManager: Mounting plugin WmfMedia
LogPluginManager: Mounting plugin TcpMessaging
LogPluginManager: Mounting plugin UdpMessaging
LogPluginManager: Mounting plugin ActorSequence
LogPluginManager: Mounting plugin LevelSequenceEditor
LogPluginManager: Mounting plugin MatineeToLevelSequence
LogPluginManager: Mounting plugin TemplateSequence
LogPluginManager: Mounting plugin OnlineSubsystem
LogPluginManager: Mounting plugin OnlineSubsystemNull
LogPluginManager: Mounting plugin OnlineSubsystemUtils
LogPluginManager: Mounting plugin LauncherChunkInstaller
LogPluginManager: Mounting plugin ActorLayerUtilities
LogPluginManager: Mounting plugin AndroidDeviceProfileSelector
LogPluginManager: Mounting plugin AndroidMoviePlayer
LogPluginManager: Mounting plugin AndroidPermission
LogPluginManager: Mounting plugin AppleImageUtils
LogPluginManager: Mounting plugin AppleMoviePlayer
LogPluginManager: Mounting plugin ArchVisCharacter
LogPluginManager: Mounting plugin AssetTags
LogPluginManager: Mounting plugin AudioCapture
LogPluginManager: Mounting plugin AudioSynesthesia
LogPluginManager: Mounting plugin CableComponent
LogPluginManager: Mounting plugin ChunkDownloader
LogPluginManager: Mounting plugin CustomMeshComponent
LogPluginManager: Mounting plugin EditableMesh
LogPluginManager: Mounting plugin ExampleDeviceProfileSelector
LogPluginManager: Mounting plugin GoogleCloudMessaging
LogPluginManager: Mounting plugin GooglePAD
LogPluginManager: Mounting plugin IOSDeviceProfileSelector
LogPluginManager: Mounting plugin LinuxDeviceProfileSelector
LogPluginManager: Mounting plugin LocationServicesBPLibrary
LogPluginManager: Mounting plugin MobilePatchingUtils
LogPluginManager: Mounting plugin OpenXR
LogPluginManager: Mounting plugin OpenXREyeTracker
LogPluginManager: Mounting plugin OpenXRHandTracking
LogPluginManager: Mounting plugin ScreenshotTools
LogPluginManager: Mounting plugin PhysXVehicles
LogPluginManager: Mounting plugin PostSplashScreen
LogPluginManager: Mounting plugin ProceduralMeshComponent
LogPluginManager: Mounting plugin PropertyAccessEditor
LogPluginManager: Mounting plugin RuntimePhysXCooking
LogPluginManager: Mounting plugin SignificanceManager
LogPluginManager: Mounting plugin SoundFields
LogPluginManager: Mounting plugin Synthesis
LogPluginManager: Mounting plugin WebMMoviePlayer
LogPluginManager: Mounting plugin WindowsMoviePlayer
LogPluginManager: Mounting plugin Takes
LogPluginManager: Mounting plugin ContentBrowserAssetDataSource
LogPluginManager: Mounting plugin ContentBrowserClassDataSource
LogPluginManager: Mounting plugin ContentBrowserFileDataSource
LogPluginManager: Mounting plugin OnlineSubsystemGooglePlay
LogPluginManager: Mounting plugin OnlineSubsystemIOS
LogPluginManager: Mounting plugin OculusVR
LogPluginManager: Mounting plugin SteamVR
PixWinPlugin: PIX capture plugin failed to initialize! Check that the process is launched from PIX.
LogInit: Using libcurl 7.55.1-DEV
LogInit:  - built for x86_64-pc-win32
LogInit:  - supports SSL with OpenSSL/1.1.1
LogInit:  - supports HTTP deflate (compression) using libz 1.2.8
LogInit:  - other features:
LogInit:      CURL_VERSION_SSL
LogInit:      CURL_VERSION_LIBZ
LogInit:      CURL_VERSION_IPV6
LogInit:      CURL_VERSION_ASYNCHDNS
LogInit:      CURL_VERSION_LARGEFILE
LogInit:      CURL_VERSION_IDN
LogInit:  CurlRequestOptions (configurable via config and command line):
LogInit:  - bVerifyPeer = true  - Libcurl will verify peer certificate
LogInit:  - bUseHttpProxy = false  - Libcurl will NOT use HTTP proxy
LogInit:  - bDontReuseConnections = false  - Libcurl will reuse connections
LogInit:  - MaxHostConnections = 16  - Libcurl will limit the number of connections to a host
LogInit:  - LocalHostAddr = Default
LogInit:  - BufferSize = 65536
LogOnline: OSS: Creating online subsystem instance for: NULL
LogInit: WinSock: version 1.1 (2.2), MaxSocks=32767, MaxUdp=65467
LogOnline: OSS: TryLoadSubsystemAndSetDefault: Loaded subsystem for module [NULL]
LogOculusPluginWrapper: OculusPlugin initialized successfully
LogHMD: Failed initializing OVRPlugin 1.59.0
LogInit: Build: ++UE4+Release-4.27-CL-18319896
LogInit: Engine Version: 4.27.2-18319896+++UE4+Release-4.27
LogInit: Compatible Engine Version: 4.27.0-17155196+++UE4+Release-4.27
LogInit: Net CL: 17155196
LogInit: OS: Windows 10 (Release 2009) (), CPU: Intel(R) Core(TM) i3-8130U CPU @ 2.20GHz, GPU: Intel(R) UHD Graphics 620
LogInit: Compiled (64-bit): Nov 30 2021 07:12:08
LogInit: Compiled with Visual C++: 19.24.28315.00
LogInit: Build Configuration: Development
LogInit: Branch Name: ++UE4+Release-4.27
LogInit: Command Line:  -skipcompile
LogInit: Base Directory: C:/Program Files/Epic Games/UE_4.27/Engine/Binaries/Win64/
LogInit: Allocator: TBB
LogInit: Installed Engine Build: 1
LogDevObjectVersion: Number of dev versions registered: 29
LogDevObjectVersion:   Dev-Blueprints (B0D832E4-1F89-4F0D-ACCF-7EB736FD4AA2): 10
LogDevObjectVersion:   Dev-Build (E1C64328-A22C-4D53-A36C-8E866417BD8C): 0
LogDevObjectVersion:   Dev-Core (375EC13C-06E4-48FB-B500-84F0262A717E): 4
LogDevObjectVersion:   Dev-Editor (E4B068ED-F494-42E9-A231-DA0B2E46BB41): 40
LogDevObjectVersion:   Dev-Framework (CFFC743F-43B0-4480-9391-14DF171D2073): 37
LogDevObjectVersion:   Dev-Mobile (B02B49B5-BB20-44E9-A304-32B752E40360): 3
LogDevObjectVersion:   Dev-Networking (A4E4105C-59A1-49B5-A7C5-40C4547EDFEE): 0
LogDevObjectVersion:   Dev-Online (39C831C9-5AE6-47DC-9A44-9C173E1C8E7C): 0
LogDevObjectVersion:   Dev-Physics (78F01B33-EBEA-4F98-B9B4-84EACCB95AA2): 14
LogDevObjectVersion:   Dev-Platform (6631380F-2D4D-43E0-8009-CF276956A95A): 0
LogDevObjectVersion:   Dev-Rendering (12F88B9F-8875-4AFC-A67C-D90C383ABD29): 45
LogDevObjectVersion:   Dev-Sequencer (7B5AE74C-D270-4C10-A958-57980B212A5A): 13
LogDevObjectVersion:   Dev-VR (D7296918-1DD6-4BDD-9DE2-64A83CC13884): 3
LogDevObjectVersion:   Dev-LoadTimes (C2A15278-BFE7-4AFE-6C17-90FF531DF755): 1
LogDevObjectVersion:   Private-Geometry (6EACA3D4-40EC-4CC1-B786-8BED09428FC5): 3
LogDevObjectVersion:   Dev-AnimPhys (29E575DD-E0A3-4627-9D10-D276232CDCEA): 17
LogDevObjectVersion:   Dev-Anim (AF43A65D-7FD3-4947-9873-3E8ED9C1BB05): 15
LogDevObjectVersion:   Dev-ReflectionCapture (6B266CEC-1EC7-4B8F-A30B-E4D90942FC07): 1
LogDevObjectVersion:   Dev-Automation (0DF73D61-A23F-47EA-B727-89E90C41499A): 1
LogDevObjectVersion:   FortniteMain (601D1886-AC64-4F84-AA16-D3DE0DEAC7D6): 47
LogDevObjectVersion:   FortniteRelease (E7086368-6B23-4C58-8439-1B7016265E91): 1
LogDevObjectVersion:   Dev-Enterprise (9DFFBCD6-494F-0158-E221-12823C92A888): 10
LogDevObjectVersion:   Dev-Niagara (F2AED0AC-9AFE-416F-8664-AA7FFA26D6FC): 1
LogDevObjectVersion:   Dev-Destruction (174F1F0B-B4C6-45A5-B13F-2EE8D0FB917D): 10
LogDevObjectVersion:   Dev-Physics-Ext (35F94A83-E258-406C-A318-09F59610247C): 41
LogDevObjectVersion:   Dev-PhysicsMaterial-Chaos (B68FC16E-8B1B-42E2-B453-215C058844FE): 1
LogDevObjectVersion:   Dev-CineCamera (B2E18506-4273-CFC2-A54E-F4BB758BBA07): 1
LogDevObjectVersion:   Dev-VirtualProduction (64F58936-FD1B-42BA-BA96-7289D5D0FA4E): 1
LogDevObjectVersion:   Dev-MediaFramework (6F0ED827-A609-4895-9C91-998D90180EA4): 2
LogInit: Presizing for max 25165824 objects, including 0 objects not considered by GC, pre-allocating 0 bytes for permanent pool.
LogConfig: Applying CVar settings from Section [/Script/Engine.StreamingSettings] File [D:/Work/Learning/ue4_shoot_them_up/ShootThemUp/Saved/Config/Windows/Engine.ini]
LogConfig: Setting CVar [[s.MinBulkDataSizeForAsyncLoading:131072]]
LogConfig: Setting CVar [[s.AsyncLoadingThreadEnabled:0]]
LogConfig: Setting CVar [[s.EventDrivenLoaderEnabled:1]]
LogConfig: Setting CVar [[s.WarnIfTimeLimitExceeded:0]]
LogConfig: Setting CVar [[s.TimeLimitExceededMultiplier:1.5]]
LogConfig: Setting CVar [[s.TimeLimitExceededMinTime:0.005]]
LogConfig: Setting CVar [[s.UseBackgroundLevelStreaming:1]]
LogConfig: Setting CVar [[s.PriorityAsyncLoadingExtraTime:15.0]]
LogConfig: Setting CVar [[s.LevelStreamingActorsUpdateTimeLimit:5.0]]
LogConfig: Setting CVar [[s.PriorityLevelStreamingActorsUpdateExtraTime:5.0]]
LogConfig: Setting CVar [[s.LevelStreamingComponentsRegistrationGranularity:10]]
LogConfig: Setting CVar [[s.UnregisterComponentsTimeLimit:1.0]]
LogConfig: Setting CVar [[s.LevelStreamingComponentsUnregistrationGranularity:5]]
LogConfig: Setting CVar [[s.FlushStreamingOnExit:1]]
LogInit: Object subsystem initialized
LogConfig: Setting CVar [[con.DebugEarlyDefault:1]]
LogConfig: Setting CVar [[r.setres:1280x720]]
[2022.08.04-20.30.03:175][  0]LogConfig: Setting CVar [[r.VSync:0]]
[2022.08.04-20.30.03:175][  0]LogConfig: Setting CVar [[r.RHICmdBypass:0]]
[2022.08.04-20.30.03:175][  0]LogConfig: Applying CVar settings from Section [/Script/Engine.RendererSettings] File [D:/Work/Learning/ue4_shoot_them_up/ShootThemUp/Saved/Config/Windows/Engine.ini]
[2022.08.04-20.30.03:175][  0]LogConfig: Setting CVar [[r.GPUCrashDebugging:0]]
[2022.08.04-20.30.03:176][  0]LogConfig: Applying CVar settings from Section [/Script/Engine.RendererOverrideSettings] File [D:/Work/Learning/ue4_shoot_them_up/ShootThemUp/Saved/Config/Windows/Engine.ini]
[2022.08.04-20.30.03:176][  0]LogConfig: Applying CVar settings from Section [/Script/Engine.StreamingSettings] File [D:/Work/Learning/ue4_shoot_them_up/ShootThemUp/Saved/Config/Windows/Engine.ini]
[2022.08.04-20.30.03:176][  0]LogConfig: Setting CVar [[s.MinBulkDataSizeForAsyncLoading:131072]]
[2022.08.04-20.30.03:176][  0]LogConfig: Setting CVar [[s.AsyncLoadingThreadEnabled:0]]
[2022.08.04-20.30.03:176][  0]LogConfig: Setting CVar [[s.EventDrivenLoaderEnabled:1]]
[2022.08.04-20.30.03:176][  0]LogConfig: Setting CVar [[s.WarnIfTimeLimitExceeded:0]]
[2022.08.04-20.30.03:176][  0]LogConfig: Setting CVar [[s.TimeLimitExceededMultiplier:1.5]]
[2022.08.04-20.30.03:176][  0]LogConfig: Setting CVar [[s.TimeLimitExceededMinTime:0.005]]
[2022.08.04-20.30.03:176][  0]LogConfig: Setting CVar [[s.UseBackgroundLevelStreaming:1]]
[2022.08.04-20.30.03:176][  0]LogConfig: Setting CVar [[s.PriorityAsyncLoadingExtraTime:15.0]]
[2022.08.04-20.30.03:176][  0]LogConfig: Setting CVar [[s.LevelStreamingActorsUpdateTimeLimit:5.0]]
[2022.08.04-20.30.03:176][  0]LogConfig: Setting CVar [[s.PriorityLevelStreamingActorsUpdateExtraTime:5.0]]
[2022.08.04-20.30.03:176][  0]LogConfig: Setting CVar [[s.LevelStreamingComponentsRegistrationGranularity:10]]
[2022.08.04-20.30.03:176][  0]LogConfig: Setting CVar [[s.UnregisterComponentsTimeLimit:1.0]]
[2022.08.04-20.30.03:176][  0]LogConfig: Setting CVar [[s.LevelStreamingComponentsUnregistrationGranularity:5]]
[2022.08.04-20.30.03:176][  0]LogConfig: Setting CVar [[s.FlushStreamingOnExit:1]]
[2022.08.04-20.30.03:176][  0]LogConfig: Applying CVar settings from Section [/Script/Engine.GarbageCollectionSettings] File [D:/Work/Learning/ue4_shoot_them_up/ShootThemUp/Saved/Config/Windows/Engine.ini]
[2022.08.04-20.30.03:176][  0]LogConfig: Setting CVar [[gc.MaxObjectsNotConsideredByGC:1]]
[2022.08.04-20.30.03:176][  0]LogConfig: Setting CVar [[gc.SizeOfPermanentObjectPool:0]]
[2022.08.04-20.30.03:176][  0]LogConfig: Setting CVar [[gc.FlushStreamingOnGC:0]]
[2022.08.04-20.30.03:176][  0]LogConfig: Setting CVar [[gc.NumRetriesBeforeForcingGC:10]]
[2022.08.04-20.30.03:176][  0]LogConfig: Setting CVar [[gc.AllowParallelGC:1]]
[2022.08.04-20.30.03:176][  0]LogConfig: Setting CVar [[gc.TimeBetweenPurgingPendingKillObjects:61.1]]
[2022.08.04-20.30.03:176][  0]LogConfig: Setting CVar [[gc.MaxObjectsInEditor:25165824]]
[2022.08.04-20.30.03:176][  0]LogConfig: Setting CVar [[gc.IncrementalBeginDestroyEnabled:1]]
[2022.08.04-20.30.03:176][  0]LogConfig: Setting CVar [[gc.CreateGCClusters:1]]
[2022.08.04-20.30.03:176][  0]LogConfig: Setting CVar [[gc.MinGCClusterSize:5]]
[2022.08.04-20.30.03:176][  0]LogConfig: Setting CVar [[gc.ActorClusteringEnabled:0]]
[2022.08.04-20.30.03:176][  0]LogConfig: Setting CVar [[gc.BlueprintClusteringEnabled:0]]
[2022.08.04-20.30.03:176][  0]LogConfig: Setting CVar [[gc.UseDisregardForGCOnDedicatedServers:0]]
[2022.08.04-20.30.03:176][  0]LogConfig: Setting CVar [[gc.MultithreadedDestructionEnabled:1]]
[2022.08.04-20.30.03:176][  0]LogConfig: Applying CVar settings from Section [/Script/Engine.NetworkSettings] File [D:/Work/Learning/ue4_shoot_them_up/ShootThemUp/Saved/Config/Windows/Engine.ini]
[2022.08.04-20.30.03:176][  0]LogConfig: Applying CVar settings from Section [/Script/UnrealEd.CookerSettings] File [D:/Work/Learning/ue4_shoot_them_up/ShootThemUp/Saved/Config/Windows/Engine.ini]
[2022.08.04-20.30.03:186][  0]LogConfig: Applying CVar settings from Section [ViewDistanceQuality@3] File [D:/Work/Learning/ue4_shoot_them_up/ShootThemUp/Saved/Config/Windows/Scalability.ini]
[2022.08.04-20.30.03:186][  0]LogConfig: Setting CVar [[r.SkeletalMeshLODBias:0]]
[2022.08.04-20.30.03:186][  0]LogConfig: Setting CVar [[r.ViewDistanceScale:1.0]]
[2022.08.04-20.30.03:186][  0]LogConfig: Applying CVar settings from Section [AntiAliasingQuality@3] File [D:/Work/Learning/ue4_shoot_them_up/ShootThemUp/Saved/Config/Windows/Scalability.ini]
[2022.08.04-20.30.03:186][  0]LogConfig: Setting CVar [[r.PostProcessAAQuality:4]]
[2022.08.04-20.30.03:186][  0]LogConfig: Applying CVar settings from Section [ShadowQuality@3] File [D:/Work/Learning/ue4_shoot_them_up/ShootThemUp/Saved/Config/Windows/Scalability.ini]
[2022.08.04-20.30.03:186][  0]LogConfig: Setting CVar [[r.LightFunctionQuality:1]]
[2022.08.04-20.30.03:186][  0]LogConfig: Setting CVar [[r.ShadowQuality:5]]
[2022.08.04-20.30.03:186][  0]LogConfig: Setting CVar [[r.Shadow.CSM.MaxCascades:10]]
[2022.08.04-20.30.03:186][  0]LogConfig: Setting CVar [[r.Shadow.MaxResolution:2048]]
[2022.08.04-20.30.03:186][  0]LogConfig: Setting CVar [[r.Shadow.MaxCSMResolution:2048]]
[2022.08.04-20.30.03:186][  0]LogConfig: Setting CVar [[r.Shadow.RadiusThreshold:0.01]]
[2022.08.04-20.30.03:186][  0]LogConfig: Setting CVar [[r.Shadow.DistanceScale:1.0]]
[2022.08.04-20.30.03:186][  0]LogConfig: Setting CVar [[r.Shadow.CSM.TransitionScale:1.0]]
[2022.08.04-20.30.03:186][  0]LogConfig: Setting CVar [[r.Shadow.PreShadowResolutionFactor:1.0]]
[2022.08.04-20.30.03:186][  0]LogConfig: Setting CVar [[r.DistanceFieldShadowing:1]]
[2022.08.04-20.30.03:186][  0]LogConfig: Setting CVar [[r.DistanceFieldAO:1]]
[2022.08.04-20.30.03:186][  0]LogConfig: Setting CVar [[r.AOQuality:2]]
[2022.08.04-20.30.03:186][  0]LogConfig: Setting CVar [[r.VolumetricFog:1]]
[2022.08.04-20.30.03:186][  0]LogConfig: Setting CVar [[r.VolumetricFog.GridPixelSize:8]]
[2022.08.04-20.30.03:186][  0]LogConfig: Setting CVar [[r.VolumetricFog.GridSizeZ:128]]
[2022.08.04-20.30.03:186][  0]LogConfig: Setting CVar [[r.VolumetricFog.HistoryMissSupersampleCount:4]]
[2022.08.04-20.30.03:186][  0]LogConfig: Setting CVar [[r.LightMaxDrawDistanceScale:1]]
[2022.08.04-20.30.03:186][  0]LogConfig: Setting CVar [[r.CapsuleShadows:1]]
[2022.08.04-20.30.03:186][  0]LogConfig: Applying CVar settings from Section [PostProcessQuality@3] File [D:/Work/Learning/ue4_shoot_them_up/ShootThemUp/Saved/Config/Windows/Scalability.ini]
[2022.08.04-20.30.03:186][  0]LogConfig: Setting CVar [[r.MotionBlurQuality:4]]
[2022.08.04-20.30.03:186][  0]LogConfig: Setting CVar [[r.AmbientOcclusionMipLevelFactor:0.4]]
[2022.08.04-20.30.03:186][  0]LogConfig: Setting CVar [[r.AmbientOcclusionMaxQuality:100]]
[2022.08.04-20.30.03:186][  0]LogConfig: Setting CVar [[r.AmbientOcclusionLevels:-1]]
[2022.08.04-20.30.03:186][  0]LogConfig: Setting CVar [[r.AmbientOcclusionRadiusScale:1.0]]
[2022.08.04-20.30.03:186][  0]LogConfig: Setting CVar [[r.DepthOfFieldQuality:2]]
[2022.08.04-20.30.03:186][  0]LogConfig: Setting CVar [[r.RenderTargetPoolMin:400]]
[2022.08.04-20.30.03:186][  0]LogConfig: Setting CVar [[r.LensFlareQuality:2]]
[2022.08.04-20.30.03:186][  0]LogConfig: Setting CVar [[r.SceneColorFringeQuality:1]]
[2022.08.04-20.30.03:187][  0]LogConfig: Setting CVar [[r.EyeAdaptationQuality:2]]
[2022.08.04-20.30.03:187][  0]LogConfig: Setting CVar [[r.BloomQuality:5]]
[2022.08.04-20.30.03:187][  0]LogConfig: Setting CVar [[r.FastBlurThreshold:100]]
[2022.08.04-20.30.03:187][  0]LogConfig: Setting CVar [[r.Upscale.Quality:3]]
[2022.08.04-20.30.03:187][  0]LogConfig: Setting CVar [[r.Tonemapper.GrainQuantization:1]]
[2022.08.04-20.30.03:187][  0]LogConfig: Setting CVar [[r.LightShaftQuality:1]]
[2022.08.04-20.30.03:187][  0]LogConfig: Setting CVar [[r.Filter.SizeScale:1]]
[2022.08.04-20.30.03:187][  0]LogConfig: Setting CVar [[r.Tonemapper.Quality:5]]
[2022.08.04-20.30.03:187][  0]LogConfig: Setting CVar [[r.DOF.Gather.AccumulatorQuality:1        ; higher gathering accumulator quality]]
[2022.08.04-20.30.03:187][  0]LogConfig: Setting CVar [[r.DOF.Gather.PostfilterMethod:1          ; Median3x3 postfilering method]]
[2022.08.04-20.30.03:187][  0]LogConfig: Setting CVar [[r.DOF.Gather.EnableBokehSettings:0       ; no bokeh simulation when gathering]]
[2022.08.04-20.30.03:187][  0]LogConfig: Setting CVar [[r.DOF.Gather.RingCount:4                 ; medium number of samples when gathering]]
[2022.08.04-20.30.03:187][  0]LogConfig: Setting CVar [[r.DOF.Scatter.ForegroundCompositing:1    ; additive foreground scattering]]
[2022.08.04-20.30.03:187][  0]LogConfig: Setting CVar [[r.DOF.Scatter.BackgroundCompositing:2    ; additive background scattering]]
[2022.08.04-20.30.03:187][  0]LogConfig: Setting CVar [[r.DOF.Scatter.EnableBokehSettings:1      ; bokeh simulation when scattering]]
[2022.08.04-20.30.03:187][  0]LogConfig: Setting CVar [[r.DOF.Scatter.MaxSpriteRatio:0.1         ; only a maximum of 10% of scattered bokeh]]
[2022.08.04-20.30.03:187][  0]LogConfig: Setting CVar [[r.DOF.Recombine.Quality:1                ; cheap slight out of focus]]
[2022.08.04-20.30.03:187][  0]LogConfig: Setting CVar [[r.DOF.Recombine.EnableBokehSettings:0    ; no bokeh simulation on slight out of focus]]
[2022.08.04-20.30.03:187][  0]LogConfig: Setting CVar [[r.DOF.TemporalAAQuality:1                ; more stable temporal accumulation]]
[2022.08.04-20.30.03:187][  0]LogConfig: Setting CVar [[r.DOF.Kernel.MaxForegroundRadius:0.025]]
[2022.08.04-20.30.03:187][  0]LogConfig: Setting CVar [[r.DOF.Kernel.MaxBackgroundRadius:0.025]]
[2022.08.04-20.30.03:187][  0]LogConfig: Applying CVar settings from Section [TextureQuality@3] File [D:/Work/Learning/ue4_shoot_them_up/ShootThemUp/Saved/Config/Windows/Scalability.ini]
[2022.08.04-20.30.03:187][  0]LogConfig: Setting CVar [[r.Streaming.MipBias:0]]
[2022.08.04-20.30.03:187][  0]LogConfig: Setting CVar [[r.Streaming.AmortizeCPUToGPUCopy:0]]
[2022.08.04-20.30.03:187][  0]LogConfig: Setting CVar [[r.Streaming.MaxNumTexturesToStreamPerFrame:0]]
[2022.08.04-20.30.03:187][  0]LogConfig: Setting CVar [[r.Streaming.Boost:1]]
[2022.08.04-20.30.03:187][  0]LogConfig: Setting CVar [[r.MaxAnisotropy:8]]
[2022.08.04-20.30.03:187][  0]LogConfig: Setting CVar [[r.VT.MaxAnisotropy:8]]
[2022.08.04-20.30.03:187][  0]LogConfig: Setting CVar [[r.Streaming.LimitPoolSizeToVRAM:0]]
[2022.08.04-20.30.03:187][  0]LogConfig: Setting CVar [[r.Streaming.PoolSize:1000]]
[2022.08.04-20.30.03:187][  0]LogConfig: Setting CVar [[r.Streaming.MaxEffectiveScreenSize:0]]
[2022.08.04-20.30.03:187][  0]LogConfig: Applying CVar settings from Section [EffectsQuality@3] File [D:/Work/Learning/ue4_shoot_them_up/ShootThemUp/Saved/Config/Windows/Scalability.ini]
[2022.08.04-20.30.03:187][  0]LogConfig: Setting CVar [[r.TranslucencyLightingVolumeDim:64]]
[2022.08.04-20.30.03:187][  0]LogConfig: Setting CVar [[r.RefractionQuality:2]]
[2022.08.04-20.30.03:187][  0]LogConfig: Setting CVar [[r.SSR.Quality:3]]
[2022.08.04-20.30.03:187][  0]LogConfig: Setting CVar [[r.SSR.HalfResSceneColor:0]]
[2022.08.04-20.30.03:187][  0]LogConfig: Setting CVar [[r.SceneColorFormat:4]]
[2022.08.04-20.30.03:187][  0]LogConfig: Setting CVar [[r.DetailMode:2]]
[2022.08.04-20.30.03:187][  0]LogConfig: Setting CVar [[r.TranslucencyVolumeBlur:1]]
[2022.08.04-20.30.03:187][  0]LogConfig: Setting CVar [[r.MaterialQualityLevel:1 ; High quality]]
[2022.08.04-20.30.03:187][  0]LogConfig: Setting CVar [[r.AnisotropicMaterials:1]]
[2022.08.04-20.30.03:187][  0]LogConfig: Setting CVar [[r.SSS.Scale:1]]
[2022.08.04-20.30.03:187][  0]LogConfig: Setting CVar [[r.SSS.SampleSet:2]]
[2022.08.04-20.30.03:187][  0]LogConfig: Setting CVar [[r.SSS.Quality:1]]
[2022.08.04-20.30.03:188][  0]LogConfig: Setting CVar [[r.SSS.HalfRes:0]]
[2022.08.04-20.30.03:188][  0]LogConfig: Setting CVar [[r.SSGI.Quality:3]]
[2022.08.04-20.30.03:188][  0]LogConfig: Setting CVar [[r.EmitterSpawnRateScale:1.0]]
[2022.08.04-20.30.03:188][  0]LogConfig: Setting CVar [[r.ParticleLightQuality:2]]
[2022.08.04-20.30.03:188][  0]LogConfig: Setting CVar [[r.SkyAtmosphere.AerialPerspectiveLUT.FastApplyOnOpaque:1 ; Always have FastSkyLUT 1 in this case to avoid wrong sky]]
[2022.08.04-20.30.03:188][  0]LogConfig: Setting CVar [[r.SkyAtmosphere.AerialPerspectiveLUT.SampleCountMaxPerSlice:4]]
[2022.08.04-20.30.03:188][  0]LogConfig: Setting CVar [[r.SkyAtmosphere.AerialPerspectiveLUT.DepthResolution:16.0]]
[2022.08.04-20.30.03:188][  0]LogConfig: Setting CVar [[r.SkyAtmosphere.FastSkyLUT:1]]
[2022.08.04-20.30.03:188][  0]LogConfig: Setting CVar [[r.SkyAtmosphere.FastSkyLUT.SampleCountMin:4.0]]
[2022.08.04-20.30.03:188][  0]LogConfig: Setting CVar [[r.SkyAtmosphere.FastSkyLUT.SampleCountMax:128.0]]
[2022.08.04-20.30.03:188][  0]LogConfig: Setting CVar [[r.SkyAtmosphere.SampleCountMin:4.0]]
[2022.08.04-20.30.03:188][  0]LogConfig: Setting CVar [[r.SkyAtmosphere.SampleCountMax:128.0]]
[2022.08.04-20.30.03:188][  0]LogConfig: Setting CVar [[r.SkyAtmosphere.TransmittanceLUT.UseSmallFormat:0]]
[2022.08.04-20.30.03:188][  0]LogConfig: Setting CVar [[r.SkyAtmosphere.TransmittanceLUT.SampleCount:10.0]]
[2022.08.04-20.30.03:188][  0]LogConfig: Setting CVar [[r.SkyAtmosphere.MultiScatteringLUT.SampleCount:15.0]]
[2022.08.04-20.30.03:188][  0]LogConfig: Setting CVar [[r.SkyLight.RealTimeReflectionCapture:1]]
[2022.08.04-20.30.03:188][  0]LogConfig: Applying CVar settings from Section [FoliageQuality@3] File [D:/Work/Learning/ue4_shoot_them_up/ShootThemUp/Saved/Config/Windows/Scalability.ini]
[2022.08.04-20.30.03:188][  0]LogConfig: Setting CVar [[foliage.DensityScale:1.0]]
[2022.08.04-20.30.03:188][  0]LogConfig: Setting CVar [[grass.DensityScale:1.0]]
[2022.08.04-20.30.03:188][  0]LogConfig: Applying CVar settings from Section [ShadingQuality@3] File [D:/Work/Learning/ue4_shoot_them_up/ShootThemUp/Saved/Config/Windows/Scalability.ini]
[2022.08.04-20.30.03:188][  0]LogConfig: Setting CVar [[r.HairStrands.SkyLighting.IntegrationType:2]]
[2022.08.04-20.30.03:188][  0]LogConfig: Setting CVar [[r.HairStrands.SkyAO.SampleCount:4]]
[2022.08.04-20.30.03:188][  0]LogConfig: Setting CVar [[r.HairStrands.Visibility.MSAA.SamplePerPixel:4]]
[2022.08.04-20.30.03:188][  0]LogInit: Selected Device Profile: [Windows]
[2022.08.04-20.30.03:188][  0]LogInit: Applying CVar settings loaded from the selected device profile: [Windows]
[2022.08.04-20.30.03:188][  0]LogHAL: Display: Platform has ~ 8 GB [8459096064 / 8589934592 / 8], which maps to Default [LargestMinGB=32, LargerMinGB=12, DefaultMinGB=8, SmallerMinGB=6, SmallestMinGB=0)
[2022.08.04-20.30.03:188][  0]LogInit: Going up to parent DeviceProfile []
[2022.08.04-20.30.03:188][  0]LogConfig: Applying CVar settings from Section [ViewDistanceQuality@Cine] File [D:/Work/Learning/ue4_shoot_them_up/ShootThemUp/Saved/Config/Windows/Scalability.ini]
[2022.08.04-20.30.03:188][  0]LogConfig: Setting CVar [[r.SkeletalMeshLODBias:0]]
[2022.08.04-20.30.03:188][  0]LogConfig: Setting CVar [[r.ViewDistanceScale:10.0]]
[2022.08.04-20.30.03:188][  0]LogConfig: Applying CVar settings from Section [AntiAliasingQuality@1] File [D:/Work/Learning/ue4_shoot_them_up/ShootThemUp/Saved/Config/Windows/Scalability.ini]
[2022.08.04-20.30.03:188][  0]LogConfig: Setting CVar [[r.PostProcessAAQuality:2]]
[2022.08.04-20.30.03:188][  0]LogConfig: Applying CVar settings from Section [ShadowQuality@3] File [D:/Work/Learning/ue4_shoot_them_up/ShootThemUp/Saved/Config/Windows/Scalability.ini]
[2022.08.04-20.30.03:188][  0]LogConfig: Setting CVar [[r.LightFunctionQuality:1]]
[2022.08.04-20.30.03:188][  0]LogConfig: Setting CVar [[r.ShadowQuality:5]]
[2022.08.04-20.30.03:188][  0]LogConfig: Setting CVar [[r.Shadow.CSM.MaxCascades:10]]
[2022.08.04-20.30.03:188][  0]LogConfig: Setting CVar [[r.Shadow.MaxResolution:2048]]
[2022.08.04-20.30.03:189][  0]LogConfig: Setting CVar [[r.Shadow.MaxCSMResolution:2048]]
[2022.08.04-20.30.03:189][  0]LogConfig: Setting CVar [[r.Shadow.RadiusThreshold:0.01]]
[2022.08.04-20.30.03:189][  0]LogConfig: Setting CVar [[r.Shadow.DistanceScale:1.0]]
[2022.08.04-20.30.03:189][  0]LogConfig: Setting CVar [[r.Shadow.CSM.TransitionScale:1.0]]
[2022.08.04-20.30.03:189][  0]LogConfig: Setting CVar [[r.Shadow.PreShadowResolutionFactor:1.0]]
[2022.08.04-20.30.03:189][  0]LogConfig: Setting CVar [[r.DistanceFieldShadowing:1]]
[2022.08.04-20.30.03:189][  0]LogConfig: Setting CVar [[r.DistanceFieldAO:1]]
[2022.08.04-20.30.03:189][  0]LogConfig: Setting CVar [[r.AOQuality:2]]
[2022.08.04-20.30.03:189][  0]LogConfig: Setting CVar [[r.VolumetricFog:1]]
[2022.08.04-20.30.03:189][  0]LogConfig: Setting CVar [[r.VolumetricFog.GridPixelSize:8]]
[2022.08.04-20.30.03:189][  0]LogConfig: Setting CVar [[r.VolumetricFog.GridSizeZ:128]]
[2022.08.04-20.30.03:189][  0]LogConfig: Setting CVar [[r.VolumetricFog.HistoryMissSupersampleCount:4]]
[2022.08.04-20.30.03:189][  0]LogConfig: Setting CVar [[r.LightMaxDrawDistanceScale:1]]
[2022.08.04-20.30.03:189][  0]LogConfig: Setting CVar [[r.CapsuleShadows:1]]
[2022.08.04-20.30.03:189][  0]LogConfig: Applying CVar settings from Section [PostProcessQuality@0] File [D:/Work/Learning/ue4_shoot_them_up/ShootThemUp/Saved/Config/Windows/Scalability.ini]
[2022.08.04-20.30.03:189][  0]LogConfig: Setting CVar [[r.MotionBlurQuality:0]]
[2022.08.04-20.30.03:189][  0]LogConfig: Setting CVar [[r.AmbientOcclusionMipLevelFactor:1.0]]
[2022.08.04-20.30.03:189][  0]LogConfig: Setting CVar [[r.AmbientOcclusionMaxQuality:0]]
[2022.08.04-20.30.03:189][  0]LogConfig: Setting CVar [[r.AmbientOcclusionLevels:0]]
[2022.08.04-20.30.03:189][  0]LogConfig: Setting CVar [[r.AmbientOcclusionRadiusScale:1.2]]
[2022.08.04-20.30.03:189][  0]LogConfig: Setting CVar [[r.DepthOfFieldQuality:0]]
[2022.08.04-20.30.03:189][  0]LogConfig: Setting CVar [[r.RenderTargetPoolMin:300]]
[2022.08.04-20.30.03:189][  0]LogConfig: Setting CVar [[r.LensFlareQuality:0]]
[2022.08.04-20.30.03:189][  0]LogConfig: Setting CVar [[r.SceneColorFringeQuality:0]]
[2022.08.04-20.30.03:189][  0]LogConfig: Setting CVar [[r.EyeAdaptationQuality:2]]
[2022.08.04-20.30.03:189][  0]LogConfig: Setting CVar [[r.BloomQuality:4]]
[2022.08.04-20.30.03:189][  0]LogConfig: Setting CVar [[r.FastBlurThreshold:0]]
[2022.08.04-20.30.03:189][  0]LogConfig: Setting CVar [[r.Upscale.Quality:1]]
[2022.08.04-20.30.03:189][  0]LogConfig: Setting CVar [[r.Tonemapper.GrainQuantization:0]]
[2022.08.04-20.30.03:189][  0]LogConfig: Setting CVar [[r.LightShaftQuality:0]]
[2022.08.04-20.30.03:189][  0]LogConfig: Setting CVar [[r.Filter.SizeScale:0.6]]
[2022.08.04-20.30.03:189][  0]LogConfig: Setting CVar [[r.Tonemapper.Quality:0]]
[2022.08.04-20.30.03:189][  0]LogConfig: Applying CVar settings from Section [TextureQuality@Cine] File [D:/Work/Learning/ue4_shoot_them_up/ShootThemUp/Saved/Config/Windows/Scalability.ini]
[2022.08.04-20.30.03:189][  0]LogConfig: Setting CVar [[r.Streaming.MipBias:0]]
[2022.08.04-20.30.03:189][  0]LogConfig: Setting CVar [[r.Streaming.AmortizeCPUToGPUCopy:0]]
[2022.08.04-20.30.03:189][  0]LogConfig: Setting CVar [[r.Streaming.MaxNumTexturesToStreamPerFrame:0]]
[2022.08.04-20.30.03:189][  0]LogConfig: Setting CVar [[r.Streaming.Boost:1]]
[2022.08.04-20.30.03:189][  0]LogConfig: Setting CVar [[r.MaxAnisotropy:8]]
[2022.08.04-20.30.03:189][  0]LogConfig: Setting CVar [[r.VT.MaxAnisotropy:8]]
[2022.08.04-20.30.03:189][  0]LogConfig: Setting CVar [[r.Streaming.LimitPoolSizeToVRAM:0]]
[2022.08.04-20.30.03:189][  0]LogConfig: Setting CVar [[r.Streaming.PoolSize:3000]]
[2022.08.04-20.30.03:189][  0]LogConfig: Setting CVar [[r.Streaming.MaxEffectiveScreenSize:0]]
[2022.08.04-20.30.03:189][  0]LogConfig: Applying CVar settings from Section [EffectsQuality@Cine] File [D:/Work/Learning/ue4_shoot_them_up/ShootThemUp/Saved/Config/Windows/Scalability.ini]
[2022.08.04-20.30.03:189][  0]LogConfig: Setting CVar [[r.TranslucencyLightingVolumeDim:64]]
[2022.08.04-20.30.03:189][  0]LogConfig: Setting CVar [[r.RefractionQuality:2]]
[2022.08.04-20.30.03:189][  0]LogConfig: Setting CVar [[r.SSR.Quality:4]]
[2022.08.04-20.30.03:189][  0]LogConfig: Setting CVar [[r.SSR.HalfResSceneColor:0]]
[2022.08.04-20.30.03:189][  0]LogConfig: Setting CVar [[r.SceneColorFormat:4]]
[2022.08.04-20.30.03:190][  0]LogConfig: Setting CVar [[r.DetailMode:2]]
[2022.08.04-20.30.03:190][  0]LogConfig: Setting CVar [[r.TranslucencyVolumeBlur:1]]
[2022.08.04-20.30.03:190][  0]LogConfig: Setting CVar [[r.MaterialQualityLevel:1 ; High quality]]
[2022.08.04-20.30.03:190][  0]LogConfig: Setting CVar [[r.AnisotropicMaterials:1]]
[2022.08.04-20.30.03:190][  0]LogConfig: Setting CVar [[r.SSS.Scale:1]]
[2022.08.04-20.30.03:190][  0]LogConfig: Setting CVar [[r.SSS.SampleSet:2]]
[2022.08.04-20.30.03:190][  0]LogConfig: Setting CVar [[r.SSS.Quality:1]]
[2022.08.04-20.30.03:190][  0]LogConfig: Setting CVar [[r.SSS.HalfRes:0]]
[2022.08.04-20.30.03:190][  0]LogConfig: Setting CVar [[r.SSGI.Quality:4]]
[2022.08.04-20.30.03:190][  0]LogConfig: Setting CVar [[r.EmitterSpawnRateScale:1.0]]
[2022.08.04-20.30.03:190][  0]LogConfig: Setting CVar [[r.ParticleLightQuality:2]]
[2022.08.04-20.30.03:190][  0]LogConfig: Setting CVar [[r.SkyAtmosphere.AerialPerspectiveLUT.FastApplyOnOpaque:0]]
[2022.08.04-20.30.03:190][  0]LogConfig: Setting CVar [[r.SkyAtmosphere.AerialPerspectiveLUT.SampleCountMaxPerSlice:8]]
[2022.08.04-20.30.03:190][  0]LogConfig: Setting CVar [[r.SkyAtmosphere.AerialPerspectiveLUT.DepthResolution:32.0]]
[2022.08.04-20.30.03:190][  0]LogConfig: Setting CVar [[r.SkyAtmosphere.FastSkyLUT:0]]
[2022.08.04-20.30.03:190][  0]LogConfig: Setting CVar [[r.SkyAtmosphere.FastSkyLUT.SampleCountMin:4.0]]
[2022.08.04-20.30.03:190][  0]LogConfig: Setting CVar [[r.SkyAtmosphere.FastSkyLUT.SampleCountMax:256.0]]
[2022.08.04-20.30.03:190][  0]LogConfig: Setting CVar [[r.SkyAtmosphere.SampleCountMin:8.0]]
[2022.08.04-20.30.03:190][  0]LogConfig: Setting CVar [[r.SkyAtmosphere.SampleCountMax:256.0]]
[2022.08.04-20.30.03:190][  0]LogConfig: Setting CVar [[r.SkyAtmosphere.TransmittanceLUT.UseSmallFormat:0]]
[2022.08.04-20.30.03:190][  0]LogConfig: Setting CVar [[r.SkyAtmosphere.TransmittanceLUT.SampleCount:30.0]]
[2022.08.04-20.30.03:190][  0]LogConfig: Setting CVar [[r.SkyAtmosphere.MultiScatteringLUT.SampleCount:20.0]]
[2022.08.04-20.30.03:190][  0]LogConfig: Setting CVar [[r.SkyLight.RealTimeReflectionCapture:1]]
[2022.08.04-20.30.03:190][  0]LogConfig: Applying CVar settings from Section [FoliageQuality@Cine] File [D:/Work/Learning/ue4_shoot_them_up/ShootThemUp/Saved/Config/Windows/Scalability.ini]
[2022.08.04-20.30.03:190][  0]LogConfig: Setting CVar [[foliage.DensityScale:1.0]]
[2022.08.04-20.30.03:190][  0]LogConfig: Setting CVar [[grass.DensityScale:1.0]]
[2022.08.04-20.30.03:190][  0]LogConfig: Applying CVar settings from Section [ShadingQuality@Cine] File [D:/Work/Learning/ue4_shoot_them_up/ShootThemUp/Saved/Config/Windows/Scalability.ini]
[2022.08.04-20.30.03:190][  0]LogConfig: Setting CVar [[r.HairStrands.SkyLighting.IntegrationType:0]]
[2022.08.04-20.30.03:190][  0]LogConfig: Setting CVar [[r.HairStrands.SkyAO.SampleCount:8]]
[2022.08.04-20.30.03:190][  0]LogConfig: Setting CVar [[r.HairStrands.Visibility.MSAA.SamplePerPixel:8]]
[2022.08.04-20.30.03:190][  0]LogConfig: Applying CVar settings from Section [Startup] File [../../../Engine/Config/ConsoleVariables.ini]
[2022.08.04-20.30.03:192][  0]LogConfig: Setting CVar [[net.UseAdaptiveNetUpdateFrequency:0]]
[2022.08.04-20.30.03:192][  0]LogConfig: Setting CVar [[p.chaos.AllowCreatePhysxBodies:1]]
[2022.08.04-20.30.03:192][  0]LogConfig: Setting CVar [[fx.SkipVectorVMBackendOptimizations:1]]
[2022.08.04-20.30.03:192][  0]LogConfig: Applying CVar settings from Section [ConsoleVariables] File [D:/Work/Learning/ue4_shoot_them_up/ShootThemUp/Saved/Config/Windows/Engine.ini]
[2022.08.04-20.30.03:192][  0]LogConfig: Applying CVar settings from Section [ConsoleVariables] File [D:/Work/Learning/ue4_shoot_them_up/ShootThemUp/Saved/Config/Windows/Editor.ini]
[2022.08.04-20.30.03:193][  0]LogInit: Computer: KUBIK
[2022.08.04-20.30.03:193][  0]LogInit: User: kubik
[2022.08.04-20.30.03:193][  0]LogInit: CPU Page size=4096, Cores=2
[2022.08.04-20.30.03:193][  0]LogInit: High frequency timer resolution =10.000000 MHz
[2022.08.04-20.30.03:193][  0]LogMemory: Memory total: Physical=7.9GB (8GB approx)
[2022.08.04-20.30.03:193][  0]LogMemory: Platform Memory Stats for Windows
[2022.08.04-20.30.03:193][  0]LogMemory: Process Physical Memory: 137.61 MB used, 137.61 MB peak
[2022.08.04-20.30.03:193][  0]LogMemory: Process Virtual Memory: 113.93 MB used, 113.93 MB peak
[2022.08.04-20.30.03:193][  0]LogMemory: Physical Memory: 6819.30 MB used,  1247.93 MB free, 8067.22 MB total
[2022.08.04-20.30.03:193][  0]LogMemory: Virtual Memory: 134213384.00 MB used,  4345.34 MB free, 134217728.00 MB total
[2022.08.04-20.30.03:201][  0]LogWindows: WindowsPlatformFeatures enabled
[2022.08.04-20.30.03:312][  0]LogInit: Physics initialised using underlying interface: PhysX
[2022.08.04-20.30.03:313][  0]LogInit: Using OS detected language (en-US).
[2022.08.04-20.30.03:313][  0]LogInit: Using OS detected locale (en-US).
[2022.08.04-20.30.03:334][  0]LogTextLocalizationManager: No specific localization for 'en-US' exists, so the 'en' localization will be used.
[2022.08.04-20.30.03:723][  0]LogInit: Setting process to per monitor DPI aware
[2022.08.04-20.30.03:741][  0]LogWindowsTextInputMethodSystem: Display: IME system deactivated.
[2022.08.04-20.30.03:764][  0]LogSlate: New Slate User Created.  User Index 0, Is Virtual User: 0
[2022.08.04-20.30.03:764][  0]LogSlate: Slate User Registered.  User Index 0, Is Virtual User: 0
[2022.08.04-20.30.04:084][  0]LogD3D11RHI: Loaded GFSDK_Aftermath_Lib.x64.dll
[2022.08.04-20.30.04:141][  0]LogHMD: Failed to initialize OpenVR with code 110
[2022.08.04-20.30.04:142][  0]LogD3D11RHI: D3D11 min allowed feature level: 11_0
[2022.08.04-20.30.04:142][  0]LogD3D11RHI: D3D11 max allowed feature level: 11_0
[2022.08.04-20.30.04:142][  0]LogD3D11RHI: D3D11 adapters:
[2022.08.04-20.30.04:267][  0]LogD3D11RHI:    0. 'NVIDIA GeForce MX150' (Feature Level 11_0)
[2022.08.04-20.30.04:267][  0]LogD3D11RHI:       1983/0/4033 MB DedicatedVideo/DedicatedSystem/SharedSystem, Outputs:1, VendorId:0x10de
[2022.08.04-20.30.04:281][  0]LogD3D11RHI:    1. 'Intel(R) UHD Graphics 620' (Feature Level 11_0)
[2022.08.04-20.30.04:281][  0]LogD3D11RHI:       128/0/4033 MB DedicatedVideo/DedicatedSystem/SharedSystem, Outputs:0, VendorId:0x8086
[2022.08.04-20.30.04:285][  0]LogD3D11RHI:    2. 'Microsoft Basic Render Driver' (Feature Level 11_0)
[2022.08.04-20.30.04:285][  0]LogD3D11RHI:       0/0/4033 MB DedicatedVideo/DedicatedSystem/SharedSystem, Outputs:0, VendorId:0x1414
[2022.08.04-20.30.04:285][  0]LogD3D11RHI: Chosen D3D11 Adapter:
[2022.08.04-20.30.04:285][  0]LogD3D11RHI:     Description : NVIDIA GeForce MX150
[2022.08.04-20.30.04:285][  0]LogD3D11RHI:     VendorId    : 10de
[2022.08.04-20.30.04:285][  0]LogD3D11RHI:     DeviceId    : 1d10
[2022.08.04-20.30.04:285][  0]LogD3D11RHI:     SubSysId    : 39b017aa
[2022.08.04-20.30.04:285][  0]LogD3D11RHI:     Revision    : 00a1
[2022.08.04-20.30.04:285][  0]LogD3D11RHI:     DedicatedVideoMemory : 2080038912 bytes
[2022.08.04-20.30.04:285][  0]LogD3D11RHI:     DedicatedSystemMemory : 0 bytes
[2022.08.04-20.30.04:285][  0]LogD3D11RHI:     SharedSystemMemory : 4229548032 bytes
[2022.08.04-20.30.04:285][  0]LogD3D11RHI:     AdapterLuid : 0 62584
[2022.08.04-20.30.04:291][  0]LogD3D11RHI: Creating new Direct3DDevice
[2022.08.04-20.30.04:291][  0]LogD3D11RHI:     GPU DeviceId: 0x1d10 (for the marketing name, search the web for "GPU Device Id")
[2022.08.04-20.30.04:291][  0]LogWindows: EnumDisplayDevices:
[2022.08.04-20.30.04:292][  0]LogWindows:    0. 'Intel(R) UHD Graphics 620' (P:1 D:1)
[2022.08.04-20.30.04:292][  0]LogWindows:    1. 'Intel(R) UHD Graphics 620' (P:0 D:0)
[2022.08.04-20.30.04:292][  0]LogWindows:    2. 'Intel(R) UHD Graphics 620' (P:0 D:0)
[2022.08.04-20.30.04:292][  0]LogWindows: DebugString: PrimaryIsNotTheChoosenAdapter PrimaryIsNotTheChoosenAdapter PrimaryIsNotTheChoosenAdapter FoundDriverCount:0 
[2022.08.04-20.30.04:292][  0]LogD3D11RHI:     Adapter Name: NVIDIA GeForce MX150
[2022.08.04-20.30.04:292][  0]LogD3D11RHI:   Driver Version: Unknown (internal:Unknown, unified:Unknown)
[2022.08.04-20.30.04:292][  0]LogD3D11RHI:      Driver Date: Unknown
[2022.08.04-20.30.04:292][  0]LogRHI: Texture pool is 1388 MB (70% of 1983 MB)
[2022.08.04-20.30.04:292][  0]LogD3D11RHI: Creating D3DDevice using adapter:
[2022.08.04-20.30.04:292][  0]LogD3D11RHI:     Description : NVIDIA GeForce MX150
[2022.08.04-20.30.04:292][  0]LogD3D11RHI:     VendorId    : 10de
[2022.08.04-20.30.04:292][  0]LogD3D11RHI:     DeviceId    : 1d10
[2022.08.04-20.30.04:292][  0]LogD3D11RHI:     SubSysId    : 39b017aa
[2022.08.04-20.30.04:292][  0]LogD3D11RHI:     Revision    : 00a1
[2022.08.04-20.30.04:292][  0]LogD3D11RHI:     DedicatedVideoMemory : 2080038912 bytes
[2022.08.04-20.30.04:292][  0]LogD3D11RHI:     DedicatedSystemMemory : 0 bytes
[2022.08.04-20.30.04:292][  0]LogD3D11RHI:     SharedSystemMemory : 4229548032 bytes
[2022.08.04-20.30.04:292][  0]LogD3D11RHI:     AdapterLuid : 0 62584
[2022.08.04-20.30.04:366][  0]LogD3D11RHI: RHI has support for 64 bit atomics
[2022.08.04-20.30.04:366][  0]LogD3D11RHI: Async texture creation enabled
[2022.08.04-20.30.04:366][  0]LogD3D11RHI: Array index from any shader is supported
[2022.08.04-20.30.04:392][  0]LogD3D11RHI: GPU Timing Frequency: 1000.000000 (Debug: 2 2)
[2022.08.04-20.30.04:447][  0]LogRHI: GeForceNow SDK initialized: 1
[2022.08.04-20.30.04:878][  0]LogTargetPlatformManager: Display: Loaded TargetPlatform 'AllDesktop'
[2022.08.04-20.30.04:908][  0]LogTargetPlatformManager: Display: Loaded TargetPlatform 'Android'
[2022.08.04-20.30.04:908][  0]LogTargetPlatformManager: Display: Loaded TargetPlatform 'Android_ASTC'
[2022.08.04-20.30.04:908][  0]LogTargetPlatformManager: Display: Loaded TargetPlatform 'Android_DXT'
[2022.08.04-20.30.04:908][  0]LogTargetPlatformManager: Display: Loaded TargetPlatform 'Android_ETC2'
[2022.08.04-20.30.04:908][  0]LogTargetPlatformManager: Display: Loaded TargetPlatform 'AndroidClient'
[2022.08.04-20.30.04:908][  0]LogTargetPlatformManager: Display: Loaded TargetPlatform 'Android_ASTCClient'
[2022.08.04-20.30.04:908][  0]LogTargetPlatformManager: Display: Loaded TargetPlatform 'Android_DXTClient'
[2022.08.04-20.30.04:908][  0]LogTargetPlatformManager: Display: Loaded TargetPlatform 'Android_ETC2Client'
[2022.08.04-20.30.04:908][  0]LogTargetPlatformManager: Display: Loaded TargetPlatform 'Android_Multi'
[2022.08.04-20.30.04:908][  0]LogTargetPlatformManager: Display: Loaded TargetPlatform 'Android_MultiClient'
[2022.08.04-20.30.04:931][  0]LogTargetPlatformManager: Display: Loaded TargetPlatform 'IOSClient'
[2022.08.04-20.30.04:931][  0]LogTargetPlatformManager: Display: Loaded TargetPlatform 'IOS'
[2022.08.04-20.30.04:944][  0]LogTargetPlatformManager: Display: Loaded TargetPlatform 'Linux'
[2022.08.04-20.30.04:951][  0]LogTargetPlatformManager: Display: Loaded TargetPlatform 'LinuxNoEditor'
[2022.08.04-20.30.04:956][  0]LogTargetPlatformManager: Display: Loaded TargetPlatform 'LinuxClient'
[2022.08.04-20.30.04:962][  0]LogTargetPlatformManager: Display: Loaded TargetPlatform 'LinuxServer'
[2022.08.04-20.30.04:974][  0]LogTargetPlatformManager: Display: Loaded TargetPlatform 'LinuxAArch64NoEditor'
[2022.08.04-20.30.04:980][  0]LogTargetPlatformManager: Display: Loaded TargetPlatform 'LinuxAArch64Client'
[2022.08.04-20.30.04:986][  0]LogTargetPlatformManager: Display: Loaded TargetPlatform 'LinuxAArch64Server'
[2022.08.04-20.30.05:019][  0]LogTargetPlatformManager: Display: Loaded TargetPlatform 'Lumin'
[2022.08.04-20.30.05:019][  0]LogTargetPlatformManager: Display: Loaded TargetPlatform 'LuminClient'
[2022.08.04-20.30.05:033][  0]LogTargetPlatformManager: Display: Loaded TargetPlatform 'MacNoEditor'
[2022.08.04-20.30.05:038][  0]LogTargetPlatformManager: Display: Loaded TargetPlatform 'Mac'
[2022.08.04-20.30.05:044][  0]LogTargetPlatformManager: Display: Loaded TargetPlatform 'MacClient'
[2022.08.04-20.30.05:049][  0]LogTargetPlatformManager: Display: Loaded TargetPlatform 'MacServer'
[2022.08.04-20.30.05:062][  0]LogTargetPlatformManager: Display: Loaded TargetPlatform 'TVOSClient'
[2022.08.04-20.30.05:062][  0]LogTargetPlatformManager: Display: Loaded TargetPlatform 'TVOS'
[2022.08.04-20.30.05:074][  0]LogTargetPlatformManager: Display: Loaded TargetPlatform 'WindowsNoEditor'
[2022.08.04-20.30.05:082][  0]LogTargetPlatformManager: Display: Loaded TargetPlatform 'Windows'
[2022.08.04-20.30.05:088][  0]LogTargetPlatformManager: Display: Loaded TargetPlatform 'WindowsClient'
[2022.08.04-20.30.05:095][  0]LogTargetPlatformManager: Display: Loaded TargetPlatform 'WindowsServer'
[2022.08.04-20.30.05:095][  0]LogTargetPlatformManager: Display: Building Assets For Windows
[2022.08.04-20.30.05:106][  0]LogAudioDebug: Display: Lib vorbis DLL was dynamically loaded.
[2022.08.04-20.30.05:155][  0]LogTextureFormatOodle: Display: Oodle Texture 2.9.0 init RDO Off
[2022.08.04-20.30.05:255][  0]LogRendererCore: Ray tracing is disabled. Reason: r.RayTracing=0.
[2022.08.04-20.30.05:255][  0]LogShaderCompilers: Guid format shader working directory is -1 characters bigger than the processId version (D:/Work/Learning/ue4_shoot_them_up/ShootThemUp/Intermediate/Shaders/WorkingDirectory/10416/).
[2022.08.04-20.30.05:255][  0]LogShaderCompilers: Cleaned the shader compiler working directory 'C:/Users/kubik/AppData/Local/Temp/UnrealShaderWorkingDir/1264120846A898D8085990AEE1F01A0B/'.
[2022.08.04-20.30.05:256][  0]LogXGEController: Cannot use XGE Controller as Incredibuild is not installed on this machine.
[2022.08.04-20.30.05:256][  0]LogShaderCompilers: Cannot use XGE Shader Compiler as Incredibuild is not installed on this machine.
[2022.08.04-20.30.05:256][  0]LogShaderCompilers: Display: Using Local Shader Compiler.
[2022.08.04-20.30.06:280][  0]LogDerivedDataCache: Display: Max Cache Size: 512 MB
[2022.08.04-20.30.06:634][  0]LogDerivedDataCache: Loaded boot cache 0.35s 115MB C:/Users/kubik/AppData/Local/UnrealEngine/4.27/DerivedDataCache/Boot.ddc.
[2022.08.04-20.30.06:634][  0]LogDerivedDataCache: Display: Loaded Boot cache: C:/Users/kubik/AppData/Local/UnrealEngine/4.27/DerivedDataCache/Boot.ddc
[2022.08.04-20.30.06:634][  0]LogDerivedDataCache: FDerivedDataBackendGraph:  Pak pak cache file D:/Work/Learning/ue4_shoot_them_up/ShootThemUp/DerivedDataCache/DDC.ddp not found, will not use a pak cache.
[2022.08.04-20.30.06:634][  0]LogDerivedDataCache: Unable to find inner node Pak for hierarchical cache Hierarchy.
[2022.08.04-20.30.06:635][  0]LogDerivedDataCache: FDerivedDataBackendGraph:  CompressedPak pak cache file D:/Work/Learning/ue4_shoot_them_up/ShootThemUp/DerivedDataCache/Compressed.ddp not found, will not use a pak cache.
[2022.08.04-20.30.06:635][  0]LogDerivedDataCache: Unable to find inner node CompressedPak for hierarchical cache Hierarchy.
[2022.08.04-20.30.06:670][  0]LogDerivedDataCache: Display: Pak cache opened for reading ../../../Engine/DerivedDataCache/Compressed.ddp.
[2022.08.04-20.30.06:670][  0]LogDerivedDataCache: FDerivedDataBackendGraph:  EnterprisePak pak cache file ../../../Enterprise/DerivedDataCache/Compressed.ddp not found, will not use a pak cache.
[2022.08.04-20.30.06:670][  0]LogDerivedDataCache: Unable to find inner node EnterprisePak for hierarchical cache Hierarchy.
[2022.08.04-20.30.06:813][  0]LogDerivedDataCache: Speed tests for C:/Users/kubik/AppData/Local/UnrealEngine/Common/DerivedDataCache took 0.14 seconds
[2022.08.04-20.30.06:813][  0]LogDerivedDataCache: Display: Performance to C:/Users/kubik/AppData/Local/UnrealEngine/Common/DerivedDataCache: Latency=5.19ms. RandomReadSpeed=13.96MBs, RandomWriteSpeed=62.17MBs. Assigned SpeedClass 'Fast'
[2022.08.04-20.30.06:814][  0]LogDerivedDataCache: Using Local data cache path C:/Users/kubik/AppData/Local/UnrealEngine/Common/DerivedDataCache: Writable
[2022.08.04-20.30.06:814][  0]LogDerivedDataCache: Shared data cache path not found in *engine.ini, will not use an Shared cache.
[2022.08.04-20.30.06:814][  0]LogDerivedDataCache: Unable to find inner node Shared for hierarchical cache Hierarchy.
[2022.08.04-20.30.06:871][  0]LogSlate: Using FreeType 2.10.0
[2022.08.04-20.30.06:876][  0]LogSlate: SlateFontServices - WITH_FREETYPE: 1, WITH_HARFBUZZ: 1
[2022.08.04-20.30.06:936][  0]LogAssetRegistry: FAssetRegistry took 0.0035 seconds to start up
[2022.08.04-20.30.07:309][  0]LogInit: Selected Device Profile: [Windows]
[2022.08.04-20.30.07:309][  0]LogInit: Active device profile: [0000025EB3B60B00][0000025EA6481840 49] Windows
[2022.08.04-20.30.07:309][  0]LogInit: Profiles: [0000025EB3B60B00][0000025EA6481840 49] Windows, [0000025EB3B2A100][0000025EA64899C0 49] WindowsNoEditor, [0000025EB3B61900][0000025EB2539B40 49] WindowsServer, [0000025EB3B2AE00][0000025EB253C140 49] WindowsClient, [0000025EB3B63C00][0000025EB25402C0 49] IOS, [0000025EB3B28F00][0000025EB2544440 49] iPadAir, [0000025EB3B63E00][0000025EB25485C0 49] iPadAir2, [0000025EB3AC4C00][0000025EB2550880 49] IPadPro, [0000025EB3AC4D00][0000025EB254C8C0 49] iPadAir3, [0000025EB3B2BB00][0000025EA6484A00 49] iPadAir4, [0000025EB3AC7600][0000025EB2554B40 49] iPadMini2, [0000025EB3B2B200][0000025EB2558C80 49] iPadMini3, [0000025EB3AC7800][0000025EB255CDC0 49] iPadMini4, [0000025EB3B2B800][0000025EB2564F40 49] iPadMini5, [0000025EB3ACC600][0000025EB256D200 49] iPhone6, [0000025EB3ACC700][0000025EB2569240 49] iPodTouch6, [0000025EB3B62900][0000025EB2575500 49] iPhone7, [0000025EB3B62800][0000025EB2571540 49] iPodTouch7, [0000025EB3ACC100][0000025EB25796C0 49] iPhone5S, [0000025EB3AC4700][0000025EB257D840 49] iPhone6Plus, [0000025EB3ACE500][0000025EB25819C0 49] iPhone6S, [0000025EB3AC5300][0000025EB2585B40 49] iPhone6SPlus, [0000025EB3ACFB00][0000025EB2588140 49] iPhone7Plus, [0000025EB3AC7500][0000025EB258C2C0 49] iPhoneSE, [0000025EB3B62600][0000025EB2590440 49] iPhone8, [0000025EB3AC4600][0000025EB25945C0 49] iPhone8Plus, [0000025EB3B62200][0000025EB2598740 49] iPhoneX, [0000025EB3AC7300][0000025EB259C8C0 49] iPhoneXS, [0000025EB3B63400][0000025EB376EA40 49] iPhoneXSMax, [0000025EB3AC6D00][0000025EB2560B80 49] iPhoneXR, [0000025EB3B60200][0000025EB3772CC0 49] iPhone11, [0000025EB3AC5E00][0000025EB3776E00 49] iPhone11Pro, [0000025EB3B62A00][0000025EB377AF40 49] iPhone11ProMax, [0000025EB3AC7700][0000025EB37830C0 49] iPhoneSE2, [0000025EB3B60D00][0000025EB3787240 49] iPhone12Mini, [0000025EB3AC5F00][0000025EB378B3C0 49] iPhone12, [0000025EB3B60700][0000025EB378F540 49] iPhone12Pro, [0000025EB3AC5400][0000025EB37936C0 49] iPhone12ProMax, [0000025EB3B60C00][0000025EB3797840 49] iPadPro105, [0000025EB3AC5700][0000025EB379B9C0 49] iPadPro129, [0000025EB3B60100][0000025EB379FB40 49] iPadPro97, [0000025EB3AC7C00][0000025EB37A2140 49] iPadPro2_129, [0000025EB3B60800][0000025EB37A62C0 49] iPad5, [0000025EB3AC7100][0000025EB37AA440 49] iPad6, [0000025EB3B60500][0000025EB37AE5C0 49] iPad7, [0000025EB3AC6800][0000025EB37B2740 49] iPad8, [0000025EB3B61500][0000025EB37B68C0 49] iPadPro11, [0000025EB3AC5500][0000025EB37BAA40 49] iPadPro2_11, [0000025EB3B60F00][0000025EB37BEBC0 49] iPadPro3_129, [0000025EB3AC6C00][0000025EB37C2D40 49] iPadPro4_129, [0000025EB3B62500][0000025EB377EE80 49] AppleTV, [0000025EB3AC5100][0000025EB37C6FC0 49] AppleTV4K, [0000025EB3B60400][0000025EB37CB100 49] TVOS, [0000025EB3AC6600][0000025EB37D3280 49] Mac, [0000025EB3B63D00][0000025EB37D7400 49] MacClient, [0000025EB3AC5800][0000025EB37DB580 49] MacNoEditor, [0000025EB3B63100][0000025EB37DF700 49] MacServer, [0000025EB3AC7900][0000025EB37E3880 49] Linux, [0000025EB3B60900][0000025EB37E7A00 49] LinuxAArch64, [0000025EB3AC7F00][0000025EB37EBB80 49] LinuxNoEditor, [0000025EB3B61B00][0000025EB37EE180 49] LinuxAArch64NoEditor, [0000025EB3AC7400][0000025EB37F2300 49] LinuxClient, [0000025EB3B61C00][0000025EB37F6480 49] LinuxAArch64Client, [0000025EB3AC5D00][0000025EB37FA600 49] LinuxServer, [0000025EB3B62F00][0000025EB37FE780 49] LinuxAArch64Server, [0000025EB3AC4500][0000025EB3802900 49] Android, [0000025EB3B61E00][0000025EB3806A80 49] Android_Low, [0000025EB3AC7000][0000025EB380AC00 49] Android_Mid, [0000025EB3B62400][0000025EB380ED80 49] Android_High, [0000025EB3AC4800][0000025EB3812F00 49] Android_Default, [0000025EB3B63200][0000025EB37CF040 49] Android_Adreno4xx, [0000025EB3B2A400][0000025EB3817180 49] Android_Adreno5xx_Low, [0000025EB3ACDC00][0000025EB381B2C0 49] Android_Adreno5xx, [0000025EB3B2BD00][0000025EB3823440 49] Android_Adreno6xx, [0000025EB3ACEB00][0000025EB38275C0 49] Android_Adreno6xx_Vulkan, [0000025EB3B2BE00][0000025EB382B740 49] Android_Mali_T6xx, [0000025EB3ACCF00][0000025EB382F8C0 49] Android_Mali_T7xx, [0000025EB3B29300][0000025EB3833A40 49] Android_Mali_T8xx, [0000025EB3ACDF00][0000025EB3837BC0 49] Android_Mali_G71, [0000025EB3B29C00][0000025EB383A1C0 49] Android_Mali_G72, [0000025EB3ACE400][0000025EB383E340 49] Android_Mali_G72_Vulkan, [0000025EB3B2B600][0000025EB38424C0 49] Android_Mali_G76, [0000025EB3ACE100][0000025EB3846640 49] Android_Mali_G76_Vulkan, [0000025EB3B29B00][0000025EB384A7C0 49] Android_Mali_G77, [0000025EB3ACCA00][0000025EB384E940 49] Android_Mali_G77_Vulkan, [0000025EB3B2B400][0000025EB3852AC0 49] Android_Mali_G78, [0000025EB3ACD300][0000025EB3856C40 49] Android_Mali_G78_Vulkan, [0000025EB3B2A900][0000025EB385ADC0 49] Android_Mali_G710, [0000025EB3ACFD00][0000025EB385EF40 49] Android_Mali_G710_Vulkan, [0000025EB3B29E00][0000025EB38630C0 49] Android_Vulkan_SM5, [0000025EB3ACC900][0000025EB381F200 49] Android_PowerVR_G6xxx, [0000025EB3B29F00][0000025EB3867340 49] Android_PowerVR_GT7xxx, [0000025EB3ACE700][0000025EB386B480 49] Android_PowerVR_GE8xxx, [0000025EB3B2A300][0000025EB386F5C0 49] Android_PowerVR_GM9xxx, [0000025EB3ACF200][0000025EB3877740 49] Android_PowerVR_GM9xxx_Vulkan, [0000025EB3B2B000][0000025EB387B8C0 49] Android_TegraK1, [0000025EB3ACD700][0000025EB38EFA40 49] Android_Unknown_Vulkan, [0000025EB3B2B700][0000025EB38F7BC0 49] Lumin, [0000025EB3ACC200][0000025EB38FA1C0 49] Lumin_Desktop, [0000025EB3B2A200][0000025EB38FE340 49] HoloLens, 
[2022.08.04-20.30.07:548][  0]LogMeshReduction: Using QuadricMeshReduction for automatic static mesh reduction
[2022.08.04-20.30.07:548][  0]LogMeshReduction: Using SimplygonMeshReduction for automatic skeletal mesh reduction
[2022.08.04-20.30.07:548][  0]LogMeshReduction: Using ProxyLODMeshReduction for automatic mesh merging
[2022.08.04-20.30.07:548][  0]LogMeshReduction: No distributed automatic mesh merging module available
[2022.08.04-20.30.07:549][  0]LogMeshMerging: No distributed automatic mesh merging module available
[2022.08.04-20.30.07:592][  0]LogNetVersion: ShootThemUp 1.0.0, NetCL: 17155196, EngineNetVer: 17, GameNetVer: 0 (Checksum: 1997854793)
[2022.08.04-20.30.08:628][  0]LogTexture: Default maximum texture size for cubemaps generated from long-lat sources has been changed from 512 to unlimited. In order to preserve old behaiour for '/Engine/MapTemplates/Sky/DaylightAmbientCubemap.DaylightAmbientCubemap', its maximum texture size has been explicitly set to 512.
[2022.08.04-20.30.08:754][  0]LogHMD: PokeAHoleMaterial loaded successfully
[2022.08.04-20.30.08:766][  0]LogUObjectArray: 17178 objects as part of root set at end of initial load.
[2022.08.04-20.30.08:766][  0]LogUObjectAllocator: 4302048 out of 0 bytes used by permanent object pool.
[2022.08.04-20.30.08:766][  0]LogUObjectArray: CloseDisregardForGC: 0/0 objects in disregard for GC pool
[2022.08.04-20.30.09:399][  0]LogNiagaraDebuggerClient: Niagara Debugger Client Initialized | Session: C5FFB9084B612212AE4D2C8438960C4A | Instance: ACE1389C4C1388A8198AC8A811D7D896 (KUBIK-10416).
[2022.08.04-20.30.09:530][  0]LogPython: Using Python 3.7.7
[2022.08.04-20.30.10:495][  0]LogTcpMessaging: Initializing TcpMessaging bridge
[2022.08.04-20.30.10:504][  0]LogUdpMessaging: Initializing bridge on interface 0.0.0.0:0 to multicast group 230.0.0.1:6666.
[2022.08.04-20.30.10:864][  0]SourceControl: Source control is disabled
[2022.08.04-20.30.10:865][  0]SourceControl: Source control is disabled
[2022.08.04-20.30.10:880][  0]SourceControl: Source control is disabled
[2022.08.04-20.30.10:894][  0]SourceControl: Source control is disabled
[2022.08.04-20.30.10:912][  0]SourceControl: Source control is disabled
[2022.08.04-20.30.10:923][  0]LogUProjectInfo: Found projects:
[2022.08.04-20.30.11:393][  0]LogOpenImageDenoise: OIDN starting up
[2022.08.04-20.30.11:460][  0]LogAndroidPermission: UAndroidPermissionCallbackProxy::GetInstance
[2022.08.04-20.30.11:491][  0]LogAudioCaptureCore: Display: No Audio Capture implementations found. Audio input will be silent.
[2022.08.04-20.30.11:491][  0]LogAudioCaptureCore: Display: No Audio Capture implementations found. Audio input will be silent.
[2022.08.04-20.30.11:711][  0]LogCollectionManager: Loaded 0 collections in 0.002356 seconds
[2022.08.04-20.30.11:742][  0]LogFileCache: Scanning file cache for directory 'D:/Work/Learning/ue4_shoot_them_up/ShootThemUp/Saved/Collections/' took 0.00s
[2022.08.04-20.30.11:742][  0]LogFileCache: Scanning file cache for directory 'D:/Work/Learning/ue4_shoot_them_up/ShootThemUp/Content/Developers/kubik/Collections/' took 0.00s
[2022.08.04-20.30.11:742][  0]LogFileCache: Scanning file cache for directory 'D:/Work/Learning/ue4_shoot_them_up/ShootThemUp/Content/Collections/' took 0.00s
[2022.08.04-20.30.11:756][  0]LogOcInput: OculusInput pre-init called
[2022.08.04-20.30.12:273][  0]LogEngine: Initializing Engine...
[2022.08.04-20.30.12:285][  0]LogHMD: Failed to enumerate extensions. Please check that you have a valid OpenXR runtime installed.
[2022.08.04-20.30.12:286][  0]LogHMD: Failed to initialize OpenVR with code 110
[2022.08.04-20.30.12:286][  0]LogMagicLeap: Warning: VR disabled because ZI is not enabled.  To enable, in the editor, Edit -> Project Settings -> Plugins -> Magic Leap Plugin -> Enable Zero Iteration
[2022.08.04-20.30.12:292][  0]LogStats: UGameplayTagsManager::InitializeManager -  0.002 s
[2022.08.04-20.30.12:468][  0]LogInit: Initializing FReadOnlyCVARCache
[2022.08.04-20.30.12:513][  0]LogAIModule: Creating AISystem for world Untitled
[2022.08.04-20.30.12:520][  0]LogAudio: Display: Initializing Audio Device Manager...
[2022.08.04-20.30.12:524][  0]LogAudio: Display: Loading Default Audio Settings Objects...
[2022.08.04-20.30.12:525][  0]LogAudio: Display: No default SoundConcurrencyObject specified (or failed to load).
[2022.08.04-20.30.12:528][  0]LogAudio: Display: Audio Device Manager Initialized
[2022.08.04-20.30.12:528][  0]LogAudio: Display: Creating Audio Device:                 Id: 1, Scope: Shared, Realtime: True
[2022.08.04-20.30.12:529][  0]LogAudioMixer: Display: Audio Mixer Platform Settings:
[2022.08.04-20.30.12:529][  0]LogAudioMixer: Display: 	Sample Rate:						  48000
[2022.08.04-20.30.12:529][  0]LogAudioMixer: Display: 	Callback Buffer Frame Size Requested: 1024
[2022.08.04-20.30.12:529][  0]LogAudioMixer: Display: 	Callback Buffer Frame Size To Use:	  1024
[2022.08.04-20.30.12:529][  0]LogAudioMixer: Display: 	Number of buffers to queue:			  2
[2022.08.04-20.30.12:529][  0]LogAudioMixer: Display: 	Max Channels (voices):				  32
[2022.08.04-20.30.12:529][  0]LogAudioMixer: Display: 	Number of Async Source Workers:		  0
[2022.08.04-20.30.12:529][  0]LogAudio: Display: AudioDevice MaxSources: 32
[2022.08.04-20.30.12:530][  0]LogAudio: Display: Audio Spatialization Plugin: None (built-in).
[2022.08.04-20.30.12:530][  0]LogAudio: Display: Audio Reverb Plugin: None (built-in).
[2022.08.04-20.30.12:530][  0]LogAudio: Display: Audio Occlusion Plugin: None (built-in).
[2022.08.04-20.30.12:531][  0]LogAudioMixer: Display: Initializing audio mixer.
[2022.08.04-20.30.12:559][  0]LogAudioMixer: Display: 0: FrontLeft
[2022.08.04-20.30.12:559][  0]LogAudioMixer: Display: 1: FrontRight
[2022.08.04-20.30.12:584][  0]LogAudioMixer: Display: Using Audio Device Speakers (3- USB Audio Device)
[2022.08.04-20.30.12:591][  0]LogAudioMixer: Display: Initializing Sound Submixes...
[2022.08.04-20.30.12:595][  0]LogAudioMixer: Display: Creating Master Submix 'MasterSubmixDefault'
[2022.08.04-20.30.12:595][  0]LogAudioMixer: Display: Creating Master Submix 'MasterReverbSubmixDefault'
[2022.08.04-20.30.12:597][  0]LogAudioMixer: Display: Creating Master Submix 'MasterEQSubmixDefault'
[2022.08.04-20.30.12:597][  0]LogAudioMixer: FMixerPlatformXAudio2::StartAudioStream() called
[2022.08.04-20.30.12:597][  0]LogAudioMixer: Display: Output buffers initialized: Frames=1024, Channels=2, Samples=2048
[2022.08.04-20.30.12:599][  0]LogAudioMixer: Display: Starting AudioMixerPlatformInterface::RunInternal()
[2022.08.04-20.30.12:599][  0]LogAudioMixer: Display: FMixerPlatformXAudio2::SubmitBuffer() called for the first time
[2022.08.04-20.30.12:599][  0]LogInit: FAudioDevice initialized.
[2022.08.04-20.30.12:600][  0]LogAudio: Display: Audio Device (ID: 1) registered with world 'Untitled'.
[2022.08.04-20.30.12:601][  0]LogNetVersion: Set ProjectVersion to 1.0.0.0. Version Checksum will be recalculated on next use.
[2022.08.04-20.30.12:693][  0]LogDerivedDataCache: Saved boot cache 0.09s 94MB C:/Users/kubik/AppData/Local/UnrealEngine/4.27/DerivedDataCache/Boot.ddc.
[2022.08.04-20.30.12:694][  0]LogInit: Texture streaming: Enabled
[2022.08.04-20.30.12:718][  0]LogAnalytics: Display: [UEEditor.Rocket.Release] APIServer = https://datarouter.ol.epicgames.com/. AppVersion = 4.27.2-18319896+++UE4+Release-4.27
[2022.08.04-20.30.12:724][  0]LogEngineSessionManager: EngineSessionManager initialized
[2022.08.04-20.30.12:724][  0]LogEditorSessionSummary: Verbose: Initializing EditorSessionSummaryWriter for editor session tracking
[2022.08.04-20.30.12:726][  0]LogEditorSessionSummary: EditorSessionSummaryWriter initialized
[2022.08.04-20.30.12:764][  0]LogInit: Transaction tracking system initialized
[2022.08.04-20.30.12:806][  0]BlueprintLog: New page: Editor Load
[2022.08.04-20.30.12:962][  0]LocalizationService: Localization service is disabled
[2022.08.04-20.30.13:027][  0]TimingProfiler: Initialize
[2022.08.04-20.30.13:029][  0]TimingProfiler: OnSessionChanged
[2022.08.04-20.30.13:029][  0]LoadingProfiler: Initialize
[2022.08.04-20.30.13:029][  0]LoadingProfiler: OnSessionChanged
[2022.08.04-20.30.13:030][  0]NetworkingProfiler: Initialize
[2022.08.04-20.30.13:030][  0]NetworkingProfiler: OnSessionChanged
[2022.08.04-20.30.13:030][  0]MemoryProfiler: Initialize
[2022.08.04-20.30.13:030][  0]MemoryProfiler: OnSessionChanged
[2022.08.04-20.30.13:321][  0]LogFileCache: Scanning file cache for directory 'D:/Work/Learning/ue4_shoot_them_up/ShootThemUp/Content/' took 0.00s
[2022.08.04-20.30.13:322][  0]LogCook: Display: CookSettings for Memory: MemoryMaxUsedVirtual 0MiB, MemoryMaxUsedPhysical 16384MiB, MemoryMinFreeVirtual 0MiB, MemoryMinFreePhysical 1024MiB
[2022.08.04-20.30.13:322][  0]LogCook: Display: Mobile HDR setting 1
[2022.08.04-20.30.15:802][  0]LogInit: Display: Engine is initialized. Leaving FEngineLoop::Init()
[2022.08.04-20.30.15:814][  0]SourceControl: Source control is disabled
[2022.08.04-20.30.15:814][  0]LogUnrealEdMisc: Loading editor; pre map load, took 16.189
[2022.08.04-20.30.15:815][  0]Cmd: MAP LOAD FILE="D:/Work/Learning/ue4_shoot_them_up/ShootThemUp/Content/Levels/TestLevel.umap" TEMPLATE=0 SHOWPROGRESS=1 FEATURELEVEL=3
[2022.08.04-20.30.15:816][  0]LightingResults: New page: Lighting Build
[2022.08.04-20.30.15:823][  0]LogWorld: UWorld::CleanupWorld for Untitled, bSessionEnded=true, bCleanupResources=true
[2022.08.04-20.30.15:823][  0]LogSlate: InvalidateAllWidgets triggered.  All widgets were invalidated
[2022.08.04-20.30.15:824][  0]MapCheck: New page: Map Check
[2022.08.04-20.30.15:824][  0]LightingResults: New page: Lighting Build
[2022.08.04-20.30.15:836][  0]LogAudio: Display: Audio Device unregistered from world 'None'.
[2022.08.04-20.30.15:848][  0]LogUObjectHash: Compacting FUObjectHashTables data took   2.08ms
[2022.08.04-20.30.16:026][  0]LogAudio: Display: Audio Device (ID: 1) registered with world 'TestLevel'.
[2022.08.04-20.30.16:028][  0]LogAIModule: Creating AISystem for world TestLevel
[2022.08.04-20.30.16:062][  0]LogEditorServer: Finished looking for orphan Actors (0.000 secs)
[2022.08.04-20.30.16:083][  0]LogUObjectHash: Compacting FUObjectHashTables data took   1.66ms
[2022.08.04-20.30.16:084][  0]Cmd: MAP CHECKDEP NOCLEARLOG
[2022.08.04-20.30.16:085][  0]MapCheck: Map check complete: 0 Error(s), 0 Warning(s), took 0.407ms to complete.
[2022.08.04-20.30.16:085][  0]LogFileHelpers: Loading map 'TestLevel' took 0.270
[2022.08.04-20.30.16:093][  0]LogUnrealEdMisc: Total Editor Startup Time, took 16.468
[2022.08.04-20.30.16:335][  0]LogSlate: Updating window title bar state: overlay mode, drag disabled, window buttons hidden, title bar hidden
[2022.08.04-20.30.16:347][  0]LogSlate: Updating window title bar state: overlay mode, drag disabled, window buttons hidden, title bar hidden
[2022.08.04-20.30.16:360][  0]LogSlate: Updating window title bar state: overlay mode, drag disabled, window buttons hidden, title bar hidden
[2022.08.04-20.30.16:374][  0]LogSlate: Updating window title bar state: overlay mode, drag disabled, window buttons hidden, title bar hidden
[2022.08.04-20.30.16:425][  0]LogNativeClassHierarchy: Verbose: Native class hierarchy populated in 0.0222 seconds. Added 3825 classes and 932 folders.
[2022.08.04-20.30.16:438][  0]LogNativeClassHierarchy: Verbose: Native class hierarchy updated for 'WidgetCarousel' in 0.0005 seconds. Added 0 classes and 0 folders.
[2022.08.04-20.30.16:448][  0]LogPakFile: PakFile PrimaryIndexSize=187
[2022.08.04-20.30.16:448][  0]LogPakFile: PakFile PathHashIndexSize=101
[2022.08.04-20.30.16:448][  0]LogPakFile: PakFile FullDirectoryIndexSize=148
[2022.08.04-20.30.16:449][  0]LogShaderLibrary: Display: ShaderCodeLibraryPakFileMountedCallback: PakFile 'C:/Program Files/Epic Games/UE_4.27/FeaturePacks/FP_FirstPerson.upack' (chunk index -1, root 'root:/') mounted
[2022.08.04-20.30.16:449][  0]LogShaderLibrary: Display: ShaderCodeLibraryPakFileMountedCallback: pending pak file info (ChunkID:-1 Root:root:/ File:C:/Program Files/Epic Games/UE_4.27/FeaturePacks/FP_FirstPerson.upack)
[2022.08.04-20.30.16:449][  0]LogPakFile: OnPakFileMounted2Time == 0.000847
[2022.08.04-20.30.16:454][  0]LogPakFile: PakFile PrimaryIndexSize=189
[2022.08.04-20.30.16:454][  0]LogPakFile: PakFile PathHashIndexSize=101
[2022.08.04-20.30.16:454][  0]LogPakFile: PakFile FullDirectoryIndexSize=152
[2022.08.04-20.30.16:454][  0]LogShaderLibrary: Display: ShaderCodeLibraryPakFileMountedCallback: PakFile 'C:/Program Files/Epic Games/UE_4.27/FeaturePacks/FP_FirstPersonBP.upack' (chunk index -1, root 'root:/') mounted
[2022.08.04-20.30.16:454][  0]LogShaderLibrary: Display: ShaderCodeLibraryPakFileMountedCallback: pending pak file info (ChunkID:-1 Root:root:/ File:C:/Program Files/Epic Games/UE_4.27/FeaturePacks/FP_FirstPersonBP.upack)
[2022.08.04-20.30.16:454][  0]LogPakFile: OnPakFileMounted2Time == 0.000074
[2022.08.04-20.30.16:456][  0]LogPakFile: PakFile PrimaryIndexSize=191
[2022.08.04-20.30.16:457][  0]LogPakFile: PakFile PathHashIndexSize=101
[2022.08.04-20.30.16:457][  0]LogPakFile: PakFile FullDirectoryIndexSize=160
[2022.08.04-20.30.16:457][  0]LogShaderLibrary: Display: ShaderCodeLibraryPakFileMountedCallback: PakFile 'C:/Program Files/Epic Games/UE_4.27/FeaturePacks/MobileStarterContent.upack' (chunk index -1, root 'root:/') mounted
[2022.08.04-20.30.16:457][  0]LogShaderLibrary: Display: ShaderCodeLibraryPakFileMountedCallback: pending pak file info (ChunkID:-1 Root:root:/ File:C:/Program Files/Epic Games/UE_4.27/FeaturePacks/MobileStarterContent.upack)
[2022.08.04-20.30.16:457][  0]LogPakFile: OnPakFileMounted2Time == 0.000140
[2022.08.04-20.30.16:459][  0]LogPakFile: PakFile PrimaryIndexSize=185
[2022.08.04-20.30.16:459][  0]LogPakFile: PakFile PathHashIndexSize=101
[2022.08.04-20.30.16:459][  0]LogPakFile: PakFile FullDirectoryIndexSize=148
[2022.08.04-20.30.16:459][  0]LogShaderLibrary: Display: ShaderCodeLibraryPakFileMountedCallback: PakFile 'C:/Program Files/Epic Games/UE_4.27/FeaturePacks/StarterContent.upack' (chunk index -1, root 'root:/') mounted
[2022.08.04-20.30.16:459][  0]LogShaderLibrary: Display: ShaderCodeLibraryPakFileMountedCallback: pending pak file info (ChunkID:-1 Root:root:/ File:C:/Program Files/Epic Games/UE_4.27/FeaturePacks/StarterContent.upack)
[2022.08.04-20.30.16:459][  0]LogPakFile: OnPakFileMounted2Time == 0.000084
[2022.08.04-20.30.16:462][  0]LogPakFile: PakFile PrimaryIndexSize=190
[2022.08.04-20.30.16:462][  0]LogPakFile: PakFile PathHashIndexSize=101
[2022.08.04-20.30.16:462][  0]LogPakFile: PakFile FullDirectoryIndexSize=154
[2022.08.04-20.30.16:462][  0]LogShaderLibrary: Display: ShaderCodeLibraryPakFileMountedCallback: PakFile 'C:/Program Files/Epic Games/UE_4.27/FeaturePacks/TP_2DSideScroller.upack' (chunk index -1, root 'root:/') mounted
[2022.08.04-20.30.16:462][  0]LogShaderLibrary: Display: ShaderCodeLibraryPakFileMountedCallback: pending pak file info (ChunkID:-1 Root:root:/ File:C:/Program Files/Epic Games/UE_4.27/FeaturePacks/TP_2DSideScroller.upack)
[2022.08.04-20.30.16:462][  0]LogPakFile: OnPakFileMounted2Time == 0.000065
[2022.08.04-20.30.16:464][  0]LogPakFile: PakFile PrimaryIndexSize=192
[2022.08.04-20.30.16:465][  0]LogPakFile: PakFile PathHashIndexSize=101
[2022.08.04-20.30.16:465][  0]LogPakFile: PakFile FullDirectoryIndexSize=158
[2022.08.04-20.30.16:465][  0]LogShaderLibrary: Display: ShaderCodeLibraryPakFileMountedCallback: PakFile 'C:/Program Files/Epic Games/UE_4.27/FeaturePacks/TP_2DSideScrollerBP.upack' (chunk index -1, root 'root:/') mounted
[2022.08.04-20.30.16:465][  0]LogShaderLibrary: Display: ShaderCodeLibraryPakFileMountedCallback: pending pak file info (ChunkID:-1 Root:root:/ File:C:/Program Files/Epic Games/UE_4.27/FeaturePacks/TP_2DSideScrollerBP.upack)
[2022.08.04-20.30.16:465][  0]LogPakFile: OnPakFileMounted2Time == 0.000134
[2022.08.04-20.30.16:467][  0]LogPakFile: PakFile PrimaryIndexSize=182
[2022.08.04-20.30.16:467][  0]LogPakFile: PakFile PathHashIndexSize=101
[2022.08.04-20.30.16:467][  0]LogPakFile: PakFile FullDirectoryIndexSize=138
[2022.08.04-20.30.16:467][  0]LogShaderLibrary: Display: ShaderCodeLibraryPakFileMountedCallback: PakFile 'C:/Program Files/Epic Games/UE_4.27/FeaturePacks/TP_Flying.upack' (chunk index -1, root 'root:/') mounted
[2022.08.04-20.30.16:467][  0]LogShaderLibrary: Display: ShaderCodeLibraryPakFileMountedCallback: pending pak file info (ChunkID:-1 Root:root:/ File:C:/Program Files/Epic Games/UE_4.27/FeaturePacks/TP_Flying.upack)
[2022.08.04-20.30.16:467][  0]LogPakFile: OnPakFileMounted2Time == 0.000121
[2022.08.04-20.30.16:470][  0]LogPakFile: PakFile PrimaryIndexSize=184
[2022.08.04-20.30.16:470][  0]LogPakFile: PakFile PathHashIndexSize=101
[2022.08.04-20.30.16:470][  0]LogPakFile: PakFile FullDirectoryIndexSize=142
[2022.08.04-20.30.16:470][  0]LogShaderLibrary: Display: ShaderCodeLibraryPakFileMountedCallback: PakFile 'C:/Program Files/Epic Games/UE_4.27/FeaturePacks/TP_FlyingBP.upack' (chunk index -1, root 'root:/') mounted
[2022.08.04-20.30.16:470][  0]LogShaderLibrary: Display: ShaderCodeLibraryPakFileMountedCallback: pending pak file info (ChunkID:-1 Root:root:/ File:C:/Program Files/Epic Games/UE_4.27/FeaturePacks/TP_FlyingBP.upack)
[2022.08.04-20.30.16:470][  0]LogPakFile: OnPakFileMounted2Time == 0.000067
[2022.08.04-20.30.16:472][  0]LogPakFile: PakFile PrimaryIndexSize=188
[2022.08.04-20.30.16:472][  0]LogPakFile: PakFile PathHashIndexSize=101
[2022.08.04-20.30.16:472][  0]LogPakFile: PakFile FullDirectoryIndexSize=150
[2022.08.04-20.30.16:472][  0]LogShaderLibrary: Display: ShaderCodeLibraryPakFileMountedCallback: PakFile 'C:/Program Files/Epic Games/UE_4.27/FeaturePacks/TP_HandheldARBP.upack' (chunk index -1, root 'root:/') mounted
[2022.08.04-20.30.16:472][  0]LogShaderLibrary: Display: ShaderCodeLibraryPakFileMountedCallback: pending pak file info (ChunkID:-1 Root:root:/ File:C:/Program Files/Epic Games/UE_4.27/FeaturePacks/TP_HandheldARBP.upack)
[2022.08.04-20.30.16:472][  0]LogPakFile: OnPakFileMounted2Time == 0.000066
[2022.08.04-20.30.16:477][  0]LogPakFile: PakFile PrimaryIndexSize=182
[2022.08.04-20.30.16:477][  0]LogPakFile: PakFile PathHashIndexSize=101
[2022.08.04-20.30.16:477][  0]LogPakFile: PakFile FullDirectoryIndexSize=138
[2022.08.04-20.30.16:477][  0]LogShaderLibrary: Display: ShaderCodeLibraryPakFileMountedCallback: PakFile 'C:/Program Files/Epic Games/UE_4.27/FeaturePacks/TP_Puzzle.upack' (chunk index -1, root 'root:/') mounted
[2022.08.04-20.30.16:477][  0]LogShaderLibrary: Display: ShaderCodeLibraryPakFileMountedCallback: pending pak file info (ChunkID:-1 Root:root:/ File:C:/Program Files/Epic Games/UE_4.27/FeaturePacks/TP_Puzzle.upack)
[2022.08.04-20.30.16:477][  0]LogPakFile: OnPakFileMounted2Time == 0.000114
[2022.08.04-20.30.16:480][  0]LogPakFile: PakFile PrimaryIndexSize=184
[2022.08.04-20.30.16:480][  0]LogPakFile: PakFile PathHashIndexSize=101
[2022.08.04-20.30.16:480][  0]LogPakFile: PakFile FullDirectoryIndexSize=142
[2022.08.04-20.30.16:480][  0]LogShaderLibrary: Display: ShaderCodeLibraryPakFileMountedCallback: PakFile 'C:/Program Files/Epic Games/UE_4.27/FeaturePacks/TP_PuzzleBP.upack' (chunk index -1, root 'root:/') mounted
[2022.08.04-20.30.16:480][  0]LogShaderLibrary: Display: ShaderCodeLibraryPakFileMountedCallback: pending pak file info (ChunkID:-1 Root:root:/ File:C:/Program Files/Epic Games/UE_4.27/FeaturePacks/TP_PuzzleBP.upack)
[2022.08.04-20.30.16:480][  0]LogPakFile: OnPakFileMounted2Time == 0.000121
[2022.08.04-20.30.16:483][  0]LogPakFile: PakFile PrimaryIndexSize=183
[2022.08.04-20.30.16:483][  0]LogPakFile: PakFile PathHashIndexSize=101
[2022.08.04-20.30.16:483][  0]LogPakFile: PakFile FullDirectoryIndexSize=140
[2022.08.04-20.30.16:483][  0]LogShaderLibrary: Display: ShaderCodeLibraryPakFileMountedCallback: PakFile 'C:/Program Files/Epic Games/UE_4.27/FeaturePacks/TP_Rolling.upack' (chunk index -1, root 'root:/') mounted
[2022.08.04-20.30.16:483][  0]LogShaderLibrary: Display: ShaderCodeLibraryPakFileMountedCallback: pending pak file info (ChunkID:-1 Root:root:/ File:C:/Program Files/Epic Games/UE_4.27/FeaturePacks/TP_Rolling.upack)
[2022.08.04-20.30.16:483][  0]LogPakFile: OnPakFileMounted2Time == 0.000141
[2022.08.04-20.30.16:486][  0]LogPakFile: PakFile PrimaryIndexSize=185
[2022.08.04-20.30.16:486][  0]LogPakFile: PakFile PathHashIndexSize=101
[2022.08.04-20.30.16:486][  0]LogPakFile: PakFile FullDirectoryIndexSize=144
[2022.08.04-20.30.16:486][  0]LogShaderLibrary: Display: ShaderCodeLibraryPakFileMountedCallback: PakFile 'C:/Program Files/Epic Games/UE_4.27/FeaturePacks/TP_RollingBP.upack' (chunk index -1, root 'root:/') mounted
[2022.08.04-20.30.16:486][  0]LogShaderLibrary: Display: ShaderCodeLibraryPakFileMountedCallback: pending pak file info (ChunkID:-1 Root:root:/ File:C:/Program Files/Epic Games/UE_4.27/FeaturePacks/TP_RollingBP.upack)
[2022.08.04-20.30.16:486][  0]LogPakFile: OnPakFileMounted2Time == 0.000151
[2022.08.04-20.30.16:488][  0]LogPakFile: PakFile PrimaryIndexSize=188
[2022.08.04-20.30.16:488][  0]LogPakFile: PakFile PathHashIndexSize=101
[2022.08.04-20.30.16:489][  0]LogPakFile: PakFile FullDirectoryIndexSize=150
[2022.08.04-20.30.16:489][  0]LogShaderLibrary: Display: ShaderCodeLibraryPakFileMountedCallback: PakFile 'C:/Program Files/Epic Games/UE_4.27/FeaturePacks/TP_SideScroller.upack' (chunk index -1, root 'root:/') mounted
[2022.08.04-20.30.16:489][  0]LogShaderLibrary: Display: ShaderCodeLibraryPakFileMountedCallback: pending pak file info (ChunkID:-1 Root:root:/ File:C:/Program Files/Epic Games/UE_4.27/FeaturePacks/TP_SideScroller.upack)
[2022.08.04-20.30.16:489][  0]LogPakFile: OnPakFileMounted2Time == 0.000141
[2022.08.04-20.30.16:491][  0]LogPakFile: PakFile PrimaryIndexSize=190
[2022.08.04-20.30.16:491][  0]LogPakFile: PakFile PathHashIndexSize=101
[2022.08.04-20.30.16:491][  0]LogPakFile: PakFile FullDirectoryIndexSize=154
[2022.08.04-20.30.16:491][  0]LogShaderLibrary: Display: ShaderCodeLibraryPakFileMountedCallback: PakFile 'C:/Program Files/Epic Games/UE_4.27/FeaturePacks/TP_SideScrollerBP.upack' (chunk index -1, root 'root:/') mounted
[2022.08.04-20.30.16:491][  0]LogShaderLibrary: Display: ShaderCodeLibraryPakFileMountedCallback: pending pak file info (ChunkID:-1 Root:root:/ File:C:/Program Files/Epic Games/UE_4.27/FeaturePacks/TP_SideScrollerBP.upack)
[2022.08.04-20.30.16:491][  0]LogPakFile: OnPakFileMounted2Time == 0.000080
[2022.08.04-20.30.16:493][  0]LogPakFile: PakFile PrimaryIndexSize=187
[2022.08.04-20.30.16:493][  0]LogPakFile: PakFile PathHashIndexSize=101
[2022.08.04-20.30.16:493][  0]LogPakFile: PakFile FullDirectoryIndexSize=148
[2022.08.04-20.30.16:493][  0]LogShaderLibrary: Display: ShaderCodeLibraryPakFileMountedCallback: PakFile 'C:/Program Files/Epic Games/UE_4.27/FeaturePacks/TP_ThirdPerson.upack' (chunk index -1, root 'root:/') mounted
[2022.08.04-20.30.16:493][  0]LogShaderLibrary: Display: ShaderCodeLibraryPakFileMountedCallback: pending pak file info (ChunkID:-1 Root:root:/ File:C:/Program Files/Epic Games/UE_4.27/FeaturePacks/TP_ThirdPerson.upack)
[2022.08.04-20.30.16:493][  0]LogPakFile: OnPakFileMounted2Time == 0.000064
[2022.08.04-20.30.16:495][  0]LogPakFile: PakFile PrimaryIndexSize=189
[2022.08.04-20.30.16:495][  0]LogPakFile: PakFile PathHashIndexSize=101
[2022.08.04-20.30.16:495][  0]LogPakFile: PakFile FullDirectoryIndexSize=152
[2022.08.04-20.30.16:495][  0]LogShaderLibrary: Display: ShaderCodeLibraryPakFileMountedCallback: PakFile 'C:/Program Files/Epic Games/UE_4.27/FeaturePacks/TP_ThirdPersonBP.upack' (chunk index -1, root 'root:/') mounted
[2022.08.04-20.30.16:495][  0]LogShaderLibrary: Display: ShaderCodeLibraryPakFileMountedCallback: pending pak file info (ChunkID:-1 Root:root:/ File:C:/Program Files/Epic Games/UE_4.27/FeaturePacks/TP_ThirdPersonBP.upack)
[2022.08.04-20.30.16:495][  0]LogPakFile: OnPakFileMounted2Time == 0.000063
[2022.08.04-20.30.16:498][  0]LogPakFile: PakFile PrimaryIndexSize=183
[2022.08.04-20.30.16:498][  0]LogPakFile: PakFile PathHashIndexSize=101
[2022.08.04-20.30.16:498][  0]LogPakFile: PakFile FullDirectoryIndexSize=140
[2022.08.04-20.30.16:498][  0]LogShaderLibrary: Display: ShaderCodeLibraryPakFileMountedCallback: PakFile 'C:/Program Files/Epic Games/UE_4.27/FeaturePacks/TP_TopDown.upack' (chunk index -1, root 'root:/') mounted
[2022.08.04-20.30.16:498][  0]LogShaderLibrary: Display: ShaderCodeLibraryPakFileMountedCallback: pending pak file info (ChunkID:-1 Root:root:/ File:C:/Program Files/Epic Games/UE_4.27/FeaturePacks/TP_TopDown.upack)
[2022.08.04-20.30.16:498][  0]LogPakFile: OnPakFileMounted2Time == 0.000086
[2022.08.04-20.30.16:501][  0]LogPakFile: PakFile PrimaryIndexSize=185
[2022.08.04-20.30.16:501][  0]LogPakFile: PakFile PathHashIndexSize=101
[2022.08.04-20.30.16:501][  0]LogPakFile: PakFile FullDirectoryIndexSize=144
[2022.08.04-20.30.16:501][  0]LogShaderLibrary: Display: ShaderCodeLibraryPakFileMountedCallback: PakFile 'C:/Program Files/Epic Games/UE_4.27/FeaturePacks/TP_TopDownBP.upack' (chunk index -1, root 'root:/') mounted
[2022.08.04-20.30.16:501][  0]LogShaderLibrary: Display: ShaderCodeLibraryPakFileMountedCallback: pending pak file info (ChunkID:-1 Root:root:/ File:C:/Program Files/Epic Games/UE_4.27/FeaturePacks/TP_TopDownBP.upack)
[2022.08.04-20.30.16:501][  0]LogPakFile: OnPakFileMounted2Time == 0.000068
[2022.08.04-20.30.16:503][  0]LogPakFile: PakFile PrimaryIndexSize=185
[2022.08.04-20.30.16:503][  0]LogPakFile: PakFile PathHashIndexSize=101
[2022.08.04-20.30.16:503][  0]LogPakFile: PakFile FullDirectoryIndexSize=144
[2022.08.04-20.30.16:503][  0]LogShaderLibrary: Display: ShaderCodeLibraryPakFileMountedCallback: PakFile 'C:/Program Files/Epic Games/UE_4.27/FeaturePacks/TP_TwinStick.upack' (chunk index -1, root 'root:/') mounted
[2022.08.04-20.30.16:503][  0]LogShaderLibrary: Display: ShaderCodeLibraryPakFileMountedCallback: pending pak file info (ChunkID:-1 Root:root:/ File:C:/Program Files/Epic Games/UE_4.27/FeaturePacks/TP_TwinStick.upack)
[2022.08.04-20.30.16:503][  0]LogPakFile: OnPakFileMounted2Time == 0.000077
[2022.08.04-20.30.16:506][  0]LogPakFile: PakFile PrimaryIndexSize=187
[2022.08.04-20.30.16:506][  0]LogPakFile: PakFile PathHashIndexSize=101
[2022.08.04-20.30.16:506][  0]LogPakFile: PakFile FullDirectoryIndexSize=148
[2022.08.04-20.30.16:506][  0]LogShaderLibrary: Display: ShaderCodeLibraryPakFileMountedCallback: PakFile 'C:/Program Files/Epic Games/UE_4.27/FeaturePacks/TP_TwinStickBP.upack' (chunk index -1, root 'root:/') mounted
[2022.08.04-20.30.16:506][  0]LogShaderLibrary: Display: ShaderCodeLibraryPakFileMountedCallback: pending pak file info (ChunkID:-1 Root:root:/ File:C:/Program Files/Epic Games/UE_4.27/FeaturePacks/TP_TwinStickBP.upack)
[2022.08.04-20.30.16:506][  0]LogPakFile: OnPakFileMounted2Time == 0.000063
[2022.08.04-20.30.16:508][  0]LogPakFile: PakFile PrimaryIndexSize=183
[2022.08.04-20.30.16:508][  0]LogPakFile: PakFile PathHashIndexSize=101
[2022.08.04-20.30.16:508][  0]LogPakFile: PakFile FullDirectoryIndexSize=140
[2022.08.04-20.30.16:508][  0]LogShaderLibrary: Display: ShaderCodeLibraryPakFileMountedCallback: PakFile 'C:/Program Files/Epic Games/UE_4.27/FeaturePacks/TP_Vehicle.upack' (chunk index -1, root 'root:/') mounted
[2022.08.04-20.30.16:508][  0]LogShaderLibrary: Display: ShaderCodeLibraryPakFileMountedCallback: pending pak file info (ChunkID:-1 Root:root:/ File:C:/Program Files/Epic Games/UE_4.27/FeaturePacks/TP_Vehicle.upack)
[2022.08.04-20.30.16:508][  0]LogPakFile: OnPakFileMounted2Time == 0.000072
[2022.08.04-20.30.16:510][  0]LogPakFile: PakFile PrimaryIndexSize=186
[2022.08.04-20.30.16:510][  0]LogPakFile: PakFile PathHashIndexSize=101
[2022.08.04-20.30.16:510][  0]LogPakFile: PakFile FullDirectoryIndexSize=146
[2022.08.04-20.30.16:510][  0]LogShaderLibrary: Display: ShaderCodeLibraryPakFileMountedCallback: PakFile 'C:/Program Files/Epic Games/UE_4.27/FeaturePacks/TP_VehicleAdv.upack' (chunk index -1, root 'root:/') mounted
[2022.08.04-20.30.16:510][  0]LogShaderLibrary: Display: ShaderCodeLibraryPakFileMountedCallback: pending pak file info (ChunkID:-1 Root:root:/ File:C:/Program Files/Epic Games/UE_4.27/FeaturePacks/TP_VehicleAdv.upack)
[2022.08.04-20.30.16:511][  0]LogPakFile: OnPakFileMounted2Time == 0.000071
[2022.08.04-20.30.16:512][  0]LogPakFile: PakFile PrimaryIndexSize=188
[2022.08.04-20.30.16:513][  0]LogPakFile: PakFile PathHashIndexSize=101
[2022.08.04-20.30.16:513][  0]LogPakFile: PakFile FullDirectoryIndexSize=150
[2022.08.04-20.30.16:513][  0]LogShaderLibrary: Display: ShaderCodeLibraryPakFileMountedCallback: PakFile 'C:/Program Files/Epic Games/UE_4.27/FeaturePacks/TP_VehicleAdvBP.upack' (chunk index -1, root 'root:/') mounted
[2022.08.04-20.30.16:513][  0]LogShaderLibrary: Display: ShaderCodeLibraryPakFileMountedCallback: pending pak file info (ChunkID:-1 Root:root:/ File:C:/Program Files/Epic Games/UE_4.27/FeaturePacks/TP_VehicleAdvBP.upack)
[2022.08.04-20.30.16:513][  0]LogPakFile: OnPakFileMounted2Time == 0.000162
[2022.08.04-20.30.16:515][  0]LogPakFile: PakFile PrimaryIndexSize=185
[2022.08.04-20.30.16:515][  0]LogPakFile: PakFile PathHashIndexSize=101
[2022.08.04-20.30.16:515][  0]LogPakFile: PakFile FullDirectoryIndexSize=144
[2022.08.04-20.30.16:515][  0]LogShaderLibrary: Display: ShaderCodeLibraryPakFileMountedCallback: PakFile 'C:/Program Files/Epic Games/UE_4.27/FeaturePacks/TP_VehicleBP.upack' (chunk index -1, root 'root:/') mounted
[2022.08.04-20.30.16:515][  0]LogShaderLibrary: Display: ShaderCodeLibraryPakFileMountedCallback: pending pak file info (ChunkID:-1 Root:root:/ File:C:/Program Files/Epic Games/UE_4.27/FeaturePacks/TP_VehicleBP.upack)
[2022.08.04-20.30.16:515][  0]LogPakFile: OnPakFileMounted2Time == 0.000073
[2022.08.04-20.30.16:518][  0]LogPakFile: PakFile PrimaryIndexSize=192
[2022.08.04-20.30.16:518][  0]LogPakFile: PakFile PathHashIndexSize=101
[2022.08.04-20.30.16:518][  0]LogPakFile: PakFile FullDirectoryIndexSize=158
[2022.08.04-20.30.16:518][  0]LogShaderLibrary: Display: ShaderCodeLibraryPakFileMountedCallback: PakFile 'C:/Program Files/Epic Games/UE_4.27/FeaturePacks/TP_VirtualRealityBP.upack' (chunk index -1, root 'root:/') mounted
[2022.08.04-20.30.16:518][  0]LogShaderLibrary: Display: ShaderCodeLibraryPakFileMountedCallback: pending pak file info (ChunkID:-1 Root:root:/ File:C:/Program Files/Epic Games/UE_4.27/FeaturePacks/TP_VirtualRealityBP.upack)
[2022.08.04-20.30.16:518][  0]LogPakFile: OnPakFileMounted2Time == 0.000072
[2022.08.04-20.30.16:713][  0]LogNativeClassHierarchy: Verbose: Native class hierarchy updated for 'AddContentDialog' in 0.0005 seconds. Added 0 classes and 0 folders.
[2022.08.04-20.30.16:728][  0]LogNativeClassHierarchy: Verbose: Native class hierarchy updated for 'SceneOutliner' in 0.0007 seconds. Added 2 classes and 0 folders.
[2022.08.04-20.30.16:997][  0]LogSlate: Took 0.001018 seconds to synchronously load lazily loaded font '../../../Engine/Content/Slate/Fonts/Roboto-Regular.ttf' (155K)
[2022.08.04-20.30.17:001][  0]LogSlate: Took 0.001208 seconds to synchronously load lazily loaded font '../../../Engine/Content/Editor/Slate/Fonts/FontAwesome.ttf' (139K)
[2022.08.04-20.30.17:005][  0]LogSlate: Took 0.001280 seconds to synchronously load lazily loaded font '../../../Engine/Content/Slate/Fonts/Roboto-Bold.ttf' (160K)
[2022.08.04-20.30.17:205][  0]LogRenderer: Reallocating scene render targets to support 1160x600 Format 10 NumSamples 1 (Frame:1).
[2022.08.04-20.30.17:304][  0]LogSlate: Took 0.001253 seconds to synchronously load lazily loaded font '../../../Engine/Content/Slate/Fonts/Roboto-Light.ttf' (167K)
[2022.08.04-20.30.17:445][  0]LogNativeClassHierarchy: Verbose: Native class hierarchy updated for 'HierarchicalLODOutliner' in 0.0007 seconds. Added 0 classes and 0 folders.
[2022.08.04-20.30.17:445][  0]LogLoad: (Engine Initialization) Total time: 17.82 seconds
[2022.08.04-20.30.17:445][  0]LogLoad: (Engine Initialization) Total Blueprint compile time: 0.00 seconds
[2022.08.04-20.30.17:539][  0]LogContentStreaming: Texture pool size now 3000 MB
[2022.08.04-20.30.17:611][  1]LogAssetRegistry: Asset discovery search completed in 10.6772 seconds
[2022.08.04-20.30.17:631][  1]LogCollectionManager: Fixed up redirectors for 0 collections in 0.000006 seconds (updated 0 objects)
[2022.08.04-20.30.46:365][683]LogLinker: Warning: [AssetLog] D:\Work\Learning\ue4_shoot_them_up\ShootThemUp\Content\ExternalContent\Characters\Materials\ML_Base.uasset: Failed to load '/Game/Environment/Textures/T_Vista_Grass_N': Can't find file.
[2022.08.04-20.30.46:365][683]LogLinker: Warning: [AssetLog] D:\Work\Learning\ue4_shoot_them_up\ShootThemUp\Content\ExternalContent\Characters\Materials\ML_Base.uasset: Failed to load '/Game/Environment/Textures/T_Vista_Grass_N': Can't find file.
[2022.08.04-20.30.46:376][683]LogLinker: Warning: [AssetLog] D:\Work\Learning\ue4_shoot_them_up\ShootThemUp\Content\ExternalContent\Characters\Materials\ML_Base.uasset: Failed to load '/Game/Environment/Textures/T_Vista_Grass_N': Can't find file.
[2022.08.04-20.30.46:510][683]LogLinker: Warning: [AssetLog] D:\Work\Learning\ue4_shoot_them_up\ShootThemUp\Content\ExternalContent\Characters\Materials\ML_Rubber_dark.uasset: Failed to load '/Game/Environment/Textures/T_Vista_Grass_N': Can't find file.
[2022.08.04-20.30.46:511][683]LogLinker: Warning: [AssetLog] D:\Work\Learning\ue4_shoot_them_up\ShootThemUp\Content\ExternalContent\Characters\Materials\ML_Rubber_dark.uasset: Failed to load '/Game/Environment/Textures/T_Vista_Grass_N': Can't find file.
[2022.08.04-20.30.46:540][683]LogLinker: Warning: [AssetLog] D:\Work\Learning\ue4_shoot_them_up\ShootThemUp\Content\ExternalContent\Characters\Materials\HeroTPP.uasset: Failed to load '/Game/Environment/PhysicalMaterials/M_BodyDamage': Can't find file.
[2022.08.04-20.30.46:540][683]LogLinker: Warning: [AssetLog] D:\Work\Learning\ue4_shoot_them_up\ShootThemUp\Content\ExternalContent\Characters\Materials\HeroTPP.uasset: Failed to load '/Game/Environment/PhysicalMaterials/M_BodyDamage': Can't find file.
[2022.08.04-20.30.46:540][683]LogLinker: Warning: [AssetLog] D:\Work\Learning\ue4_shoot_them_up\ShootThemUp\Content\ExternalContent\Characters\Materials\HeroTPP.uasset: Failed to load '/Game/Environment/Textures/T_Vista_Grass_N': Can't find file.
[2022.08.04-20.30.46:562][683]LogLinker: Warning: [AssetLog] D:\Work\Learning\ue4_shoot_them_up\ShootThemUp\Content\ExternalContent\Characters\Materials\HeroTPP.uasset: Failed to load '/Game/Environment/PhysicalMaterials/M_BodyDamage': Can't find file.
[2022.08.04-20.30.46:562][683]LogLinker: Warning: [AssetLog] D:\Work\Learning\ue4_shoot_them_up\ShootThemUp\Content\ExternalContent\Characters\Materials\HeroTPP.uasset: Failed to load '/Game/Environment/Textures/T_Vista_Grass_N': Can't find file.
[2022.08.04-20.30.46:612][683]LogLinker: Warning: [AssetLog] D:\Work\Learning\ue4_shoot_them_up\ShootThemUp\Content\ExternalContent\Characters\Materials\ML_Rubber_dark.uasset: Failed to load '/Game/Environment/Textures/T_Vista_Grass_N': Can't find file.
[2022.08.04-20.30.46:613][683]LoadErrors: Failed to load /Game/Environment/Textures/T_Vista_Grass_N.T_Vista_Grass_N Referenced by MaterialExpressionTextureSample_6
[2022.08.04-20.30.46:623][683]LogLinker: Warning: [AssetLog] D:\Work\Learning\ue4_shoot_them_up\ShootThemUp\Content\ExternalContent\Characters\Materials\ML_Base.uasset: Failed to load '/Game/Environment/Textures/T_Vista_Grass_N': Can't find file.
[2022.08.04-20.30.46:623][683]LoadErrors: Failed to load /Game/Environment/Textures/T_Vista_Grass_N.T_Vista_Grass_N Referenced by MaterialExpressionTextureSample_2
[2022.08.04-20.30.46:624][683]LogLinker: Warning: [AssetLog] D:\Work\Learning\ue4_shoot_them_up\ShootThemUp\Content\ExternalContent\Characters\Materials\HeroTPP.uasset: Failed to load '/Game/Environment/PhysicalMaterials/M_BodyDamage': Can't find file.
[2022.08.04-20.30.46:624][683]LoadErrors: Failed to load /Game/Environment/PhysicalMaterials/M_BodyDamage.M_BodyDamage Referenced by HeroTPP
[2022.08.04-20.30.46:624][683]LogLinker: Warning: [AssetLog] D:\Work\Learning\ue4_shoot_them_up\ShootThemUp\Content\ExternalContent\Characters\Materials\HeroTPP.uasset: Failed to load '/Game/Environment/Textures/T_Vista_Grass_N': Can't find file.
[2022.08.04-20.30.46:624][683]LoadErrors: Failed to load /Game/Environment/Textures/T_Vista_Grass_N.T_Vista_Grass_N Referenced by HeroTPP
[2022.08.04-20.30.46:694][683]LogMaterial: Display: Missing cached shadermap for HeroTPP in PCD3D_SM5, Default, SM5 (DDC key hash: CB9E485D8C3101680235A4E641E67528D2EF04CF), compiling. 
[2022.08.04-20.30.46:707][683]LogMaterial: Warning: [AssetLog] D:\Work\Learning\ue4_shoot_them_up\ShootThemUp\Content\ExternalContent\Characters\Materials\HeroTPP.uasset: Failed to compile Material for platform PCD3D_SM5, Default Material will be used in game.
[2022.08.04-20.30.46:707][683]LogMaterial: Display: 	Function ML_Base: (Node TextureSample) Texture Sample> Missing input texture
[2022.08.04-20.30.46:707][683]LogMaterial: Display: 	Function ML_Base: (Node MakeMaterialAttributes) Error on property Normal
[2022.08.04-20.30.46:707][683]LogMaterial: Display: 	Function ML_Rubber_dark: (Node TextureSample) Texture Sample> Missing input texture
[2022.08.04-20.30.46:707][683]LogMaterial: Display: 	Function ML_Rubber_dark: (Node MakeMaterialAttributes) Error on property Normal
[2022.08.04-20.30.46:713][683]LogSkeletalMesh: Building Skeletal Mesh HeroTPP...
[2022.08.04-20.30.46:758][683]LogSkeletalMesh: Built Skeletal Mesh [0.05s] /Game/ExternalContent/Characters/HeroTPP/HeroTPP.HeroTPP
[2022.08.04-20.30.46:773][683]LogSlate: Took 0.000249 seconds to synchronously load lazily loaded font '../../../Engine/Content/Slate/Fonts/Roboto-Light.ttf' (167K)
[2022.08.04-20.30.46:807][683]LogAssetEditorSubsystem: Opening Asset editor for Blueprint /Game/Player/BP_STUBaseCharacter.BP_STUBaseCharacter
[2022.08.04-20.30.47:063][683]LogNativeClassHierarchy: Verbose: Native class hierarchy updated for 'BlueprintGraph' in 0.0008 seconds. Added 126 classes and 0 folders.
[2022.08.04-20.30.51:783][788]LogWorld: UWorld::CleanupWorld for World_0, bSessionEnded=true, bCleanupResources=true
[2022.08.04-20.30.51:784][788]LogSlate: InvalidateAllWidgets triggered.  All widgets were invalidated
[2022.08.04-20.30.51:880][788]LogAssetEditorSubsystem: Opening Asset editor for Blueprint /Game/Player/BP_STUBaseCharacter.BP_STUBaseCharacter
[2022.08.04-20.30.52:911][788]LogSlate: Took 0.008455 seconds to synchronously load lazily loaded font '../../../Engine/Content/Slate/Fonts/Roboto-BoldCondensed.ttf' (158K)
[2022.08.04-20.30.56:223][964]LogRenderer: Reallocating scene render targets to support 1160x740 Format 10 NumSamples 1 (Frame:1).
[2022.08.04-20.32.19:129][462]LogSlate: Took 0.012290 seconds to synchronously load lazily loaded font '../../../Engine/Content/Slate/Fonts/Roboto-Italic.ttf' (157K)
