Log file open, 08/04/22 23:28:07
LogWindows: Failed to load 'aqProf.dll' (GetLastError=126)
LogWindows: File 'aqProf.dll' does not exist
LogWindows: Failed to load 'VtuneApi.dll' (GetLastError=126)
LogWindows: File 'VtuneApi.dll' does not exist
LogWindows: Failed to load 'VtuneApi32e.dll' (GetLastError=126)
LogWindows: File 'VtuneApi32e.dll' does not exist
LogConsoleResponse: Display: Failed to find resolution value strings in scalability ini. Falling back to default.
LogConsoleResponse: Display: Failed to find resolution value strings in scalability ini. Falling back to default.
LogInit: Display: Running engine for game: ShootThemUp
LogPlatformFile: Not using cached read wrapper
LogTaskGraph: Started task graph with 5 named threads and 11 total threads with 3 sets of task threads.
LogStats: Stats thread started at 1.029644
LogICUInternationalization: ICU TimeZone Detection - Raw Offset: +3:00, Platform Override: ''
LogInit: Display: Loading text-based GConfig....
LogPluginManager: Mounting plugin MeshPainting
LogPluginManager: Mounting plugin XGEController
LogPluginManager: Mounting plugin Paper2D
LogPluginManager: Mounting plugin LiveLink
LogPluginManager: Mounting plugin AISupport
LogPluginManager: Mounting plugin EnvironmentQueryEditor
LogPluginManager: Mounting plugin LightPropagationVolume
LogPluginManager: Mounting plugin CameraShakePreviewer
LogPluginManager: Mounting plugin GameplayCameras
LogPluginManager: Mounting plugin OodleData
LogPluginManager: Mounting plugin OodleNetwork
LogPluginManager: Mounting plugin AnimationSharing
LogPluginManager: Mounting plugin CLionSourceCodeAccess
LogPluginManager: Mounting plugin GitSourceControl
LogPluginManager: Mounting plugin CodeLiteSourceCodeAccess
LogPluginManager: Mounting plugin KDevelopSourceCodeAccess
LogPluginManager: Mounting plugin PerforceSourceControl
LogPluginManager: Mounting plugin PixWinPlugin
LogPluginManager: Mounting plugin PlasticSourceControl
LogPluginManager: Mounting plugin NullSourceCodeAccess
LogPluginManager: Mounting plugin PluginUtils
LogPluginManager: Mounting plugin PropertyAccessNode
LogPluginManager: Mounting plugin RiderSourceCodeAccess
LogPluginManager: Mounting plugin SubversionSourceControl
LogPluginManager: Mounting plugin TextureFormatOodle
LogPluginManager: Mounting plugin UObjectPlugin
LogPluginManager: Mounting plugin VisualStudioCodeSourceCodeAccess
LogPluginManager: Mounting plugin VisualStudioSourceCodeAccess
LogPluginManager: Mounting plugin AssetManagerEditor
LogPluginManager: Mounting plugin CryptoKeys
LogPluginManager: Mounting plugin CurveEditorTools
LogPluginManager: Mounting plugin DataValidation
LogPluginManager: Mounting plugin FacialAnimation
LogPluginManager: Mounting plugin GameplayTagsEditor
LogPluginManager: Mounting plugin GeometryMode
LogPluginManager: Mounting plugin XCodeSourceCodeAccess
LogPluginManager: Mounting plugin MaterialAnalyzer
LogPluginManager: Mounting plugin MobileLauncherProfileWizard
LogPluginManager: Mounting plugin PluginBrowser
LogPluginManager: Mounting plugin MacGraphicsSwitching
LogPluginManager: Mounting plugin SpeedTreeImporter
LogPluginManager: Mounting plugin DatasmithContent
LogPluginManager: Mounting plugin VariantManagerContent
LogPluginManager: Mounting plugin Niagara
LogPluginManager: Mounting plugin AlembicImporter
LogPluginManager: Mounting plugin AutomationUtils
LogPluginManager: Mounting plugin BackChannel
LogPluginManager: Mounting plugin ChaosCloth
LogPluginManager: Mounting plugin ChaosClothEditor
LogPluginManager: Mounting plugin ChaosEditor
LogPluginManager: Mounting plugin ChaosNiagara
LogPluginManager: Mounting plugin ChaosSolverPlugin
LogPluginManager: Mounting plugin CharacterAI
LogPluginManager: Mounting plugin GeometryCache
LogPluginManager: Mounting plugin GeometryCollectionPlugin
LogPluginManager: Mounting plugin MagicLeap
LogPluginManager: Mounting plugin LuminPlatformFeatures
LogPluginManager: Mounting plugin MagicLeapLightEstimation
LogPluginManager: Mounting plugin MagicLeapMedia
LogPluginManager: Mounting plugin MagicLeapPassableWorld
LogPluginManager: Mounting plugin MLSDK
LogPluginManager: Mounting plugin GeometryProcessing
LogPluginManager: Mounting plugin MotoSynth
LogPluginManager: Mounting plugin OpenImageDenoise
LogPluginManager: Mounting plugin PlanarCut
LogPluginManager: Mounting plugin PlatformCrypto
LogPluginManager: Mounting plugin PythonScriptPlugin
LogPluginManager: Mounting plugin ProxyLODPlugin
LogPluginManager: Mounting plugin SkeletalReduction
LogPluginManager: Mounting plugin AndroidMedia
LogPluginManager: Mounting plugin AvfMedia
LogPluginManager: Mounting plugin ImgMedia
LogPluginManager: Mounting plugin MediaCompositing
LogPluginManager: Mounting plugin MediaPlayerEditor
LogPluginManager: Mounting plugin WebMMedia
LogPluginManager: Mounting plugin WmfMedia
LogPluginManager: Mounting plugin TcpMessaging
LogPluginManager: Mounting plugin UdpMessaging
LogPluginManager: Mounting plugin ActorSequence
LogPluginManager: Mounting plugin LevelSequenceEditor
LogPluginManager: Mounting plugin MatineeToLevelSequence
LogPluginManager: Mounting plugin TemplateSequence
LogPluginManager: Mounting plugin OnlineSubsystem
LogPluginManager: Mounting plugin OnlineSubsystemNull
LogPluginManager: Mounting plugin OnlineSubsystemUtils
LogPluginManager: Mounting plugin LauncherChunkInstaller
LogPluginManager: Mounting plugin ActorLayerUtilities
LogPluginManager: Mounting plugin AndroidDeviceProfileSelector
LogPluginManager: Mounting plugin AndroidPermission
LogPluginManager: Mounting plugin AppleImageUtils
LogPluginManager: Mounting plugin AndroidMoviePlayer
LogPluginManager: Mounting plugin AppleMoviePlayer
LogPluginManager: Mounting plugin ArchVisCharacter
LogPluginManager: Mounting plugin AssetTags
LogPluginManager: Mounting plugin AudioCapture
LogPluginManager: Mounting plugin CableComponent
LogPluginManager: Mounting plugin AudioSynesthesia
LogPluginManager: Mounting plugin ChunkDownloader
LogPluginManager: Mounting plugin CustomMeshComponent
LogPluginManager: Mounting plugin EditableMesh
LogPluginManager: Mounting plugin ExampleDeviceProfileSelector
LogPluginManager: Mounting plugin GoogleCloudMessaging
LogPluginManager: Mounting plugin GooglePAD
LogPluginManager: Mounting plugin IOSDeviceProfileSelector
LogPluginManager: Mounting plugin LinuxDeviceProfileSelector
LogPluginManager: Mounting plugin LocationServicesBPLibrary
LogPluginManager: Mounting plugin MobilePatchingUtils
LogPluginManager: Mounting plugin OpenXR
LogPluginManager: Mounting plugin OpenXREyeTracker
LogPluginManager: Mounting plugin OpenXRHandTracking
LogPluginManager: Mounting plugin PhysXVehicles
LogPluginManager: Mounting plugin PostSplashScreen
LogPluginManager: Mounting plugin ProceduralMeshComponent
LogPluginManager: Mounting plugin PropertyAccessEditor
LogPluginManager: Mounting plugin SignificanceManager
LogPluginManager: Mounting plugin SoundFields
LogPluginManager: Mounting plugin RuntimePhysXCooking
LogPluginManager: Mounting plugin Synthesis
LogPluginManager: Mounting plugin WebMMoviePlayer
LogPluginManager: Mounting plugin WindowsMoviePlayer
LogPluginManager: Mounting plugin ScreenshotTools
LogPluginManager: Mounting plugin Takes
LogPluginManager: Mounting plugin ContentBrowserAssetDataSource
LogPluginManager: Mounting plugin ContentBrowserClassDataSource
LogPluginManager: Mounting plugin ContentBrowserFileDataSource
LogPluginManager: Mounting plugin OnlineSubsystemGooglePlay
LogPluginManager: Mounting plugin OnlineSubsystemIOS
LogPluginManager: Mounting plugin OculusVR
LogPluginManager: Mounting plugin SteamVR
PixWinPlugin: PIX capture plugin failed to initialize! Check that the process is launched from PIX.
LogInit: Using libcurl 7.55.1-DEV
LogInit:  - built for x86_64-pc-win32
LogInit:  - supports SSL with OpenSSL/1.1.1
LogInit:  - supports HTTP deflate (compression) using libz 1.2.8
LogInit:  - other features:
LogInit:      CURL_VERSION_SSL
LogInit:      CURL_VERSION_LIBZ
LogInit:      CURL_VERSION_IPV6
LogInit:      CURL_VERSION_ASYNCHDNS
LogInit:      CURL_VERSION_LARGEFILE
LogInit:      CURL_VERSION_IDN
LogInit:  CurlRequestOptions (configurable via config and command line):
LogInit:  - bVerifyPeer = true  - Libcurl will verify peer certificate
LogInit:  - bUseHttpProxy = false  - Libcurl will NOT use HTTP proxy
LogInit:  - bDontReuseConnections = false  - Libcurl will reuse connections
LogInit:  - MaxHostConnections = 16  - Libcurl will limit the number of connections to a host
LogInit:  - LocalHostAddr = Default
LogInit:  - BufferSize = 65536
LogOnline: OSS: Creating online subsystem instance for: NULL
LogInit: WinSock: version 1.1 (2.2), MaxSocks=32767, MaxUdp=65467
LogOnline: OSS: TryLoadSubsystemAndSetDefault: Loaded subsystem for module [NULL]
LogOculusPluginWrapper: OculusPlugin initialized successfully
LogHMD: Failed initializing OVRPlugin 1.59.0
LogInit: Build: ++UE4+Release-4.27-CL-18319896
LogInit: Engine Version: 4.27.2-18319896+++UE4+Release-4.27
LogInit: Compatible Engine Version: 4.27.0-17155196+++UE4+Release-4.27
LogInit: Net CL: 17155196
LogInit: OS: Windows 10 (Release 2009) (), CPU: Intel(R) Core(TM) i3-8130U CPU @ 2.20GHz, GPU: Intel(R) UHD Graphics 620
LogInit: Compiled (64-bit): Nov 30 2021 07:12:08
LogInit: Compiled with Visual C++: 19.24.28315.00
LogInit: Build Configuration: Development
LogInit: Branch Name: ++UE4+Release-4.27
LogInit: Command Line:  -skipcompile
LogInit: Base Directory: C:/Program Files/Epic Games/UE_4.27/Engine/Binaries/Win64/
LogInit: Allocator: TBB
LogInit: Installed Engine Build: 1
LogDevObjectVersion: Number of dev versions registered: 29
LogDevObjectVersion:   Dev-Blueprints (B0D832E4-1F89-4F0D-ACCF-7EB736FD4AA2): 10
LogDevObjectVersion:   Dev-Build (E1C64328-A22C-4D53-A36C-8E866417BD8C): 0
LogDevObjectVersion:   Dev-Core (375EC13C-06E4-48FB-B500-84F0262A717E): 4
LogDevObjectVersion:   Dev-Editor (E4B068ED-F494-42E9-A231-DA0B2E46BB41): 40
LogDevObjectVersion:   Dev-Framework (CFFC743F-43B0-4480-9391-14DF171D2073): 37
LogDevObjectVersion:   Dev-Mobile (B02B49B5-BB20-44E9-A304-32B752E40360): 3
LogDevObjectVersion:   Dev-Networking (A4E4105C-59A1-49B5-A7C5-40C4547EDFEE): 0
LogDevObjectVersion:   Dev-Online (39C831C9-5AE6-47DC-9A44-9C173E1C8E7C): 0
LogDevObjectVersion:   Dev-Physics (78F01B33-EBEA-4F98-B9B4-84EACCB95AA2): 14
LogDevObjectVersion:   Dev-Platform (6631380F-2D4D-43E0-8009-CF276956A95A): 0
LogDevObjectVersion:   Dev-Rendering (12F88B9F-8875-4AFC-A67C-D90C383ABD29): 45
LogDevObjectVersion:   Dev-Sequencer (7B5AE74C-D270-4C10-A958-57980B212A5A): 13
LogDevObjectVersion:   Dev-VR (D7296918-1DD6-4BDD-9DE2-64A83CC13884): 3
LogDevObjectVersion:   Dev-LoadTimes (C2A15278-BFE7-4AFE-6C17-90FF531DF755): 1
LogDevObjectVersion:   Private-Geometry (6EACA3D4-40EC-4CC1-B786-8BED09428FC5): 3
LogDevObjectVersion:   Dev-AnimPhys (29E575DD-E0A3-4627-9D10-D276232CDCEA): 17
LogDevObjectVersion:   Dev-Anim (AF43A65D-7FD3-4947-9873-3E8ED9C1BB05): 15
LogDevObjectVersion:   Dev-ReflectionCapture (6B266CEC-1EC7-4B8F-A30B-E4D90942FC07): 1
LogDevObjectVersion:   Dev-Automation (0DF73D61-A23F-47EA-B727-89E90C41499A): 1
LogDevObjectVersion:   FortniteMain (601D1886-AC64-4F84-AA16-D3DE0DEAC7D6): 47
LogDevObjectVersion:   FortniteRelease (E7086368-6B23-4C58-8439-1B7016265E91): 1
LogDevObjectVersion:   Dev-Enterprise (9DFFBCD6-494F-0158-E221-12823C92A888): 10
LogDevObjectVersion:   Dev-Niagara (F2AED0AC-9AFE-416F-8664-AA7FFA26D6FC): 1
LogDevObjectVersion:   Dev-Destruction (174F1F0B-B4C6-45A5-B13F-2EE8D0FB917D): 10
LogDevObjectVersion:   Dev-Physics-Ext (35F94A83-E258-406C-A318-09F59610247C): 41
LogDevObjectVersion:   Dev-PhysicsMaterial-Chaos (B68FC16E-8B1B-42E2-B453-215C058844FE): 1
LogDevObjectVersion:   Dev-CineCamera (B2E18506-4273-CFC2-A54E-F4BB758BBA07): 1
LogDevObjectVersion:   Dev-VirtualProduction (64F58936-FD1B-42BA-BA96-7289D5D0FA4E): 1
LogDevObjectVersion:   Dev-MediaFramework (6F0ED827-A609-4895-9C91-998D90180EA4): 2
LogInit: Presizing for max 25165824 objects, including 0 objects not considered by GC, pre-allocating 0 bytes for permanent pool.
LogConfig: Applying CVar settings from Section [/Script/Engine.StreamingSettings] File [D:/Work/Learning/ue4_shoot_them_up/ShootThemUp/Saved/Config/Windows/Engine.ini]
LogConfig: Setting CVar [[s.MinBulkDataSizeForAsyncLoading:131072]]
LogConfig: Setting CVar [[s.AsyncLoadingThreadEnabled:0]]
LogConfig: Setting CVar [[s.EventDrivenLoaderEnabled:1]]
LogConfig: Setting CVar [[s.WarnIfTimeLimitExceeded:0]]
LogConfig: Setting CVar [[s.TimeLimitExceededMultiplier:1.5]]
LogConfig: Setting CVar [[s.TimeLimitExceededMinTime:0.005]]
LogConfig: Setting CVar [[s.UseBackgroundLevelStreaming:1]]
LogConfig: Setting CVar [[s.PriorityAsyncLoadingExtraTime:15.0]]
LogConfig: Setting CVar [[s.LevelStreamingActorsUpdateTimeLimit:5.0]]
LogConfig: Setting CVar [[s.PriorityLevelStreamingActorsUpdateExtraTime:5.0]]
LogConfig: Setting CVar [[s.LevelStreamingComponentsRegistrationGranularity:10]]
LogConfig: Setting CVar [[s.UnregisterComponentsTimeLimit:1.0]]
LogConfig: Setting CVar [[s.LevelStreamingComponentsUnregistrationGranularity:5]]
LogConfig: Setting CVar [[s.FlushStreamingOnExit:1]]
LogInit: Object subsystem initialized
LogConfig: Setting CVar [[con.DebugEarlyDefault:1]]
LogConfig: Setting CVar [[r.setres:1280x720]]
[2022.08.04-20.28.08:793][  0]LogConfig: Setting CVar [[r.VSync:0]]
[2022.08.04-20.28.08:793][  0]LogConfig: Setting CVar [[r.RHICmdBypass:0]]
[2022.08.04-20.28.08:793][  0]LogConfig: Applying CVar settings from Section [/Script/Engine.RendererSettings] File [D:/Work/Learning/ue4_shoot_them_up/ShootThemUp/Saved/Config/Windows/Engine.ini]
[2022.08.04-20.28.08:793][  0]LogConfig: Setting CVar [[r.GPUCrashDebugging:0]]
[2022.08.04-20.28.08:793][  0]LogConfig: Applying CVar settings from Section [/Script/Engine.RendererOverrideSettings] File [D:/Work/Learning/ue4_shoot_them_up/ShootThemUp/Saved/Config/Windows/Engine.ini]
[2022.08.04-20.28.08:793][  0]LogConfig: Applying CVar settings from Section [/Script/Engine.StreamingSettings] File [D:/Work/Learning/ue4_shoot_them_up/ShootThemUp/Saved/Config/Windows/Engine.ini]
[2022.08.04-20.28.08:793][  0]LogConfig: Setting CVar [[s.MinBulkDataSizeForAsyncLoading:131072]]
[2022.08.04-20.28.08:793][  0]LogConfig: Setting CVar [[s.AsyncLoadingThreadEnabled:0]]
[2022.08.04-20.28.08:793][  0]LogConfig: Setting CVar [[s.EventDrivenLoaderEnabled:1]]
[2022.08.04-20.28.08:793][  0]LogConfig: Setting CVar [[s.WarnIfTimeLimitExceeded:0]]
[2022.08.04-20.28.08:793][  0]LogConfig: Setting CVar [[s.TimeLimitExceededMultiplier:1.5]]
[2022.08.04-20.28.08:793][  0]LogConfig: Setting CVar [[s.TimeLimitExceededMinTime:0.005]]
[2022.08.04-20.28.08:793][  0]LogConfig: Setting CVar [[s.UseBackgroundLevelStreaming:1]]
[2022.08.04-20.28.08:793][  0]LogConfig: Setting CVar [[s.PriorityAsyncLoadingExtraTime:15.0]]
[2022.08.04-20.28.08:793][  0]LogConfig: Setting CVar [[s.LevelStreamingActorsUpdateTimeLimit:5.0]]
[2022.08.04-20.28.08:793][  0]LogConfig: Setting CVar [[s.PriorityLevelStreamingActorsUpdateExtraTime:5.0]]
[2022.08.04-20.28.08:793][  0]LogConfig: Setting CVar [[s.LevelStreamingComponentsRegistrationGranularity:10]]
[2022.08.04-20.28.08:794][  0]LogConfig: Setting CVar [[s.UnregisterComponentsTimeLimit:1.0]]
[2022.08.04-20.28.08:794][  0]LogConfig: Setting CVar [[s.LevelStreamingComponentsUnregistrationGranularity:5]]
[2022.08.04-20.28.08:794][  0]LogConfig: Setting CVar [[s.FlushStreamingOnExit:1]]
[2022.08.04-20.28.08:794][  0]LogConfig: Applying CVar settings from Section [/Script/Engine.GarbageCollectionSettings] File [D:/Work/Learning/ue4_shoot_them_up/ShootThemUp/Saved/Config/Windows/Engine.ini]
[2022.08.04-20.28.08:794][  0]LogConfig: Setting CVar [[gc.MaxObjectsNotConsideredByGC:1]]
[2022.08.04-20.28.08:794][  0]LogConfig: Setting CVar [[gc.SizeOfPermanentObjectPool:0]]
[2022.08.04-20.28.08:794][  0]LogConfig: Setting CVar [[gc.FlushStreamingOnGC:0]]
[2022.08.04-20.28.08:794][  0]LogConfig: Setting CVar [[gc.NumRetriesBeforeForcingGC:10]]
[2022.08.04-20.28.08:794][  0]LogConfig: Setting CVar [[gc.AllowParallelGC:1]]
[2022.08.04-20.28.08:794][  0]LogConfig: Setting CVar [[gc.TimeBetweenPurgingPendingKillObjects:61.1]]
[2022.08.04-20.28.08:794][  0]LogConfig: Setting CVar [[gc.MaxObjectsInEditor:25165824]]
[2022.08.04-20.28.08:794][  0]LogConfig: Setting CVar [[gc.IncrementalBeginDestroyEnabled:1]]
[2022.08.04-20.28.08:794][  0]LogConfig: Setting CVar [[gc.CreateGCClusters:1]]
[2022.08.04-20.28.08:794][  0]LogConfig: Setting CVar [[gc.MinGCClusterSize:5]]
[2022.08.04-20.28.08:794][  0]LogConfig: Setting CVar [[gc.ActorClusteringEnabled:0]]
[2022.08.04-20.28.08:794][  0]LogConfig: Setting CVar [[gc.BlueprintClusteringEnabled:0]]
[2022.08.04-20.28.08:794][  0]LogConfig: Setting CVar [[gc.UseDisregardForGCOnDedicatedServers:0]]
[2022.08.04-20.28.08:794][  0]LogConfig: Setting CVar [[gc.MultithreadedDestructionEnabled:1]]
[2022.08.04-20.28.08:794][  0]LogConfig: Applying CVar settings from Section [/Script/Engine.NetworkSettings] File [D:/Work/Learning/ue4_shoot_them_up/ShootThemUp/Saved/Config/Windows/Engine.ini]
[2022.08.04-20.28.08:794][  0]LogConfig: Applying CVar settings from Section [/Script/UnrealEd.CookerSettings] File [D:/Work/Learning/ue4_shoot_them_up/ShootThemUp/Saved/Config/Windows/Engine.ini]
[2022.08.04-20.28.08:807][  0]LogConfig: Applying CVar settings from Section [ViewDistanceQuality@3] File [D:/Work/Learning/ue4_shoot_them_up/ShootThemUp/Saved/Config/Windows/Scalability.ini]
[2022.08.04-20.28.08:807][  0]LogConfig: Setting CVar [[r.SkeletalMeshLODBias:0]]
[2022.08.04-20.28.08:807][  0]LogConfig: Setting CVar [[r.ViewDistanceScale:1.0]]
[2022.08.04-20.28.08:807][  0]LogConfig: Applying CVar settings from Section [AntiAliasingQuality@3] File [D:/Work/Learning/ue4_shoot_them_up/ShootThemUp/Saved/Config/Windows/Scalability.ini]
[2022.08.04-20.28.08:807][  0]LogConfig: Setting CVar [[r.PostProcessAAQuality:4]]
[2022.08.04-20.28.08:807][  0]LogConfig: Applying CVar settings from Section [ShadowQuality@3] File [D:/Work/Learning/ue4_shoot_them_up/ShootThemUp/Saved/Config/Windows/Scalability.ini]
[2022.08.04-20.28.08:807][  0]LogConfig: Setting CVar [[r.LightFunctionQuality:1]]
[2022.08.04-20.28.08:807][  0]LogConfig: Setting CVar [[r.ShadowQuality:5]]
[2022.08.04-20.28.08:807][  0]LogConfig: Setting CVar [[r.Shadow.CSM.MaxCascades:10]]
[2022.08.04-20.28.08:807][  0]LogConfig: Setting CVar [[r.Shadow.MaxResolution:2048]]
[2022.08.04-20.28.08:807][  0]LogConfig: Setting CVar [[r.Shadow.MaxCSMResolution:2048]]
[2022.08.04-20.28.08:807][  0]LogConfig: Setting CVar [[r.Shadow.RadiusThreshold:0.01]]
[2022.08.04-20.28.08:807][  0]LogConfig: Setting CVar [[r.Shadow.DistanceScale:1.0]]
[2022.08.04-20.28.08:807][  0]LogConfig: Setting CVar [[r.Shadow.CSM.TransitionScale:1.0]]
[2022.08.04-20.28.08:807][  0]LogConfig: Setting CVar [[r.Shadow.PreShadowResolutionFactor:1.0]]
[2022.08.04-20.28.08:807][  0]LogConfig: Setting CVar [[r.DistanceFieldShadowing:1]]
[2022.08.04-20.28.08:808][  0]LogConfig: Setting CVar [[r.DistanceFieldAO:1]]
[2022.08.04-20.28.08:808][  0]LogConfig: Setting CVar [[r.AOQuality:2]]
[2022.08.04-20.28.08:808][  0]LogConfig: Setting CVar [[r.VolumetricFog:1]]
[2022.08.04-20.28.08:808][  0]LogConfig: Setting CVar [[r.VolumetricFog.GridPixelSize:8]]
[2022.08.04-20.28.08:808][  0]LogConfig: Setting CVar [[r.VolumetricFog.GridSizeZ:128]]
[2022.08.04-20.28.08:808][  0]LogConfig: Setting CVar [[r.VolumetricFog.HistoryMissSupersampleCount:4]]
[2022.08.04-20.28.08:808][  0]LogConfig: Setting CVar [[r.LightMaxDrawDistanceScale:1]]
[2022.08.04-20.28.08:808][  0]LogConfig: Setting CVar [[r.CapsuleShadows:1]]
[2022.08.04-20.28.08:808][  0]LogConfig: Applying CVar settings from Section [PostProcessQuality@3] File [D:/Work/Learning/ue4_shoot_them_up/ShootThemUp/Saved/Config/Windows/Scalability.ini]
[2022.08.04-20.28.08:808][  0]LogConfig: Setting CVar [[r.MotionBlurQuality:4]]
[2022.08.04-20.28.08:808][  0]LogConfig: Setting CVar [[r.AmbientOcclusionMipLevelFactor:0.4]]
[2022.08.04-20.28.08:808][  0]LogConfig: Setting CVar [[r.AmbientOcclusionMaxQuality:100]]
[2022.08.04-20.28.08:808][  0]LogConfig: Setting CVar [[r.AmbientOcclusionLevels:-1]]
[2022.08.04-20.28.08:808][  0]LogConfig: Setting CVar [[r.AmbientOcclusionRadiusScale:1.0]]
[2022.08.04-20.28.08:808][  0]LogConfig: Setting CVar [[r.DepthOfFieldQuality:2]]
[2022.08.04-20.28.08:808][  0]LogConfig: Setting CVar [[r.RenderTargetPoolMin:400]]
[2022.08.04-20.28.08:808][  0]LogConfig: Setting CVar [[r.LensFlareQuality:2]]
[2022.08.04-20.28.08:808][  0]LogConfig: Setting CVar [[r.SceneColorFringeQuality:1]]
[2022.08.04-20.28.08:808][  0]LogConfig: Setting CVar [[r.EyeAdaptationQuality:2]]
[2022.08.04-20.28.08:808][  0]LogConfig: Setting CVar [[r.BloomQuality:5]]
[2022.08.04-20.28.08:808][  0]LogConfig: Setting CVar [[r.FastBlurThreshold:100]]
[2022.08.04-20.28.08:808][  0]LogConfig: Setting CVar [[r.Upscale.Quality:3]]
[2022.08.04-20.28.08:808][  0]LogConfig: Setting CVar [[r.Tonemapper.GrainQuantization:1]]
[2022.08.04-20.28.08:808][  0]LogConfig: Setting CVar [[r.LightShaftQuality:1]]
[2022.08.04-20.28.08:808][  0]LogConfig: Setting CVar [[r.Filter.SizeScale:1]]
[2022.08.04-20.28.08:808][  0]LogConfig: Setting CVar [[r.Tonemapper.Quality:5]]
[2022.08.04-20.28.08:808][  0]LogConfig: Setting CVar [[r.DOF.Gather.AccumulatorQuality:1        ; higher gathering accumulator quality]]
[2022.08.04-20.28.08:808][  0]LogConfig: Setting CVar [[r.DOF.Gather.PostfilterMethod:1          ; Median3x3 postfilering method]]
[2022.08.04-20.28.08:808][  0]LogConfig: Setting CVar [[r.DOF.Gather.EnableBokehSettings:0       ; no bokeh simulation when gathering]]
[2022.08.04-20.28.08:808][  0]LogConfig: Setting CVar [[r.DOF.Gather.RingCount:4                 ; medium number of samples when gathering]]
[2022.08.04-20.28.08:808][  0]LogConfig: Setting CVar [[r.DOF.Scatter.ForegroundCompositing:1    ; additive foreground scattering]]
[2022.08.04-20.28.08:808][  0]LogConfig: Setting CVar [[r.DOF.Scatter.BackgroundCompositing:2    ; additive background scattering]]
[2022.08.04-20.28.08:808][  0]LogConfig: Setting CVar [[r.DOF.Scatter.EnableBokehSettings:1      ; bokeh simulation when scattering]]
[2022.08.04-20.28.08:808][  0]LogConfig: Setting CVar [[r.DOF.Scatter.MaxSpriteRatio:0.1         ; only a maximum of 10% of scattered bokeh]]
[2022.08.04-20.28.08:808][  0]LogConfig: Setting CVar [[r.DOF.Recombine.Quality:1                ; cheap slight out of focus]]
[2022.08.04-20.28.08:808][  0]LogConfig: Setting CVar [[r.DOF.Recombine.EnableBokehSettings:0    ; no bokeh simulation on slight out of focus]]
[2022.08.04-20.28.08:808][  0]LogConfig: Setting CVar [[r.DOF.TemporalAAQuality:1                ; more stable temporal accumulation]]
[2022.08.04-20.28.08:808][  0]LogConfig: Setting CVar [[r.DOF.Kernel.MaxForegroundRadius:0.025]]
[2022.08.04-20.28.08:808][  0]LogConfig: Setting CVar [[r.DOF.Kernel.MaxBackgroundRadius:0.025]]
[2022.08.04-20.28.08:808][  0]LogConfig: Applying CVar settings from Section [TextureQuality@3] File [D:/Work/Learning/ue4_shoot_them_up/ShootThemUp/Saved/Config/Windows/Scalability.ini]
[2022.08.04-20.28.08:808][  0]LogConfig: Setting CVar [[r.Streaming.MipBias:0]]
[2022.08.04-20.28.08:808][  0]LogConfig: Setting CVar [[r.Streaming.AmortizeCPUToGPUCopy:0]]
[2022.08.04-20.28.08:808][  0]LogConfig: Setting CVar [[r.Streaming.MaxNumTexturesToStreamPerFrame:0]]
[2022.08.04-20.28.08:808][  0]LogConfig: Setting CVar [[r.Streaming.Boost:1]]
[2022.08.04-20.28.08:808][  0]LogConfig: Setting CVar [[r.MaxAnisotropy:8]]
[2022.08.04-20.28.08:808][  0]LogConfig: Setting CVar [[r.VT.MaxAnisotropy:8]]
[2022.08.04-20.28.08:808][  0]LogConfig: Setting CVar [[r.Streaming.LimitPoolSizeToVRAM:0]]
[2022.08.04-20.28.08:808][  0]LogConfig: Setting CVar [[r.Streaming.PoolSize:1000]]
[2022.08.04-20.28.08:808][  0]LogConfig: Setting CVar [[r.Streaming.MaxEffectiveScreenSize:0]]
[2022.08.04-20.28.08:808][  0]LogConfig: Applying CVar settings from Section [EffectsQuality@3] File [D:/Work/Learning/ue4_shoot_them_up/ShootThemUp/Saved/Config/Windows/Scalability.ini]
[2022.08.04-20.28.08:808][  0]LogConfig: Setting CVar [[r.TranslucencyLightingVolumeDim:64]]
[2022.08.04-20.28.08:808][  0]LogConfig: Setting CVar [[r.RefractionQuality:2]]
[2022.08.04-20.28.08:808][  0]LogConfig: Setting CVar [[r.SSR.Quality:3]]
[2022.08.04-20.28.08:808][  0]LogConfig: Setting CVar [[r.SSR.HalfResSceneColor:0]]
[2022.08.04-20.28.08:808][  0]LogConfig: Setting CVar [[r.SceneColorFormat:4]]
[2022.08.04-20.28.08:808][  0]LogConfig: Setting CVar [[r.DetailMode:2]]
[2022.08.04-20.28.08:808][  0]LogConfig: Setting CVar [[r.TranslucencyVolumeBlur:1]]
[2022.08.04-20.28.08:808][  0]LogConfig: Setting CVar [[r.MaterialQualityLevel:1 ; High quality]]
[2022.08.04-20.28.08:808][  0]LogConfig: Setting CVar [[r.AnisotropicMaterials:1]]
[2022.08.04-20.28.08:808][  0]LogConfig: Setting CVar [[r.SSS.Scale:1]]
[2022.08.04-20.28.08:808][  0]LogConfig: Setting CVar [[r.SSS.SampleSet:2]]
[2022.08.04-20.28.08:808][  0]LogConfig: Setting CVar [[r.SSS.Quality:1]]
[2022.08.04-20.28.08:808][  0]LogConfig: Setting CVar [[r.SSS.HalfRes:0]]
[2022.08.04-20.28.08:808][  0]LogConfig: Setting CVar [[r.SSGI.Quality:3]]
[2022.08.04-20.28.08:808][  0]LogConfig: Setting CVar [[r.EmitterSpawnRateScale:1.0]]
[2022.08.04-20.28.08:808][  0]LogConfig: Setting CVar [[r.ParticleLightQuality:2]]
[2022.08.04-20.28.08:808][  0]LogConfig: Setting CVar [[r.SkyAtmosphere.AerialPerspectiveLUT.FastApplyOnOpaque:1 ; Always have FastSkyLUT 1 in this case to avoid wrong sky]]
[2022.08.04-20.28.08:808][  0]LogConfig: Setting CVar [[r.SkyAtmosphere.AerialPerspectiveLUT.SampleCountMaxPerSlice:4]]
[2022.08.04-20.28.08:808][  0]LogConfig: Setting CVar [[r.SkyAtmosphere.AerialPerspectiveLUT.DepthResolution:16.0]]
[2022.08.04-20.28.08:808][  0]LogConfig: Setting CVar [[r.SkyAtmosphere.FastSkyLUT:1]]
[2022.08.04-20.28.08:808][  0]LogConfig: Setting CVar [[r.SkyAtmosphere.FastSkyLUT.SampleCountMin:4.0]]
[2022.08.04-20.28.08:808][  0]LogConfig: Setting CVar [[r.SkyAtmosphere.FastSkyLUT.SampleCountMax:128.0]]
[2022.08.04-20.28.08:808][  0]LogConfig: Setting CVar [[r.SkyAtmosphere.SampleCountMin:4.0]]
[2022.08.04-20.28.08:808][  0]LogConfig: Setting CVar [[r.SkyAtmosphere.SampleCountMax:128.0]]
[2022.08.04-20.28.08:808][  0]LogConfig: Setting CVar [[r.SkyAtmosphere.TransmittanceLUT.UseSmallFormat:0]]
[2022.08.04-20.28.08:808][  0]LogConfig: Setting CVar [[r.SkyAtmosphere.TransmittanceLUT.SampleCount:10.0]]
[2022.08.04-20.28.08:809][  0]LogConfig: Setting CVar [[r.SkyAtmosphere.MultiScatteringLUT.SampleCount:15.0]]
[2022.08.04-20.28.08:809][  0]LogConfig: Setting CVar [[r.SkyLight.RealTimeReflectionCapture:1]]
[2022.08.04-20.28.08:809][  0]LogConfig: Applying CVar settings from Section [FoliageQuality@3] File [D:/Work/Learning/ue4_shoot_them_up/ShootThemUp/Saved/Config/Windows/Scalability.ini]
[2022.08.04-20.28.08:809][  0]LogConfig: Setting CVar [[foliage.DensityScale:1.0]]
[2022.08.04-20.28.08:809][  0]LogConfig: Setting CVar [[grass.DensityScale:1.0]]
[2022.08.04-20.28.08:809][  0]LogConfig: Applying CVar settings from Section [ShadingQuality@3] File [D:/Work/Learning/ue4_shoot_them_up/ShootThemUp/Saved/Config/Windows/Scalability.ini]
[2022.08.04-20.28.08:809][  0]LogConfig: Setting CVar [[r.HairStrands.SkyLighting.IntegrationType:2]]
[2022.08.04-20.28.08:809][  0]LogConfig: Setting CVar [[r.HairStrands.SkyAO.SampleCount:4]]
[2022.08.04-20.28.08:809][  0]LogConfig: Setting CVar [[r.HairStrands.Visibility.MSAA.SamplePerPixel:4]]
[2022.08.04-20.28.08:809][  0]LogInit: Selected Device Profile: [Windows]
[2022.08.04-20.28.08:809][  0]LogInit: Applying CVar settings loaded from the selected device profile: [Windows]
[2022.08.04-20.28.08:810][  0]LogHAL: Display: Platform has ~ 8 GB [8459096064 / 8589934592 / 8], which maps to Default [LargestMinGB=32, LargerMinGB=12, DefaultMinGB=8, SmallerMinGB=6, SmallestMinGB=0)
[2022.08.04-20.28.08:810][  0]LogInit: Going up to parent DeviceProfile []
[2022.08.04-20.28.08:810][  0]LogConfig: Applying CVar settings from Section [ViewDistanceQuality@Cine] File [D:/Work/Learning/ue4_shoot_them_up/ShootThemUp/Saved/Config/Windows/Scalability.ini]
[2022.08.04-20.28.08:810][  0]LogConfig: Setting CVar [[r.SkeletalMeshLODBias:0]]
[2022.08.04-20.28.08:810][  0]LogConfig: Setting CVar [[r.ViewDistanceScale:10.0]]
[2022.08.04-20.28.08:810][  0]LogConfig: Applying CVar settings from Section [AntiAliasingQuality@1] File [D:/Work/Learning/ue4_shoot_them_up/ShootThemUp/Saved/Config/Windows/Scalability.ini]
[2022.08.04-20.28.08:810][  0]LogConfig: Setting CVar [[r.PostProcessAAQuality:2]]
[2022.08.04-20.28.08:810][  0]LogConfig: Applying CVar settings from Section [ShadowQuality@3] File [D:/Work/Learning/ue4_shoot_them_up/ShootThemUp/Saved/Config/Windows/Scalability.ini]
[2022.08.04-20.28.08:810][  0]LogConfig: Setting CVar [[r.LightFunctionQuality:1]]
[2022.08.04-20.28.08:810][  0]LogConfig: Setting CVar [[r.ShadowQuality:5]]
[2022.08.04-20.28.08:810][  0]LogConfig: Setting CVar [[r.Shadow.CSM.MaxCascades:10]]
[2022.08.04-20.28.08:810][  0]LogConfig: Setting CVar [[r.Shadow.MaxResolution:2048]]
[2022.08.04-20.28.08:810][  0]LogConfig: Setting CVar [[r.Shadow.MaxCSMResolution:2048]]
[2022.08.04-20.28.08:810][  0]LogConfig: Setting CVar [[r.Shadow.RadiusThreshold:0.01]]
[2022.08.04-20.28.08:810][  0]LogConfig: Setting CVar [[r.Shadow.DistanceScale:1.0]]
[2022.08.04-20.28.08:810][  0]LogConfig: Setting CVar [[r.Shadow.CSM.TransitionScale:1.0]]
[2022.08.04-20.28.08:810][  0]LogConfig: Setting CVar [[r.Shadow.PreShadowResolutionFactor:1.0]]
[2022.08.04-20.28.08:810][  0]LogConfig: Setting CVar [[r.DistanceFieldShadowing:1]]
[2022.08.04-20.28.08:810][  0]LogConfig: Setting CVar [[r.DistanceFieldAO:1]]
[2022.08.04-20.28.08:810][  0]LogConfig: Setting CVar [[r.AOQuality:2]]
[2022.08.04-20.28.08:810][  0]LogConfig: Setting CVar [[r.VolumetricFog:1]]
[2022.08.04-20.28.08:810][  0]LogConfig: Setting CVar [[r.VolumetricFog.GridPixelSize:8]]
[2022.08.04-20.28.08:811][  0]LogConfig: Setting CVar [[r.VolumetricFog.GridSizeZ:128]]
[2022.08.04-20.28.08:811][  0]LogConfig: Setting CVar [[r.VolumetricFog.HistoryMissSupersampleCount:4]]
[2022.08.04-20.28.08:811][  0]LogConfig: Setting CVar [[r.LightMaxDrawDistanceScale:1]]
[2022.08.04-20.28.08:811][  0]LogConfig: Setting CVar [[r.CapsuleShadows:1]]
[2022.08.04-20.28.08:811][  0]LogConfig: Applying CVar settings from Section [PostProcessQuality@0] File [D:/Work/Learning/ue4_shoot_them_up/ShootThemUp/Saved/Config/Windows/Scalability.ini]
[2022.08.04-20.28.08:811][  0]LogConfig: Setting CVar [[r.MotionBlurQuality:0]]
[2022.08.04-20.28.08:811][  0]LogConfig: Setting CVar [[r.AmbientOcclusionMipLevelFactor:1.0]]
[2022.08.04-20.28.08:811][  0]LogConfig: Setting CVar [[r.AmbientOcclusionMaxQuality:0]]
[2022.08.04-20.28.08:811][  0]LogConfig: Setting CVar [[r.AmbientOcclusionLevels:0]]
[2022.08.04-20.28.08:811][  0]LogConfig: Setting CVar [[r.AmbientOcclusionRadiusScale:1.2]]
[2022.08.04-20.28.08:811][  0]LogConfig: Setting CVar [[r.DepthOfFieldQuality:0]]
[2022.08.04-20.28.08:811][  0]LogConfig: Setting CVar [[r.RenderTargetPoolMin:300]]
[2022.08.04-20.28.08:811][  0]LogConfig: Setting CVar [[r.LensFlareQuality:0]]
[2022.08.04-20.28.08:811][  0]LogConfig: Setting CVar [[r.SceneColorFringeQuality:0]]
[2022.08.04-20.28.08:811][  0]LogConfig: Setting CVar [[r.EyeAdaptationQuality:2]]
[2022.08.04-20.28.08:811][  0]LogConfig: Setting CVar [[r.BloomQuality:4]]
[2022.08.04-20.28.08:811][  0]LogConfig: Setting CVar [[r.FastBlurThreshold:0]]
[2022.08.04-20.28.08:811][  0]LogConfig: Setting CVar [[r.Upscale.Quality:1]]
[2022.08.04-20.28.08:811][  0]LogConfig: Setting CVar [[r.Tonemapper.GrainQuantization:0]]
[2022.08.04-20.28.08:811][  0]LogConfig: Setting CVar [[r.LightShaftQuality:0]]
[2022.08.04-20.28.08:811][  0]LogConfig: Setting CVar [[r.Filter.SizeScale:0.6]]
[2022.08.04-20.28.08:811][  0]LogConfig: Setting CVar [[r.Tonemapper.Quality:0]]
[2022.08.04-20.28.08:811][  0]LogConfig: Applying CVar settings from Section [TextureQuality@Cine] File [D:/Work/Learning/ue4_shoot_them_up/ShootThemUp/Saved/Config/Windows/Scalability.ini]
[2022.08.04-20.28.08:811][  0]LogConfig: Setting CVar [[r.Streaming.MipBias:0]]
[2022.08.04-20.28.08:811][  0]LogConfig: Setting CVar [[r.Streaming.AmortizeCPUToGPUCopy:0]]
[2022.08.04-20.28.08:811][  0]LogConfig: Setting CVar [[r.Streaming.MaxNumTexturesToStreamPerFrame:0]]
[2022.08.04-20.28.08:811][  0]LogConfig: Setting CVar [[r.Streaming.Boost:1]]
[2022.08.04-20.28.08:811][  0]LogConfig: Setting CVar [[r.MaxAnisotropy:8]]
[2022.08.04-20.28.08:811][  0]LogConfig: Setting CVar [[r.VT.MaxAnisotropy:8]]
[2022.08.04-20.28.08:811][  0]LogConfig: Setting CVar [[r.Streaming.LimitPoolSizeToVRAM:0]]
[2022.08.04-20.28.08:811][  0]LogConfig: Setting CVar [[r.Streaming.PoolSize:3000]]
[2022.08.04-20.28.08:811][  0]LogConfig: Setting CVar [[r.Streaming.MaxEffectiveScreenSize:0]]
[2022.08.04-20.28.08:811][  0]LogConfig: Applying CVar settings from Section [EffectsQuality@Cine] File [D:/Work/Learning/ue4_shoot_them_up/ShootThemUp/Saved/Config/Windows/Scalability.ini]
[2022.08.04-20.28.08:811][  0]LogConfig: Setting CVar [[r.TranslucencyLightingVolumeDim:64]]
[2022.08.04-20.28.08:811][  0]LogConfig: Setting CVar [[r.RefractionQuality:2]]
[2022.08.04-20.28.08:811][  0]LogConfig: Setting CVar [[r.SSR.Quality:4]]
[2022.08.04-20.28.08:811][  0]LogConfig: Setting CVar [[r.SSR.HalfResSceneColor:0]]
[2022.08.04-20.28.08:811][  0]LogConfig: Setting CVar [[r.SceneColorFormat:4]]
[2022.08.04-20.28.08:811][  0]LogConfig: Setting CVar [[r.DetailMode:2]]
[2022.08.04-20.28.08:811][  0]LogConfig: Setting CVar [[r.TranslucencyVolumeBlur:1]]
[2022.08.04-20.28.08:811][  0]LogConfig: Setting CVar [[r.MaterialQualityLevel:1 ; High quality]]
[2022.08.04-20.28.08:811][  0]LogConfig: Setting CVar [[r.AnisotropicMaterials:1]]
[2022.08.04-20.28.08:811][  0]LogConfig: Setting CVar [[r.SSS.Scale:1]]
[2022.08.04-20.28.08:811][  0]LogConfig: Setting CVar [[r.SSS.SampleSet:2]]
[2022.08.04-20.28.08:811][  0]LogConfig: Setting CVar [[r.SSS.Quality:1]]
[2022.08.04-20.28.08:811][  0]LogConfig: Setting CVar [[r.SSS.HalfRes:0]]
[2022.08.04-20.28.08:811][  0]LogConfig: Setting CVar [[r.SSGI.Quality:4]]
[2022.08.04-20.28.08:811][  0]LogConfig: Setting CVar [[r.EmitterSpawnRateScale:1.0]]
[2022.08.04-20.28.08:811][  0]LogConfig: Setting CVar [[r.ParticleLightQuality:2]]
[2022.08.04-20.28.08:811][  0]LogConfig: Setting CVar [[r.SkyAtmosphere.AerialPerspectiveLUT.FastApplyOnOpaque:0]]
[2022.08.04-20.28.08:811][  0]LogConfig: Setting CVar [[r.SkyAtmosphere.AerialPerspectiveLUT.SampleCountMaxPerSlice:8]]
[2022.08.04-20.28.08:811][  0]LogConfig: Setting CVar [[r.SkyAtmosphere.AerialPerspectiveLUT.DepthResolution:32.0]]
[2022.08.04-20.28.08:811][  0]LogConfig: Setting CVar [[r.SkyAtmosphere.FastSkyLUT:0]]
[2022.08.04-20.28.08:811][  0]LogConfig: Setting CVar [[r.SkyAtmosphere.FastSkyLUT.SampleCountMin:4.0]]
[2022.08.04-20.28.08:811][  0]LogConfig: Setting CVar [[r.SkyAtmosphere.FastSkyLUT.SampleCountMax:256.0]]
[2022.08.04-20.28.08:811][  0]LogConfig: Setting CVar [[r.SkyAtmosphere.SampleCountMin:8.0]]
[2022.08.04-20.28.08:811][  0]LogConfig: Setting CVar [[r.SkyAtmosphere.SampleCountMax:256.0]]
[2022.08.04-20.28.08:811][  0]LogConfig: Setting CVar [[r.SkyAtmosphere.TransmittanceLUT.UseSmallFormat:0]]
[2022.08.04-20.28.08:811][  0]LogConfig: Setting CVar [[r.SkyAtmosphere.TransmittanceLUT.SampleCount:30.0]]
[2022.08.04-20.28.08:811][  0]LogConfig: Setting CVar [[r.SkyAtmosphere.MultiScatteringLUT.SampleCount:20.0]]
[2022.08.04-20.28.08:811][  0]LogConfig: Setting CVar [[r.SkyLight.RealTimeReflectionCapture:1]]
[2022.08.04-20.28.08:811][  0]LogConfig: Applying CVar settings from Section [FoliageQuality@Cine] File [D:/Work/Learning/ue4_shoot_them_up/ShootThemUp/Saved/Config/Windows/Scalability.ini]
[2022.08.04-20.28.08:811][  0]LogConfig: Setting CVar [[foliage.DensityScale:1.0]]
[2022.08.04-20.28.08:811][  0]LogConfig: Setting CVar [[grass.DensityScale:1.0]]
[2022.08.04-20.28.08:812][  0]LogConfig: Applying CVar settings from Section [ShadingQuality@Cine] File [D:/Work/Learning/ue4_shoot_them_up/ShootThemUp/Saved/Config/Windows/Scalability.ini]
[2022.08.04-20.28.08:812][  0]LogConfig: Setting CVar [[r.HairStrands.SkyLighting.IntegrationType:0]]
[2022.08.04-20.28.08:812][  0]LogConfig: Setting CVar [[r.HairStrands.SkyAO.SampleCount:8]]
[2022.08.04-20.28.08:812][  0]LogConfig: Setting CVar [[r.HairStrands.Visibility.MSAA.SamplePerPixel:8]]
[2022.08.04-20.28.08:812][  0]LogConfig: Applying CVar settings from Section [Startup] File [../../../Engine/Config/ConsoleVariables.ini]
[2022.08.04-20.28.08:813][  0]LogConfig: Setting CVar [[net.UseAdaptiveNetUpdateFrequency:0]]
[2022.08.04-20.28.08:813][  0]LogConfig: Setting CVar [[p.chaos.AllowCreatePhysxBodies:1]]
[2022.08.04-20.28.08:813][  0]LogConfig: Setting CVar [[fx.SkipVectorVMBackendOptimizations:1]]
[2022.08.04-20.28.08:813][  0]LogConfig: Applying CVar settings from Section [ConsoleVariables] File [D:/Work/Learning/ue4_shoot_them_up/ShootThemUp/Saved/Config/Windows/Engine.ini]
[2022.08.04-20.28.08:813][  0]LogConfig: Applying CVar settings from Section [ConsoleVariables] File [D:/Work/Learning/ue4_shoot_them_up/ShootThemUp/Saved/Config/Windows/Editor.ini]
[2022.08.04-20.28.08:814][  0]LogInit: Computer: KUBIK
[2022.08.04-20.28.08:814][  0]LogInit: User: kubik
[2022.08.04-20.28.08:814][  0]LogInit: CPU Page size=4096, Cores=2
[2022.08.04-20.28.08:814][  0]LogInit: High frequency timer resolution =10.000000 MHz
[2022.08.04-20.28.08:814][  0]LogMemory: Memory total: Physical=7.9GB (8GB approx)
[2022.08.04-20.28.08:814][  0]LogMemory: Platform Memory Stats for Windows
[2022.08.04-20.28.08:814][  0]LogMemory: Process Physical Memory: 136.61 MB used, 136.61 MB peak
[2022.08.04-20.28.08:814][  0]LogMemory: Process Virtual Memory: 113.87 MB used, 113.87 MB peak
[2022.08.04-20.28.08:814][  0]LogMemory: Physical Memory: 6945.23 MB used,  1121.99 MB free, 8067.22 MB total
[2022.08.04-20.28.08:814][  0]LogMemory: Virtual Memory: 134213368.00 MB used,  4363.12 MB free, 134217728.00 MB total
[2022.08.04-20.28.08:820][  0]LogWindows: WindowsPlatformFeatures enabled
[2022.08.04-20.28.08:934][  0]LogInit: Physics initialised using underlying interface: PhysX
[2022.08.04-20.28.08:937][  0]LogInit: Using OS detected language (en-US).
[2022.08.04-20.28.08:937][  0]LogInit: Using OS detected locale (en-US).
[2022.08.04-20.28.08:961][  0]LogTextLocalizationManager: No specific localization for 'en-US' exists, so the 'en' localization will be used.
[2022.08.04-20.28.09:418][  0]LogInit: Setting process to per monitor DPI aware
[2022.08.04-20.28.09:459][  0]LogWindowsTextInputMethodSystem: Display: IME system deactivated.
[2022.08.04-20.28.09:544][  0]LogSlate: New Slate User Created.  User Index 0, Is Virtual User: 0
[2022.08.04-20.28.09:544][  0]LogSlate: Slate User Registered.  User Index 0, Is Virtual User: 0
[2022.08.04-20.28.12:078][  0]LogD3D11RHI: Loaded GFSDK_Aftermath_Lib.x64.dll
[2022.08.04-20.28.12:136][  0]LogHMD: Failed to initialize OpenVR with code 110
[2022.08.04-20.28.12:136][  0]LogD3D11RHI: D3D11 min allowed feature level: 11_0
[2022.08.04-20.28.12:136][  0]LogD3D11RHI: D3D11 max allowed feature level: 11_0
[2022.08.04-20.28.12:136][  0]LogD3D11RHI: D3D11 adapters:
[2022.08.04-20.28.12:354][  0]LogD3D11RHI:    0. 'NVIDIA GeForce MX150' (Feature Level 11_0)
[2022.08.04-20.28.12:355][  0]LogD3D11RHI:       1983/0/4033 MB DedicatedVideo/DedicatedSystem/SharedSystem, Outputs:1, VendorId:0x10de
[2022.08.04-20.28.12:376][  0]LogD3D11RHI:    1. 'Intel(R) UHD Graphics 620' (Feature Level 11_0)
[2022.08.04-20.28.12:376][  0]LogD3D11RHI:       128/0/4033 MB DedicatedVideo/DedicatedSystem/SharedSystem, Outputs:0, VendorId:0x8086
[2022.08.04-20.28.12:382][  0]LogD3D11RHI:    2. 'Microsoft Basic Render Driver' (Feature Level 11_0)
[2022.08.04-20.28.12:382][  0]LogD3D11RHI:       0/0/4033 MB DedicatedVideo/DedicatedSystem/SharedSystem, Outputs:0, VendorId:0x1414
[2022.08.04-20.28.12:382][  0]LogD3D11RHI: Chosen D3D11 Adapter:
[2022.08.04-20.28.12:382][  0]LogD3D11RHI:     Description : NVIDIA GeForce MX150
[2022.08.04-20.28.12:382][  0]LogD3D11RHI:     VendorId    : 10de
[2022.08.04-20.28.12:382][  0]LogD3D11RHI:     DeviceId    : 1d10
[2022.08.04-20.28.12:382][  0]LogD3D11RHI:     SubSysId    : 39b017aa
[2022.08.04-20.28.12:382][  0]LogD3D11RHI:     Revision    : 00a1
[2022.08.04-20.28.12:382][  0]LogD3D11RHI:     DedicatedVideoMemory : 2080038912 bytes
[2022.08.04-20.28.12:382][  0]LogD3D11RHI:     DedicatedSystemMemory : 0 bytes
[2022.08.04-20.28.12:382][  0]LogD3D11RHI:     SharedSystemMemory : 4229548032 bytes
[2022.08.04-20.28.12:382][  0]LogD3D11RHI:     AdapterLuid : 0 62584
[2022.08.04-20.28.12:390][  0]LogD3D11RHI: Creating new Direct3DDevice
[2022.08.04-20.28.12:390][  0]LogD3D11RHI:     GPU DeviceId: 0x1d10 (for the marketing name, search the web for "GPU Device Id")
[2022.08.04-20.28.12:390][  0]LogWindows: EnumDisplayDevices:
[2022.08.04-20.28.12:392][  0]LogWindows:    0. 'Intel(R) UHD Graphics 620' (P:1 D:1)
[2022.08.04-20.28.12:393][  0]LogWindows:    1. 'Intel(R) UHD Graphics 620' (P:0 D:0)
[2022.08.04-20.28.12:393][  0]LogWindows:    2. 'Intel(R) UHD Graphics 620' (P:0 D:0)
[2022.08.04-20.28.12:393][  0]LogWindows: DebugString: PrimaryIsNotTheChoosenAdapter PrimaryIsNotTheChoosenAdapter PrimaryIsNotTheChoosenAdapter FoundDriverCount:0 
[2022.08.04-20.28.12:393][  0]LogD3D11RHI:     Adapter Name: NVIDIA GeForce MX150
[2022.08.04-20.28.12:393][  0]LogD3D11RHI:   Driver Version: Unknown (internal:Unknown, unified:Unknown)
[2022.08.04-20.28.12:393][  0]LogD3D11RHI:      Driver Date: Unknown
[2022.08.04-20.28.12:393][  0]LogRHI: Texture pool is 1388 MB (70% of 1983 MB)
[2022.08.04-20.28.12:393][  0]LogD3D11RHI: Creating D3DDevice using adapter:
[2022.08.04-20.28.12:393][  0]LogD3D11RHI:     Description : NVIDIA GeForce MX150
[2022.08.04-20.28.12:393][  0]LogD3D11RHI:     VendorId    : 10de
[2022.08.04-20.28.12:393][  0]LogD3D11RHI:     DeviceId    : 1d10
[2022.08.04-20.28.12:393][  0]LogD3D11RHI:     SubSysId    : 39b017aa
[2022.08.04-20.28.12:393][  0]LogD3D11RHI:     Revision    : 00a1
[2022.08.04-20.28.12:393][  0]LogD3D11RHI:     DedicatedVideoMemory : 2080038912 bytes
[2022.08.04-20.28.12:393][  0]LogD3D11RHI:     DedicatedSystemMemory : 0 bytes
[2022.08.04-20.28.12:393][  0]LogD3D11RHI:     SharedSystemMemory : 4229548032 bytes
[2022.08.04-20.28.12:393][  0]LogD3D11RHI:     AdapterLuid : 0 62584
[2022.08.04-20.28.12:484][  0]LogD3D11RHI: RHI has support for 64 bit atomics
[2022.08.04-20.28.12:487][  0]LogD3D11RHI: Async texture creation enabled
[2022.08.04-20.28.12:487][  0]LogD3D11RHI: Array index from any shader is supported
[2022.08.04-20.28.12:541][  0]LogD3D11RHI: GPU Timing Frequency: 1000.000000 (Debug: 2 1)
[2022.08.04-20.28.12:602][  0]LogRHI: GeForceNow SDK initialized: 1
[2022.08.04-20.28.13:067][  0]LogTargetPlatformManager: Display: Loaded TargetPlatform 'AllDesktop'
[2022.08.04-20.28.13:105][  0]LogTargetPlatformManager: Display: Loaded TargetPlatform 'Android'
[2022.08.04-20.28.13:105][  0]LogTargetPlatformManager: Display: Loaded TargetPlatform 'Android_ASTC'
[2022.08.04-20.28.13:105][  0]LogTargetPlatformManager: Display: Loaded TargetPlatform 'Android_DXT'
[2022.08.04-20.28.13:105][  0]LogTargetPlatformManager: Display: Loaded TargetPlatform 'Android_ETC2'
[2022.08.04-20.28.13:105][  0]LogTargetPlatformManager: Display: Loaded TargetPlatform 'AndroidClient'
[2022.08.04-20.28.13:105][  0]LogTargetPlatformManager: Display: Loaded TargetPlatform 'Android_ASTCClient'
[2022.08.04-20.28.13:105][  0]LogTargetPlatformManager: Display: Loaded TargetPlatform 'Android_DXTClient'
[2022.08.04-20.28.13:105][  0]LogTargetPlatformManager: Display: Loaded TargetPlatform 'Android_ETC2Client'
[2022.08.04-20.28.13:105][  0]LogTargetPlatformManager: Display: Loaded TargetPlatform 'Android_Multi'
[2022.08.04-20.28.13:105][  0]LogTargetPlatformManager: Display: Loaded TargetPlatform 'Android_MultiClient'
[2022.08.04-20.28.13:140][  0]LogTargetPlatformManager: Display: Loaded TargetPlatform 'IOSClient'
[2022.08.04-20.28.13:140][  0]LogTargetPlatformManager: Display: Loaded TargetPlatform 'IOS'
[2022.08.04-20.28.13:159][  0]LogTargetPlatformManager: Display: Loaded TargetPlatform 'Linux'
[2022.08.04-20.28.13:166][  0]LogTargetPlatformManager: Display: Loaded TargetPlatform 'LinuxNoEditor'
[2022.08.04-20.28.13:171][  0]LogTargetPlatformManager: Display: Loaded TargetPlatform 'LinuxClient'
[2022.08.04-20.28.13:177][  0]LogTargetPlatformManager: Display: Loaded TargetPlatform 'LinuxServer'
[2022.08.04-20.28.13:190][  0]LogTargetPlatformManager: Display: Loaded TargetPlatform 'LinuxAArch64NoEditor'
[2022.08.04-20.28.13:196][  0]LogTargetPlatformManager: Display: Loaded TargetPlatform 'LinuxAArch64Client'
[2022.08.04-20.28.13:201][  0]LogTargetPlatformManager: Display: Loaded TargetPlatform 'LinuxAArch64Server'
[2022.08.04-20.28.13:233][  0]LogTargetPlatformManager: Display: Loaded TargetPlatform 'Lumin'
[2022.08.04-20.28.13:233][  0]LogTargetPlatformManager: Display: Loaded TargetPlatform 'LuminClient'
[2022.08.04-20.28.13:245][  0]LogTargetPlatformManager: Display: Loaded TargetPlatform 'MacNoEditor'
[2022.08.04-20.28.13:258][  0]LogTargetPlatformManager: Display: Loaded TargetPlatform 'Mac'
[2022.08.04-20.28.13:268][  0]LogTargetPlatformManager: Display: Loaded TargetPlatform 'MacClient'
[2022.08.04-20.28.13:276][  0]LogTargetPlatformManager: Display: Loaded TargetPlatform 'MacServer'
[2022.08.04-20.28.13:292][  0]LogTargetPlatformManager: Display: Loaded TargetPlatform 'TVOSClient'
[2022.08.04-20.28.13:293][  0]LogTargetPlatformManager: Display: Loaded TargetPlatform 'TVOS'
[2022.08.04-20.28.13:309][  0]LogTargetPlatformManager: Display: Loaded TargetPlatform 'WindowsNoEditor'
[2022.08.04-20.28.13:317][  0]LogTargetPlatformManager: Display: Loaded TargetPlatform 'Windows'
[2022.08.04-20.28.13:324][  0]LogTargetPlatformManager: Display: Loaded TargetPlatform 'WindowsClient'
[2022.08.04-20.28.13:332][  0]LogTargetPlatformManager: Display: Loaded TargetPlatform 'WindowsServer'
[2022.08.04-20.28.13:332][  0]LogTargetPlatformManager: Display: Building Assets For Windows
[2022.08.04-20.28.13:347][  0]LogAudioDebug: Display: Lib vorbis DLL was dynamically loaded.
[2022.08.04-20.28.13:413][  0]LogTextureFormatOodle: Display: Oodle Texture 2.9.0 init RDO Off
[2022.08.04-20.28.13:511][  0]LogRendererCore: Ray tracing is disabled. Reason: r.RayTracing=0.
[2022.08.04-20.28.13:513][  0]LogShaderCompilers: Guid format shader working directory is -1 characters bigger than the processId version (D:/Work/Learning/ue4_shoot_them_up/ShootThemUp/Intermediate/Shaders/WorkingDirectory/13516/).
[2022.08.04-20.28.13:514][  0]LogShaderCompilers: Cleaned the shader compiler working directory 'C:/Users/kubik/AppData/Local/Temp/UnrealShaderWorkingDir/0885B3BF4AA130BDB4E9B0952FC1F09B/'.
[2022.08.04-20.28.13:516][  0]LogXGEController: Cannot use XGE Controller as Incredibuild is not installed on this machine.
[2022.08.04-20.28.13:516][  0]LogShaderCompilers: Cannot use XGE Shader Compiler as Incredibuild is not installed on this machine.
[2022.08.04-20.28.13:516][  0]LogShaderCompilers: Display: Using Local Shader Compiler.
[2022.08.04-20.28.17:390][  0]LogDerivedDataCache: Display: Max Cache Size: 512 MB
[2022.08.04-20.28.17:688][  0]LogDerivedDataCache: Loaded boot cache 0.30s 115MB C:/Users/kubik/AppData/Local/UnrealEngine/4.27/DerivedDataCache/Boot.ddc.
[2022.08.04-20.28.17:688][  0]LogDerivedDataCache: Display: Loaded Boot cache: C:/Users/kubik/AppData/Local/UnrealEngine/4.27/DerivedDataCache/Boot.ddc
[2022.08.04-20.28.17:688][  0]LogDerivedDataCache: FDerivedDataBackendGraph:  Pak pak cache file D:/Work/Learning/ue4_shoot_them_up/ShootThemUp/DerivedDataCache/DDC.ddp not found, will not use a pak cache.
[2022.08.04-20.28.17:688][  0]LogDerivedDataCache: Unable to find inner node Pak for hierarchical cache Hierarchy.
[2022.08.04-20.28.17:688][  0]LogDerivedDataCache: FDerivedDataBackendGraph:  CompressedPak pak cache file D:/Work/Learning/ue4_shoot_them_up/ShootThemUp/DerivedDataCache/Compressed.ddp not found, will not use a pak cache.
[2022.08.04-20.28.17:688][  0]LogDerivedDataCache: Unable to find inner node CompressedPak for hierarchical cache Hierarchy.
[2022.08.04-20.28.17:736][  0]LogDerivedDataCache: Display: Pak cache opened for reading ../../../Engine/DerivedDataCache/Compressed.ddp.
[2022.08.04-20.28.17:736][  0]LogDerivedDataCache: FDerivedDataBackendGraph:  EnterprisePak pak cache file ../../../Enterprise/DerivedDataCache/Compressed.ddp not found, will not use a pak cache.
[2022.08.04-20.28.17:736][  0]LogDerivedDataCache: Unable to find inner node EnterprisePak for hierarchical cache Hierarchy.
[2022.08.04-20.28.17:760][  0]LogDerivedDataCache: Speed tests for C:/Users/kubik/AppData/Local/UnrealEngine/Common/DerivedDataCache took 0.02 seconds
[2022.08.04-20.28.17:760][  0]LogDerivedDataCache: Display: Performance to C:/Users/kubik/AppData/Local/UnrealEngine/Common/DerivedDataCache: Latency=0.36ms. RandomReadSpeed=73.76MBs, RandomWriteSpeed=135.08MBs. Assigned SpeedClass 'Local'
[2022.08.04-20.28.17:761][  0]LogDerivedDataCache: Using Local data cache path C:/Users/kubik/AppData/Local/UnrealEngine/Common/DerivedDataCache: Writable
[2022.08.04-20.28.17:761][  0]LogDerivedDataCache: Shared data cache path not found in *engine.ini, will not use an Shared cache.
[2022.08.04-20.28.17:761][  0]LogDerivedDataCache: Unable to find inner node Shared for hierarchical cache Hierarchy.
[2022.08.04-20.28.17:830][  0]LogSlate: Using FreeType 2.10.0
[2022.08.04-20.28.17:853][  0]LogSlate: SlateFontServices - WITH_FREETYPE: 1, WITH_HARFBUZZ: 1
[2022.08.04-20.28.17:973][  0]LogAssetRegistry: FAssetRegistry took 0.0122 seconds to start up
[2022.08.04-20.28.18:568][  0]LogInit: Selected Device Profile: [Windows]
[2022.08.04-20.28.18:568][  0]LogInit: Active device profile: [00000207EEDB4B00][00000207ECDB3640 49] Windows
[2022.08.04-20.28.18:568][  0]LogInit: Profiles: [00000207EEDB4B00][00000207ECDB3640 49] Windows, [00000207EED72100][00000207ECDBB7C0 49] WindowsNoEditor, [00000207EEDB5900][00000207ECDBF940 49] WindowsServer, [00000207EED72E00][00000207ECDC3AC0 49] WindowsClient, [00000207EEDB7C00][00000207ECDC60C0 49] IOS, [00000207EED70F00][00000207ECDCA240 49] iPadAir, [00000207EEDB7E00][00000207ECDCE3C0 49] iPadAir2, [00000207EED24C00][00000207ECDD6680 49] IPadPro, [00000207EED24D00][00000207ECDD26C0 49] iPadAir3, [00000207EED73B00][00000207ECDDA840 49] iPadAir4, [00000207EED27600][00000207ECDDE9C0 49] iPadMini2, [00000207EED73200][00000207ECDE2B40 49] iPadMini3, [00000207EED27800][00000207ECDB6C80 49] iPadMini4, [00000207EED73800][00000207ECDE6DC0 49] iPadMini5, [00000207EED60600][00000207EF057040 49] iPhone6, [00000207EED60700][00000207ECDEB080 49] iPodTouch6, [00000207EEDB6900][00000207EF05F340 49] iPhone7, [00000207EEDB6800][00000207EF05B380 49] iPodTouch7, [00000207EED60100][00000207EF063500 49] iPhone5S, [00000207EED24700][00000207EF067680 49] iPhone6Plus, [00000207EED62500][00000207EF06B800 49] iPhone6S, [00000207EED25300][00000207EF06F980 49] iPhone6SPlus, [00000207EED63B00][00000207EF073B00 49] iPhone7Plus, [00000207EED27500][00000207EF076100 49] iPhoneSE, [00000207EEDB6600][00000207EF07A280 49] iPhone8, [00000207EED24600][00000207EF07E400 49] iPhone8Plus, [00000207EEDB6200][00000207EF082580 49] iPhoneX, [00000207EED27300][00000207EF086700 49] iPhoneXS, [00000207EEDB7400][00000207EF08A880 49] iPhoneXSMax, [00000207EED26D00][00000207EF08EA00 49] iPhoneXR, [00000207EEDB4200][00000207EF092B80 49] iPhone11, [00000207EED25E00][00000207EF096D00 49] iPhone11Pro, [00000207EEDB6A00][00000207EF052E40 49] iPhone11ProMax, [00000207EED27700][00000207EF09AF80 49] iPhoneSE2, [00000207EEDB4D00][00000207EF09F0C0 49] iPhone12Mini, [00000207EED25F00][00000207EF0A7240 49] iPhone12, [00000207EEDB4700][00000207EF0AB3C0 49] iPhone12Pro, [00000207EED25400][00000207EF0AF540 49] iPhone12ProMax, [00000207EEDB4C00][00000207EF0B36C0 49] iPadPro105, [00000207EED25700][00000207EF0B7840 49] iPadPro129, [00000207EEDB4100][00000207EF0BB9C0 49] iPadPro97, [00000207EED27C00][00000207EF0BFB40 49] iPadPro2_129, [00000207EEDB4800][00000207EF0C2140 49] iPad5, [00000207EED27100][00000207EF0C62C0 49] iPad6, [00000207EEDB4500][00000207EF0CA440 49] iPad7, [00000207EED26800][00000207EF0CE5C0 49] iPad8, [00000207EEDB5500][00000207EF0D2740 49] iPadPro11, [00000207EED25500][00000207EF0D68C0 49] iPadPro2_11, [00000207EEDB4F00][00000207EF0DAA40 49] iPadPro3_129, [00000207EED26C00][00000207EF0DEBC0 49] iPadPro4_129, [00000207EEDB6500][00000207EF0E2D40 49] AppleTV, [00000207EED25100][00000207EF0E6EC0 49] AppleTV4K, [00000207EEDB4400][00000207EF0A3000 49] TVOS, [00000207EED26600][00000207EF0EB140 49] Mac, [00000207EEDB7D00][00000207EF0EF280 49] MacClient, [00000207EED25800][00000207EF0F33C0 49] MacNoEditor, [00000207EEDB7100][00000207EF0FB540 49] MacServer, [00000207EED27900][00000207EF0FF6C0 49] Linux, [00000207EEDB4900][00000207EF103840 49] LinuxAArch64, [00000207EED27F00][00000207EF1079C0 49] LinuxNoEditor, [00000207EEDB5B00][00000207EF10BB40 49] LinuxAArch64NoEditor, [00000207EED27400][00000207EF10E140 49] LinuxClient, [00000207EEDB5C00][00000207EF1122C0 49] LinuxAArch64Client, [00000207EED25D00][00000207EF19C440 49] LinuxServer, [00000207EEDB6F00][00000207DFD4A5C0 49] LinuxAArch64Server, [00000207EED24500][00000207DFD52740 49] Android, [00000207EEDB5E00][00000207DFD568C0 49] Android_Low, [00000207EED27000][00000207DFD5EA40 49] Android_Mid, [00000207EEDB6400][00000207DFD62BC0 49] Android_High, [00000207EED24800][00000207DFD66D40 49] Android_Default, [00000207EEDB7200][00000207DFD6EEC0 49] Android_Adreno4xx, [00000207EED72400][00000207EF1E9040 49] Android_Adreno5xx_Low, [00000207EED61C00][00000207EF0F7180 49] Android_Adreno5xx, [00000207EED73D00][00000207EF1ED2C0 49] Android_Adreno6xx, [00000207EED62B00][00000207EF1F1400 49] Android_Adreno6xx_Vulkan, [00000207EED73E00][00000207EF1F5540 49] Android_Mali_T6xx, [00000207EED60F00][00000207EF1FD6C0 49] Android_Mali_T7xx, [00000207EED71300][00000207DE0C7840 49] Android_Mali_T8xx, [00000207EED61F00][00000207DE0CF9C0 49] Android_Mali_G71, [00000207EED71C00][00000207ECA17B40 49] Android_Mali_G72, [00000207EED62400][00000207ECA1A140 49] Android_Mali_G72_Vulkan, [00000207EED73600][00000207DE0D22C0 49] Android_Mali_G76, [00000207EED62100][00000207EF608440 49] Android_Mali_G76_Vulkan, [00000207EED71B00][00000207ECA1E5C0 49] Android_Mali_G77, [00000207EED60A00][00000207EAB04740 49] Android_Mali_G77_Vulkan, [00000207EED73400][00000207EAB428C0 49] Android_Mali_G78, [00000207EED61300][00000207EAB46A40 49] Android_Mali_G78_Vulkan, [00000207EED72900][00000207EA4F0BC0 49] Android_Mali_G710, [00000207EED63D00][00000207EA562D40 49] Android_Mali_G710_Vulkan, [00000207EED71E00][00000207EA566EC0 49] Android_Vulkan_SM5, [00000207EED60900][00000207EA56B040 49] Android_PowerVR_G6xxx, [00000207EED71F00][00000207ECB091C0 49] Android_PowerVR_GT7xxx, [00000207EED62700][00000207ECB0D340 49] Android_PowerVR_GE8xxx, [00000207EED72300][00000207EF1F9480 49] Android_PowerVR_GM9xxx, [00000207EED63200][00000207ECB115C0 49] Android_PowerVR_GM9xxx_Vulkan, [00000207EED73000][00000207ECB15700 49] Android_TegraK1, [00000207EED61700][00000207ECB1D880 49] Android_Unknown_Vulkan, [00000207EED73700][00000207ECB21A00 49] Lumin, [00000207EED60200][00000207ECB25B80 49] Lumin_Desktop, [00000207EED72200][00000207EAA92180 49] HoloLens, 
[2022.08.04-20.28.19:317][  0]LogMeshReduction: Using QuadricMeshReduction for automatic static mesh reduction
[2022.08.04-20.28.19:317][  0]LogMeshReduction: Using SimplygonMeshReduction for automatic skeletal mesh reduction
[2022.08.04-20.28.19:317][  0]LogMeshReduction: Using ProxyLODMeshReduction for automatic mesh merging
[2022.08.04-20.28.19:317][  0]LogMeshReduction: No distributed automatic mesh merging module available
[2022.08.04-20.28.19:319][  0]LogMeshMerging: No distributed automatic mesh merging module available
[2022.08.04-20.28.19:419][  0]LogNetVersion: ShootThemUp 1.0.0, NetCL: 17155196, EngineNetVer: 17, GameNetVer: 0 (Checksum: 1997854793)
[2022.08.04-20.28.21:598][  0]LogTexture: Default maximum texture size for cubemaps generated from long-lat sources has been changed from 512 to unlimited. In order to preserve old behaiour for '/Engine/MapTemplates/Sky/DaylightAmbientCubemap.DaylightAmbientCubemap', its maximum texture size has been explicitly set to 512.
[2022.08.04-20.28.21:800][  0]LogHMD: PokeAHoleMaterial loaded successfully
[2022.08.04-20.28.21:810][  0]LogUObjectArray: 17178 objects as part of root set at end of initial load.
[2022.08.04-20.28.21:810][  0]LogUObjectAllocator: 4302048 out of 0 bytes used by permanent object pool.
[2022.08.04-20.28.21:810][  0]LogUObjectArray: CloseDisregardForGC: 0/0 objects in disregard for GC pool
[2022.08.04-20.28.24:036][  0]LogNiagaraDebuggerClient: Niagara Debugger Client Initialized | Session: E5D8A5444C47E1A9AEB1E28895D78599 | Instance: 8377132845D311E5EFC3BDA80AD9CF62 (KUBIK-13516).
[2022.08.04-20.28.24:931][  0]LogPython: Using Python 3.7.7
[2022.08.04-20.28.26:045][  0]LogTcpMessaging: Initializing TcpMessaging bridge
[2022.08.04-20.28.26:083][  0]LogUdpMessaging: Initializing bridge on interface 0.0.0.0:0 to multicast group 230.0.0.1:6666.
[2022.08.04-20.28.27:327][  0]SourceControl: Source control is disabled
[2022.08.04-20.28.27:328][  0]SourceControl: Source control is disabled
[2022.08.04-20.28.27:381][  0]SourceControl: Source control is disabled
[2022.08.04-20.28.27:409][  0]SourceControl: Source control is disabled
[2022.08.04-20.28.27:498][  0]SourceControl: Source control is disabled
[2022.08.04-20.28.27:543][  0]LogUProjectInfo: Found projects:
[2022.08.04-20.28.29:116][  0]LogOpenImageDenoise: OIDN starting up
[2022.08.04-20.28.29:352][  0]LogAndroidPermission: UAndroidPermissionCallbackProxy::GetInstance
[2022.08.04-20.28.29:502][  0]LogAudioCaptureCore: Display: No Audio Capture implementations found. Audio input will be silent.
[2022.08.04-20.28.29:502][  0]LogAudioCaptureCore: Display: No Audio Capture implementations found. Audio input will be silent.
[2022.08.04-20.28.30:327][  0]LogCollectionManager: Loaded 0 collections in 0.002393 seconds
[2022.08.04-20.28.30:435][  0]LogFileCache: Scanning file cache for directory 'D:/Work/Learning/ue4_shoot_them_up/ShootThemUp/Saved/Collections/' took 0.00s
[2022.08.04-20.28.30:435][  0]LogFileCache: Scanning file cache for directory 'D:/Work/Learning/ue4_shoot_them_up/ShootThemUp/Content/Developers/kubik/Collections/' took 0.00s
[2022.08.04-20.28.30:435][  0]LogFileCache: Scanning file cache for directory 'D:/Work/Learning/ue4_shoot_them_up/ShootThemUp/Content/Collections/' took 0.00s
[2022.08.04-20.28.30:451][  0]LogOcInput: OculusInput pre-init called
[2022.08.04-20.28.31:232][  0]LogEngine: Initializing Engine...
[2022.08.04-20.28.31:321][  0]LogHMD: Failed to enumerate extensions. Please check that you have a valid OpenXR runtime installed.
[2022.08.04-20.28.31:323][  0]LogHMD: Failed to initialize OpenVR with code 110
[2022.08.04-20.28.31:323][  0]LogMagicLeap: Warning: VR disabled because ZI is not enabled.  To enable, in the editor, Edit -> Project Settings -> Plugins -> Magic Leap Plugin -> Enable Zero Iteration
[2022.08.04-20.28.31:330][  0]LogStats: UGameplayTagsManager::InitializeManager -  0.002 s
[2022.08.04-20.28.31:839][  0]LogInit: Initializing FReadOnlyCVARCache
[2022.08.04-20.28.31:943][  0]LogAIModule: Creating AISystem for world Untitled
[2022.08.04-20.28.31:955][  0]LogAudio: Display: Initializing Audio Device Manager...
[2022.08.04-20.28.31:986][  0]LogAudio: Display: Loading Default Audio Settings Objects...
[2022.08.04-20.28.31:995][  0]LogAudio: Display: No default SoundConcurrencyObject specified (or failed to load).
[2022.08.04-20.28.31:998][  0]LogAudio: Display: Audio Device Manager Initialized
[2022.08.04-20.28.31:998][  0]LogAudio: Display: Creating Audio Device:                 Id: 1, Scope: Shared, Realtime: True
[2022.08.04-20.28.31:999][  0]LogAudioMixer: Display: Audio Mixer Platform Settings:
[2022.08.04-20.28.32:000][  0]LogAudioMixer: Display: 	Sample Rate:						  48000
[2022.08.04-20.28.32:000][  0]LogAudioMixer: Display: 	Callback Buffer Frame Size Requested: 1024
[2022.08.04-20.28.32:000][  0]LogAudioMixer: Display: 	Callback Buffer Frame Size To Use:	  1024
[2022.08.04-20.28.32:000][  0]LogAudioMixer: Display: 	Number of buffers to queue:			  2
[2022.08.04-20.28.32:000][  0]LogAudioMixer: Display: 	Max Channels (voices):				  32
[2022.08.04-20.28.32:000][  0]LogAudioMixer: Display: 	Number of Async Source Workers:		  0
[2022.08.04-20.28.32:000][  0]LogAudio: Display: AudioDevice MaxSources: 32
[2022.08.04-20.28.32:003][  0]LogAudio: Display: Audio Spatialization Plugin: None (built-in).
[2022.08.04-20.28.32:003][  0]LogAudio: Display: Audio Reverb Plugin: None (built-in).
[2022.08.04-20.28.32:003][  0]LogAudio: Display: Audio Occlusion Plugin: None (built-in).
[2022.08.04-20.28.32:004][  0]LogAudioMixer: Display: Initializing audio mixer.
[2022.08.04-20.28.32:055][  0]LogAudioMixer: Display: 0: FrontLeft
[2022.08.04-20.28.32:055][  0]LogAudioMixer: Display: 1: FrontRight
[2022.08.04-20.28.32:108][  0]LogAudioMixer: Display: Using Audio Device Speakers (3- USB Audio Device)
[2022.08.04-20.28.32:116][  0]LogAudioMixer: Display: Initializing Sound Submixes...
[2022.08.04-20.28.32:149][  0]LogAudioMixer: Display: Creating Master Submix 'MasterSubmixDefault'
[2022.08.04-20.28.32:149][  0]LogAudioMixer: Display: Creating Master Submix 'MasterReverbSubmixDefault'
[2022.08.04-20.28.32:153][  0]LogAudioMixer: Display: Creating Master Submix 'MasterEQSubmixDefault'
[2022.08.04-20.28.32:154][  0]LogAudioMixer: FMixerPlatformXAudio2::StartAudioStream() called
[2022.08.04-20.28.32:154][  0]LogAudioMixer: Display: Output buffers initialized: Frames=1024, Channels=2, Samples=2048
[2022.08.04-20.28.32:155][  0]LogAudioMixer: Display: Starting AudioMixerPlatformInterface::RunInternal()
[2022.08.04-20.28.32:155][  0]LogAudioMixer: Display: FMixerPlatformXAudio2::SubmitBuffer() called for the first time
[2022.08.04-20.28.32:155][  0]LogInit: FAudioDevice initialized.
[2022.08.04-20.28.32:157][  0]LogAudio: Display: Audio Device (ID: 1) registered with world 'Untitled'.
[2022.08.04-20.28.32:160][  0]LogNetVersion: Set ProjectVersion to 1.0.0.0. Version Checksum will be recalculated on next use.
[2022.08.04-20.28.32:301][  0]LogDerivedDataCache: Saved boot cache 0.14s 115MB C:/Users/kubik/AppData/Local/UnrealEngine/4.27/DerivedDataCache/Boot.ddc.
[2022.08.04-20.28.32:369][  0]LogInit: Texture streaming: Enabled
[2022.08.04-20.28.32:659][  0]LogAnalytics: Display: [UEEditor.Rocket.Release] APIServer = https://datarouter.ol.epicgames.com/. AppVersion = 4.27.2-18319896+++UE4+Release-4.27
[2022.08.04-20.28.32:716][  0]LogEngineSessionManager: EngineSessionManager initialized
[2022.08.04-20.28.32:717][  0]LogEngineSessionManager: EngineSessionManager sent abnormal shutdown report. Type=AbnormalShutdown, SessionId={E1047164-4A4E-6B59-6D1A-4E83D65D0C51}
[2022.08.04-20.28.32:717][  0]LogEditorSessionSummary: Verbose: Initializing EditorSessionSummaryWriter for editor session tracking
[2022.08.04-20.28.32:722][  0]LogEditorSessionSummary: EditorSessionSummaryWriter initialized
[2022.08.04-20.28.32:825][  0]LogInit: Transaction tracking system initialized
[2022.08.04-20.28.33:031][  0]BlueprintLog: New page: Editor Load
[2022.08.04-20.28.33:572][  0]LocalizationService: Localization service is disabled
[2022.08.04-20.28.33:764][  0]TimingProfiler: Initialize
[2022.08.04-20.28.33:766][  0]TimingProfiler: OnSessionChanged
[2022.08.04-20.28.33:766][  0]LoadingProfiler: Initialize
[2022.08.04-20.28.33:766][  0]LoadingProfiler: OnSessionChanged
[2022.08.04-20.28.33:766][  0]NetworkingProfiler: Initialize
[2022.08.04-20.28.33:767][  0]NetworkingProfiler: OnSessionChanged
[2022.08.04-20.28.33:767][  0]MemoryProfiler: Initialize
[2022.08.04-20.28.33:767][  0]MemoryProfiler: OnSessionChanged
[2022.08.04-20.28.34:752][  0]LogFileCache: Scanning file cache for directory 'D:/Work/Learning/ue4_shoot_them_up/ShootThemUp/Content/' took 0.00s
[2022.08.04-20.28.34:752][  0]LogCook: Display: CookSettings for Memory: MemoryMaxUsedVirtual 0MiB, MemoryMaxUsedPhysical 16384MiB, MemoryMinFreeVirtual 0MiB, MemoryMinFreePhysical 1024MiB
[2022.08.04-20.28.34:752][  0]LogCook: Display: Mobile HDR setting 1
[2022.08.04-20.28.36:314][  0]LogInit: Display: Engine is initialized. Leaving FEngineLoop::Init()
[2022.08.04-20.28.36:327][  0]SourceControl: Source control is disabled
[2022.08.04-20.28.36:560][  0]LogSlate: Took 0.008283 seconds to synchronously load lazily loaded font '../../../Engine/Content/Slate/Fonts/Roboto-Regular.ttf' (155K)
[2022.08.04-20.29.03:803][  0]LogSlate: Window 'Restore Packages' being destroyed
[2022.08.04-20.29.03:805][  0]LogWindowsTextInputMethodSystem: Display: IME system deactivated.
[2022.08.04-20.29.03:821][  0]LogUnrealEdMisc: Loading editor; pre map load, took 59.392
[2022.08.04-20.29.03:824][  0]Cmd: MAP LOAD FILE="D:/Work/Learning/ue4_shoot_them_up/ShootThemUp/Content/Levels/TestLevel.umap" TEMPLATE=0 SHOWPROGRESS=1 FEATURELEVEL=3
[2022.08.04-20.29.03:827][  0]LightingResults: New page: Lighting Build
[2022.08.04-20.29.03:838][  0]LogWorld: UWorld::CleanupWorld for Untitled, bSessionEnded=true, bCleanupResources=true
[2022.08.04-20.29.03:841][  0]LogSlate: InvalidateAllWidgets triggered.  All widgets were invalidated
[2022.08.04-20.29.03:841][  0]MapCheck: New page: Map Check
[2022.08.04-20.29.03:841][  0]LightingResults: New page: Lighting Build
[2022.08.04-20.29.03:867][  0]LogAudio: Display: Audio Device unregistered from world 'None'.
[2022.08.04-20.29.03:889][  0]LogUObjectHash: Compacting FUObjectHashTables data took   2.07ms
[2022.08.04-20.29.04:144][  0]LogAudio: Display: Audio Device (ID: 1) registered with world 'TestLevel'.
[2022.08.04-20.29.04:147][  0]LogAIModule: Creating AISystem for world TestLevel
[2022.08.04-20.29.04:191][  0]LogEditorServer: Finished looking for orphan Actors (0.000 secs)
[2022.08.04-20.29.04:218][  0]LogUObjectHash: Compacting FUObjectHashTables data took   2.20ms
[2022.08.04-20.29.04:221][  0]Cmd: MAP CHECKDEP NOCLEARLOG
[2022.08.04-20.29.04:221][  0]MapCheck: Map check complete: 0 Error(s), 0 Warning(s), took 0.487ms to complete.
[2022.08.04-20.29.04:221][  0]LogFileHelpers: Loading map 'TestLevel' took 0.398
[2022.08.04-20.29.04:235][  0]LogUnrealEdMisc: Total Editor Startup Time, took 59.806
[2022.08.04-20.29.04:268][  0]LogWindowsTextInputMethodSystem: Display: IME system deactivated.
[2022.08.04-20.29.04:539][  0]LogSlate: Updating window title bar state: overlay mode, drag disabled, window buttons hidden, title bar hidden
[2022.08.04-20.29.04:570][  0]LogSlate: Updating window title bar state: overlay mode, drag disabled, window buttons hidden, title bar hidden
[2022.08.04-20.29.04:585][  0]LogSlate: Updating window title bar state: overlay mode, drag disabled, window buttons hidden, title bar hidden
[2022.08.04-20.29.04:599][  0]LogSlate: Updating window title bar state: overlay mode, drag disabled, window buttons hidden, title bar hidden
[2022.08.04-20.29.04:658][  0]LogNativeClassHierarchy: Verbose: Native class hierarchy populated in 0.0166 seconds. Added 3825 classes and 932 folders.
[2022.08.04-20.29.04:674][  0]LogNativeClassHierarchy: Verbose: Native class hierarchy updated for 'WidgetCarousel' in 0.0004 seconds. Added 0 classes and 0 folders.
[2022.08.04-20.29.04:707][  0]LogPakFile: PakFile PrimaryIndexSize=187
[2022.08.04-20.29.04:707][  0]LogPakFile: PakFile PathHashIndexSize=101
[2022.08.04-20.29.04:707][  0]LogPakFile: PakFile FullDirectoryIndexSize=148
[2022.08.04-20.29.04:708][  0]LogShaderLibrary: Display: ShaderCodeLibraryPakFileMountedCallback: PakFile 'C:/Program Files/Epic Games/UE_4.27/FeaturePacks/FP_FirstPerson.upack' (chunk index -1, root 'root:/') mounted
[2022.08.04-20.29.04:708][  0]LogShaderLibrary: Display: ShaderCodeLibraryPakFileMountedCallback: pending pak file info (ChunkID:-1 Root:root:/ File:C:/Program Files/Epic Games/UE_4.27/FeaturePacks/FP_FirstPerson.upack)
[2022.08.04-20.29.04:708][  0]LogPakFile: OnPakFileMounted2Time == 0.001065
[2022.08.04-20.29.04:725][  0]LogPakFile: PakFile PrimaryIndexSize=189
[2022.08.04-20.29.04:725][  0]LogPakFile: PakFile PathHashIndexSize=101
[2022.08.04-20.29.04:725][  0]LogPakFile: PakFile FullDirectoryIndexSize=152
[2022.08.04-20.29.04:725][  0]LogShaderLibrary: Display: ShaderCodeLibraryPakFileMountedCallback: PakFile 'C:/Program Files/Epic Games/UE_4.27/FeaturePacks/FP_FirstPersonBP.upack' (chunk index -1, root 'root:/') mounted
[2022.08.04-20.29.04:725][  0]LogShaderLibrary: Display: ShaderCodeLibraryPakFileMountedCallback: pending pak file info (ChunkID:-1 Root:root:/ File:C:/Program Files/Epic Games/UE_4.27/FeaturePacks/FP_FirstPersonBP.upack)
[2022.08.04-20.29.04:725][  0]LogPakFile: OnPakFileMounted2Time == 0.000480
[2022.08.04-20.29.04:737][  0]LogPakFile: PakFile PrimaryIndexSize=191
[2022.08.04-20.29.04:737][  0]LogPakFile: PakFile PathHashIndexSize=101
[2022.08.04-20.29.04:737][  0]LogPakFile: PakFile FullDirectoryIndexSize=160
[2022.08.04-20.29.04:737][  0]LogShaderLibrary: Display: ShaderCodeLibraryPakFileMountedCallback: PakFile 'C:/Program Files/Epic Games/UE_4.27/FeaturePacks/MobileStarterContent.upack' (chunk index -1, root 'root:/') mounted
[2022.08.04-20.29.04:737][  0]LogShaderLibrary: Display: ShaderCodeLibraryPakFileMountedCallback: pending pak file info (ChunkID:-1 Root:root:/ File:C:/Program Files/Epic Games/UE_4.27/FeaturePacks/MobileStarterContent.upack)
[2022.08.04-20.29.04:737][  0]LogPakFile: OnPakFileMounted2Time == 0.000067
[2022.08.04-20.29.04:747][  0]LogPakFile: PakFile PrimaryIndexSize=185
[2022.08.04-20.29.04:747][  0]LogPakFile: PakFile PathHashIndexSize=101
[2022.08.04-20.29.04:747][  0]LogPakFile: PakFile FullDirectoryIndexSize=148
[2022.08.04-20.29.04:747][  0]LogShaderLibrary: Display: ShaderCodeLibraryPakFileMountedCallback: PakFile 'C:/Program Files/Epic Games/UE_4.27/FeaturePacks/StarterContent.upack' (chunk index -1, root 'root:/') mounted
[2022.08.04-20.29.04:747][  0]LogShaderLibrary: Display: ShaderCodeLibraryPakFileMountedCallback: pending pak file info (ChunkID:-1 Root:root:/ File:C:/Program Files/Epic Games/UE_4.27/FeaturePacks/StarterContent.upack)
[2022.08.04-20.29.04:747][  0]LogPakFile: OnPakFileMounted2Time == 0.000117
[2022.08.04-20.29.04:757][  0]LogPakFile: PakFile PrimaryIndexSize=190
[2022.08.04-20.29.04:757][  0]LogPakFile: PakFile PathHashIndexSize=101
[2022.08.04-20.29.04:757][  0]LogPakFile: PakFile FullDirectoryIndexSize=154
[2022.08.04-20.29.04:757][  0]LogShaderLibrary: Display: ShaderCodeLibraryPakFileMountedCallback: PakFile 'C:/Program Files/Epic Games/UE_4.27/FeaturePacks/TP_2DSideScroller.upack' (chunk index -1, root 'root:/') mounted
[2022.08.04-20.29.04:757][  0]LogShaderLibrary: Display: ShaderCodeLibraryPakFileMountedCallback: pending pak file info (ChunkID:-1 Root:root:/ File:C:/Program Files/Epic Games/UE_4.27/FeaturePacks/TP_2DSideScroller.upack)
[2022.08.04-20.29.04:757][  0]LogPakFile: OnPakFileMounted2Time == 0.000245
[2022.08.04-20.29.04:767][  0]LogPakFile: PakFile PrimaryIndexSize=192
[2022.08.04-20.29.04:767][  0]LogPakFile: PakFile PathHashIndexSize=101
[2022.08.04-20.29.04:767][  0]LogPakFile: PakFile FullDirectoryIndexSize=158
[2022.08.04-20.29.04:767][  0]LogShaderLibrary: Display: ShaderCodeLibraryPakFileMountedCallback: PakFile 'C:/Program Files/Epic Games/UE_4.27/FeaturePacks/TP_2DSideScrollerBP.upack' (chunk index -1, root 'root:/') mounted
[2022.08.04-20.29.04:767][  0]LogShaderLibrary: Display: ShaderCodeLibraryPakFileMountedCallback: pending pak file info (ChunkID:-1 Root:root:/ File:C:/Program Files/Epic Games/UE_4.27/FeaturePacks/TP_2DSideScrollerBP.upack)
[2022.08.04-20.29.04:767][  0]LogPakFile: OnPakFileMounted2Time == 0.000067
[2022.08.04-20.29.04:778][  0]LogPakFile: PakFile PrimaryIndexSize=182
[2022.08.04-20.29.04:778][  0]LogPakFile: PakFile PathHashIndexSize=101
[2022.08.04-20.29.04:778][  0]LogPakFile: PakFile FullDirectoryIndexSize=138
[2022.08.04-20.29.04:778][  0]LogShaderLibrary: Display: ShaderCodeLibraryPakFileMountedCallback: PakFile 'C:/Program Files/Epic Games/UE_4.27/FeaturePacks/TP_Flying.upack' (chunk index -1, root 'root:/') mounted
[2022.08.04-20.29.04:778][  0]LogShaderLibrary: Display: ShaderCodeLibraryPakFileMountedCallback: pending pak file info (ChunkID:-1 Root:root:/ File:C:/Program Files/Epic Games/UE_4.27/FeaturePacks/TP_Flying.upack)
[2022.08.04-20.29.04:778][  0]LogPakFile: OnPakFileMounted2Time == 0.000156
[2022.08.04-20.29.04:792][  0]LogPakFile: PakFile PrimaryIndexSize=184
[2022.08.04-20.29.04:792][  0]LogPakFile: PakFile PathHashIndexSize=101
[2022.08.04-20.29.04:792][  0]LogPakFile: PakFile FullDirectoryIndexSize=142
[2022.08.04-20.29.04:792][  0]LogShaderLibrary: Display: ShaderCodeLibraryPakFileMountedCallback: PakFile 'C:/Program Files/Epic Games/UE_4.27/FeaturePacks/TP_FlyingBP.upack' (chunk index -1, root 'root:/') mounted
[2022.08.04-20.29.04:792][  0]LogShaderLibrary: Display: ShaderCodeLibraryPakFileMountedCallback: pending pak file info (ChunkID:-1 Root:root:/ File:C:/Program Files/Epic Games/UE_4.27/FeaturePacks/TP_FlyingBP.upack)
[2022.08.04-20.29.04:792][  0]LogPakFile: OnPakFileMounted2Time == 0.000123
[2022.08.04-20.29.04:820][  0]LogPakFile: PakFile PrimaryIndexSize=188
[2022.08.04-20.29.04:820][  0]LogPakFile: PakFile PathHashIndexSize=101
[2022.08.04-20.29.04:820][  0]LogPakFile: PakFile FullDirectoryIndexSize=150
[2022.08.04-20.29.04:820][  0]LogShaderLibrary: Display: ShaderCodeLibraryPakFileMountedCallback: PakFile 'C:/Program Files/Epic Games/UE_4.27/FeaturePacks/TP_HandheldARBP.upack' (chunk index -1, root 'root:/') mounted
[2022.08.04-20.29.04:820][  0]LogShaderLibrary: Display: ShaderCodeLibraryPakFileMountedCallback: pending pak file info (ChunkID:-1 Root:root:/ File:C:/Program Files/Epic Games/UE_4.27/FeaturePacks/TP_HandheldARBP.upack)
[2022.08.04-20.29.04:820][  0]LogPakFile: OnPakFileMounted2Time == 0.000111
[2022.08.04-20.29.04:839][  0]LogPakFile: PakFile PrimaryIndexSize=182
[2022.08.04-20.29.04:840][  0]LogPakFile: PakFile PathHashIndexSize=101
[2022.08.04-20.29.04:840][  0]LogPakFile: PakFile FullDirectoryIndexSize=138
[2022.08.04-20.29.04:840][  0]LogShaderLibrary: Display: ShaderCodeLibraryPakFileMountedCallback: PakFile 'C:/Program Files/Epic Games/UE_4.27/FeaturePacks/TP_Puzzle.upack' (chunk index -1, root 'root:/') mounted
[2022.08.04-20.29.04:840][  0]LogShaderLibrary: Display: ShaderCodeLibraryPakFileMountedCallback: pending pak file info (ChunkID:-1 Root:root:/ File:C:/Program Files/Epic Games/UE_4.27/FeaturePacks/TP_Puzzle.upack)
[2022.08.04-20.29.04:840][  0]LogPakFile: OnPakFileMounted2Time == 0.000121
[2022.08.04-20.29.04:856][  0]LogPakFile: PakFile PrimaryIndexSize=184
[2022.08.04-20.29.04:856][  0]LogPakFile: PakFile PathHashIndexSize=101
[2022.08.04-20.29.04:856][  0]LogPakFile: PakFile FullDirectoryIndexSize=142
[2022.08.04-20.29.04:856][  0]LogShaderLibrary: Display: ShaderCodeLibraryPakFileMountedCallback: PakFile 'C:/Program Files/Epic Games/UE_4.27/FeaturePacks/TP_PuzzleBP.upack' (chunk index -1, root 'root:/') mounted
[2022.08.04-20.29.04:856][  0]LogShaderLibrary: Display: ShaderCodeLibraryPakFileMountedCallback: pending pak file info (ChunkID:-1 Root:root:/ File:C:/Program Files/Epic Games/UE_4.27/FeaturePacks/TP_PuzzleBP.upack)
[2022.08.04-20.29.04:856][  0]LogPakFile: OnPakFileMounted2Time == 0.000106
[2022.08.04-20.29.04:871][  0]LogPakFile: PakFile PrimaryIndexSize=183
[2022.08.04-20.29.04:871][  0]LogPakFile: PakFile PathHashIndexSize=101
[2022.08.04-20.29.04:872][  0]LogPakFile: PakFile FullDirectoryIndexSize=140
[2022.08.04-20.29.04:872][  0]LogShaderLibrary: Display: ShaderCodeLibraryPakFileMountedCallback: PakFile 'C:/Program Files/Epic Games/UE_4.27/FeaturePacks/TP_Rolling.upack' (chunk index -1, root 'root:/') mounted
[2022.08.04-20.29.04:872][  0]LogShaderLibrary: Display: ShaderCodeLibraryPakFileMountedCallback: pending pak file info (ChunkID:-1 Root:root:/ File:C:/Program Files/Epic Games/UE_4.27/FeaturePacks/TP_Rolling.upack)
[2022.08.04-20.29.04:872][  0]LogPakFile: OnPakFileMounted2Time == 0.000124
[2022.08.04-20.29.04:885][  0]LogPakFile: PakFile PrimaryIndexSize=185
[2022.08.04-20.29.04:885][  0]LogPakFile: PakFile PathHashIndexSize=101
[2022.08.04-20.29.04:885][  0]LogPakFile: PakFile FullDirectoryIndexSize=144
[2022.08.04-20.29.04:885][  0]LogShaderLibrary: Display: ShaderCodeLibraryPakFileMountedCallback: PakFile 'C:/Program Files/Epic Games/UE_4.27/FeaturePacks/TP_RollingBP.upack' (chunk index -1, root 'root:/') mounted
[2022.08.04-20.29.04:885][  0]LogShaderLibrary: Display: ShaderCodeLibraryPakFileMountedCallback: pending pak file info (ChunkID:-1 Root:root:/ File:C:/Program Files/Epic Games/UE_4.27/FeaturePacks/TP_RollingBP.upack)
[2022.08.04-20.29.04:885][  0]LogPakFile: OnPakFileMounted2Time == 0.000127
[2022.08.04-20.29.04:900][  0]LogPakFile: PakFile PrimaryIndexSize=188
[2022.08.04-20.29.04:900][  0]LogPakFile: PakFile PathHashIndexSize=101
[2022.08.04-20.29.04:900][  0]LogPakFile: PakFile FullDirectoryIndexSize=150
[2022.08.04-20.29.04:900][  0]LogShaderLibrary: Display: ShaderCodeLibraryPakFileMountedCallback: PakFile 'C:/Program Files/Epic Games/UE_4.27/FeaturePacks/TP_SideScroller.upack' (chunk index -1, root 'root:/') mounted
[2022.08.04-20.29.04:900][  0]LogShaderLibrary: Display: ShaderCodeLibraryPakFileMountedCallback: pending pak file info (ChunkID:-1 Root:root:/ File:C:/Program Files/Epic Games/UE_4.27/FeaturePacks/TP_SideScroller.upack)
[2022.08.04-20.29.04:900][  0]LogPakFile: OnPakFileMounted2Time == 0.000134
[2022.08.04-20.29.04:913][  0]LogPakFile: PakFile PrimaryIndexSize=190
[2022.08.04-20.29.04:913][  0]LogPakFile: PakFile PathHashIndexSize=101
[2022.08.04-20.29.04:913][  0]LogPakFile: PakFile FullDirectoryIndexSize=154
[2022.08.04-20.29.04:913][  0]LogShaderLibrary: Display: ShaderCodeLibraryPakFileMountedCallback: PakFile 'C:/Program Files/Epic Games/UE_4.27/FeaturePacks/TP_SideScrollerBP.upack' (chunk index -1, root 'root:/') mounted
[2022.08.04-20.29.04:914][  0]LogShaderLibrary: Display: ShaderCodeLibraryPakFileMountedCallback: pending pak file info (ChunkID:-1 Root:root:/ File:C:/Program Files/Epic Games/UE_4.27/FeaturePacks/TP_SideScrollerBP.upack)
[2022.08.04-20.29.04:914][  0]LogPakFile: OnPakFileMounted2Time == 0.000149
[2022.08.04-20.29.04:928][  0]LogPakFile: PakFile PrimaryIndexSize=187
[2022.08.04-20.29.04:929][  0]LogPakFile: PakFile PathHashIndexSize=101
[2022.08.04-20.29.04:929][  0]LogPakFile: PakFile FullDirectoryIndexSize=148
[2022.08.04-20.29.04:929][  0]LogShaderLibrary: Display: ShaderCodeLibraryPakFileMountedCallback: PakFile 'C:/Program Files/Epic Games/UE_4.27/FeaturePacks/TP_ThirdPerson.upack' (chunk index -1, root 'root:/') mounted
[2022.08.04-20.29.04:929][  0]LogShaderLibrary: Display: ShaderCodeLibraryPakFileMountedCallback: pending pak file info (ChunkID:-1 Root:root:/ File:C:/Program Files/Epic Games/UE_4.27/FeaturePacks/TP_ThirdPerson.upack)
[2022.08.04-20.29.04:929][  0]LogPakFile: OnPakFileMounted2Time == 0.000142
[2022.08.04-20.29.04:943][  0]LogPakFile: PakFile PrimaryIndexSize=189
[2022.08.04-20.29.04:943][  0]LogPakFile: PakFile PathHashIndexSize=101
[2022.08.04-20.29.04:943][  0]LogPakFile: PakFile FullDirectoryIndexSize=152
[2022.08.04-20.29.04:943][  0]LogShaderLibrary: Display: ShaderCodeLibraryPakFileMountedCallback: PakFile 'C:/Program Files/Epic Games/UE_4.27/FeaturePacks/TP_ThirdPersonBP.upack' (chunk index -1, root 'root:/') mounted
[2022.08.04-20.29.04:943][  0]LogShaderLibrary: Display: ShaderCodeLibraryPakFileMountedCallback: pending pak file info (ChunkID:-1 Root:root:/ File:C:/Program Files/Epic Games/UE_4.27/FeaturePacks/TP_ThirdPersonBP.upack)
[2022.08.04-20.29.04:943][  0]LogPakFile: OnPakFileMounted2Time == 0.000140
[2022.08.04-20.29.04:956][  0]LogPakFile: PakFile PrimaryIndexSize=183
[2022.08.04-20.29.04:956][  0]LogPakFile: PakFile PathHashIndexSize=101
[2022.08.04-20.29.04:956][  0]LogPakFile: PakFile FullDirectoryIndexSize=140
[2022.08.04-20.29.04:956][  0]LogShaderLibrary: Display: ShaderCodeLibraryPakFileMountedCallback: PakFile 'C:/Program Files/Epic Games/UE_4.27/FeaturePacks/TP_TopDown.upack' (chunk index -1, root 'root:/') mounted
[2022.08.04-20.29.04:956][  0]LogShaderLibrary: Display: ShaderCodeLibraryPakFileMountedCallback: pending pak file info (ChunkID:-1 Root:root:/ File:C:/Program Files/Epic Games/UE_4.27/FeaturePacks/TP_TopDown.upack)
[2022.08.04-20.29.04:956][  0]LogPakFile: OnPakFileMounted2Time == 0.000088
[2022.08.04-20.29.04:967][  0]LogPakFile: PakFile PrimaryIndexSize=185
[2022.08.04-20.29.04:967][  0]LogPakFile: PakFile PathHashIndexSize=101
[2022.08.04-20.29.04:967][  0]LogPakFile: PakFile FullDirectoryIndexSize=144
[2022.08.04-20.29.04:967][  0]LogShaderLibrary: Display: ShaderCodeLibraryPakFileMountedCallback: PakFile 'C:/Program Files/Epic Games/UE_4.27/FeaturePacks/TP_TopDownBP.upack' (chunk index -1, root 'root:/') mounted
[2022.08.04-20.29.04:967][  0]LogShaderLibrary: Display: ShaderCodeLibraryPakFileMountedCallback: pending pak file info (ChunkID:-1 Root:root:/ File:C:/Program Files/Epic Games/UE_4.27/FeaturePacks/TP_TopDownBP.upack)
[2022.08.04-20.29.04:967][  0]LogPakFile: OnPakFileMounted2Time == 0.000067
[2022.08.04-20.29.04:985][  0]LogPakFile: PakFile PrimaryIndexSize=185
[2022.08.04-20.29.04:985][  0]LogPakFile: PakFile PathHashIndexSize=101
[2022.08.04-20.29.04:985][  0]LogPakFile: PakFile FullDirectoryIndexSize=144
[2022.08.04-20.29.04:985][  0]LogShaderLibrary: Display: ShaderCodeLibraryPakFileMountedCallback: PakFile 'C:/Program Files/Epic Games/UE_4.27/FeaturePacks/TP_TwinStick.upack' (chunk index -1, root 'root:/') mounted
[2022.08.04-20.29.04:985][  0]LogShaderLibrary: Display: ShaderCodeLibraryPakFileMountedCallback: pending pak file info (ChunkID:-1 Root:root:/ File:C:/Program Files/Epic Games/UE_4.27/FeaturePacks/TP_TwinStick.upack)
[2022.08.04-20.29.04:985][  0]LogPakFile: OnPakFileMounted2Time == 0.000095
[2022.08.04-20.29.04:997][  0]LogPakFile: PakFile PrimaryIndexSize=187
[2022.08.04-20.29.04:997][  0]LogPakFile: PakFile PathHashIndexSize=101
[2022.08.04-20.29.04:997][  0]LogPakFile: PakFile FullDirectoryIndexSize=148
[2022.08.04-20.29.04:997][  0]LogShaderLibrary: Display: ShaderCodeLibraryPakFileMountedCallback: PakFile 'C:/Program Files/Epic Games/UE_4.27/FeaturePacks/TP_TwinStickBP.upack' (chunk index -1, root 'root:/') mounted
[2022.08.04-20.29.04:997][  0]LogShaderLibrary: Display: ShaderCodeLibraryPakFileMountedCallback: pending pak file info (ChunkID:-1 Root:root:/ File:C:/Program Files/Epic Games/UE_4.27/FeaturePacks/TP_TwinStickBP.upack)
[2022.08.04-20.29.04:997][  0]LogPakFile: OnPakFileMounted2Time == 0.000097
[2022.08.04-20.29.05:007][  0]LogPakFile: PakFile PrimaryIndexSize=183
[2022.08.04-20.29.05:007][  0]LogPakFile: PakFile PathHashIndexSize=101
[2022.08.04-20.29.05:007][  0]LogPakFile: PakFile FullDirectoryIndexSize=140
[2022.08.04-20.29.05:007][  0]LogShaderLibrary: Display: ShaderCodeLibraryPakFileMountedCallback: PakFile 'C:/Program Files/Epic Games/UE_4.27/FeaturePacks/TP_Vehicle.upack' (chunk index -1, root 'root:/') mounted
[2022.08.04-20.29.05:007][  0]LogShaderLibrary: Display: ShaderCodeLibraryPakFileMountedCallback: pending pak file info (ChunkID:-1 Root:root:/ File:C:/Program Files/Epic Games/UE_4.27/FeaturePacks/TP_Vehicle.upack)
[2022.08.04-20.29.05:007][  0]LogPakFile: OnPakFileMounted2Time == 0.000066
[2022.08.04-20.29.05:018][  0]LogPakFile: PakFile PrimaryIndexSize=186
[2022.08.04-20.29.05:018][  0]LogPakFile: PakFile PathHashIndexSize=101
[2022.08.04-20.29.05:018][  0]LogPakFile: PakFile FullDirectoryIndexSize=146
[2022.08.04-20.29.05:018][  0]LogShaderLibrary: Display: ShaderCodeLibraryPakFileMountedCallback: PakFile 'C:/Program Files/Epic Games/UE_4.27/FeaturePacks/TP_VehicleAdv.upack' (chunk index -1, root 'root:/') mounted
[2022.08.04-20.29.05:018][  0]LogShaderLibrary: Display: ShaderCodeLibraryPakFileMountedCallback: pending pak file info (ChunkID:-1 Root:root:/ File:C:/Program Files/Epic Games/UE_4.27/FeaturePacks/TP_VehicleAdv.upack)
[2022.08.04-20.29.05:018][  0]LogPakFile: OnPakFileMounted2Time == 0.000068
[2022.08.04-20.29.05:028][  0]LogPakFile: PakFile PrimaryIndexSize=188
[2022.08.04-20.29.05:028][  0]LogPakFile: PakFile PathHashIndexSize=101
[2022.08.04-20.29.05:028][  0]LogPakFile: PakFile FullDirectoryIndexSize=150
[2022.08.04-20.29.05:029][  0]LogShaderLibrary: Display: ShaderCodeLibraryPakFileMountedCallback: PakFile 'C:/Program Files/Epic Games/UE_4.27/FeaturePacks/TP_VehicleAdvBP.upack' (chunk index -1, root 'root:/') mounted
[2022.08.04-20.29.05:029][  0]LogShaderLibrary: Display: ShaderCodeLibraryPakFileMountedCallback: pending pak file info (ChunkID:-1 Root:root:/ File:C:/Program Files/Epic Games/UE_4.27/FeaturePacks/TP_VehicleAdvBP.upack)
[2022.08.04-20.29.05:029][  0]LogPakFile: OnPakFileMounted2Time == 0.000144
[2022.08.04-20.29.05:038][  0]LogPakFile: PakFile PrimaryIndexSize=185
[2022.08.04-20.29.05:038][  0]LogPakFile: PakFile PathHashIndexSize=101
[2022.08.04-20.29.05:038][  0]LogPakFile: PakFile FullDirectoryIndexSize=144
[2022.08.04-20.29.05:038][  0]LogShaderLibrary: Display: ShaderCodeLibraryPakFileMountedCallback: PakFile 'C:/Program Files/Epic Games/UE_4.27/FeaturePacks/TP_VehicleBP.upack' (chunk index -1, root 'root:/') mounted
[2022.08.04-20.29.05:038][  0]LogShaderLibrary: Display: ShaderCodeLibraryPakFileMountedCallback: pending pak file info (ChunkID:-1 Root:root:/ File:C:/Program Files/Epic Games/UE_4.27/FeaturePacks/TP_VehicleBP.upack)
[2022.08.04-20.29.05:038][  0]LogPakFile: OnPakFileMounted2Time == 0.000078
[2022.08.04-20.29.05:049][  0]LogPakFile: PakFile PrimaryIndexSize=192
[2022.08.04-20.29.05:049][  0]LogPakFile: PakFile PathHashIndexSize=101
[2022.08.04-20.29.05:049][  0]LogPakFile: PakFile FullDirectoryIndexSize=158
[2022.08.04-20.29.05:049][  0]LogShaderLibrary: Display: ShaderCodeLibraryPakFileMountedCallback: PakFile 'C:/Program Files/Epic Games/UE_4.27/FeaturePacks/TP_VirtualRealityBP.upack' (chunk index -1, root 'root:/') mounted
[2022.08.04-20.29.05:049][  0]LogShaderLibrary: Display: ShaderCodeLibraryPakFileMountedCallback: pending pak file info (ChunkID:-1 Root:root:/ File:C:/Program Files/Epic Games/UE_4.27/FeaturePacks/TP_VirtualRealityBP.upack)
[2022.08.04-20.29.05:049][  0]LogPakFile: OnPakFileMounted2Time == 0.000067
[2022.08.04-20.29.05:543][  0]LogNativeClassHierarchy: Verbose: Native class hierarchy updated for 'AddContentDialog' in 0.0006 seconds. Added 0 classes and 0 folders.
[2022.08.04-20.29.05:564][  0]LogNativeClassHierarchy: Verbose: Native class hierarchy updated for 'SceneOutliner' in 0.0006 seconds. Added 2 classes and 0 folders.
[2022.08.04-20.29.06:156][  0]LogSlate: Took 0.029785 seconds to synchronously load lazily loaded font '../../../Engine/Content/Editor/Slate/Fonts/FontAwesome.ttf' (139K)
[2022.08.04-20.29.06:171][  0]LogSlate: Took 0.013101 seconds to synchronously load lazily loaded font '../../../Engine/Content/Slate/Fonts/Roboto-Bold.ttf' (160K)
[2022.08.04-20.29.06:685][  0]LogRenderer: Reallocating scene render targets to support 1160x600 Format 10 NumSamples 1 (Frame:1).
[2022.08.04-20.29.06:971][  0]LogSlate: Took 0.067183 seconds to synchronously load lazily loaded font '../../../Engine/Content/Slate/Fonts/Roboto-Light.ttf' (167K)
[2022.08.04-20.29.07:971][  0]LogNativeClassHierarchy: Verbose: Native class hierarchy updated for 'HierarchicalLODOutliner' in 0.0010 seconds. Added 0 classes and 0 folders.
[2022.08.04-20.29.07:997][  0]LogLoad: (Engine Initialization) Total time: 63.57 seconds
[2022.08.04-20.29.07:998][  0]LogLoad: (Engine Initialization) Total Blueprint compile time: 0.00 seconds
[2022.08.04-20.29.08:852][  0]LogContentStreaming: Texture pool size now 3000 MB
[2022.08.04-20.29.09:151][  1]LogAssetRegistry: Asset discovery search completed in 51.1793 seconds
[2022.08.04-20.29.09:219][  1]LogCollectionManager: Fixed up redirectors for 0 collections in 0.000530 seconds (updated 0 objects)
[2022.08.04-20.29.09:510][  2]LogSlate: Took 0.001643 seconds to synchronously load lazily loaded font '../../../Engine/Content/Slate/Fonts/Roboto-Light.ttf' (167K)
